#
# There is insufficient memory for the Java Runtime Environment to continue.
# Native memory allocation (malloc) failed to allocate 275856 bytes for Chunk::new
# Possible reasons:
#   The system is out of physical RAM or swap space
#   In 32 bit mode, the process size limit was hit
# Possible solutions:
#   Reduce memory load on the system
#   Increase physical memory or swap space
#   Check if swap backing store is full
#   Use 64 bit Java on a 64 bit OS
#   Decrease Java heap size (-Xmx/-Xms)
#   Decrease number of Java threads
#   Decrease Java thread stack sizes (-Xss)
#   Set larger code cache with -XX:ReservedCodeCacheSize=
# This output file may be truncated or incomplete.
#
#  Out of Memory Error (allocation.cpp:390), pid=1500, tid=0x0000000000001a28
#
# JRE version: OpenJDK Runtime Environment (8.0_152-b02) (build 1.8.0_152-release-1024-b02)
# Java VM: OpenJDK 64-Bit Server VM (25.152-b02 mixed mode windows-amd64 compressed oops)
# Failed to write core dump. Minidumps are not enabled by default on client versions of Windows
#

---------------  T H R E A D  ---------------

Current thread (0x000000001657b800):  JavaThread "C2 CompilerThread0" daemon [_thread_in_native, id=6696, stack(0x0000000017f60000,0x0000000018060000)]

Stack: [0x0000000017f60000,0x0000000018060000]
[error occurred during error reporting (printing stack bounds), id 0xc0000005]

Native frames: (J=compiled Java code, j=interpreted, Vv=VM code, C=native code)


Current CompileTask:
C2:  34016 8066       4       java.io.ObjectOutputStream::writeClassDesc (60 bytes)


---------------  P R O C E S S  ---------------

Java Threads: ( => current thread )
  0x000000001dc01000 JavaThread "Task worker for ':' Thread 3" [_thread_blocked, id=20244, stack(0x0000000024df0000,0x0000000024ef0000)]
  0x000000001dbff000 JavaThread "Task worker for ':' Thread 2" [_thread_in_native, id=16648, stack(0x0000000024cf0000,0x0000000024df0000)]
  0x000000001dc00800 JavaThread "Task worker for ':'" [_thread_blocked, id=19024, stack(0x0000000024bf0000,0x0000000024cf0000)]
  0x000000001dbfe000 JavaThread "Cache worker for Build Output Cleanup Cache (C:\Users\seohee\AndroidStudioProjects\WaitingSuttle\.gradle\buildOutputCleanup)" [_thread_blocked, id=668, stack(0x0000000024af0000,0x0000000024bf0000)]
  0x000000001dbfc800 JavaThread "Cache worker for task history cache (C:\Users\seohee\AndroidStudioProjects\WaitingSuttle\.gradle\4.4\taskHistory)" [_thread_blocked, id=13232, stack(0x00000000249f0000,0x0000000024af0000)]
  0x000000001dbfd800 JavaThread "build operations Thread 4" [_thread_blocked, id=19492, stack(0x00000000246f0000,0x00000000247f0000)]
  0x000000001dbff800 JavaThread "build operations Thread 3" [_thread_blocked, id=19736, stack(0x00000000245f0000,0x00000000246f0000)]
  0x000000001dc03800 JavaThread "build operations Thread 2" [_thread_blocked, id=17752, stack(0x00000000244f0000,0x00000000245f0000)]
  0x000000001dbf5000 JavaThread "build operations" [_thread_blocked, id=12960, stack(0x00000000243f0000,0x00000000244f0000)]
  0x000000001dbfb000 JavaThread "Cache worker for Artifact transforms cache (C:\Users\seohee\.gradle\caches\transforms-1)" [_thread_blocked, id=19236, stack(0x00000000232f0000,0x00000000233f0000)]
  0x000000001dbf6000 JavaThread "Cache worker for file hash cache (C:\Users\seohee\AndroidStudioProjects\WaitingSuttle\.gradle\4.4\fileHashes)" [_thread_blocked, id=18940, stack(0x00000000231f0000,0x00000000232f0000)]
  0x000000001dbfa800 JavaThread "Stdin handler" [_thread_blocked, id=17740, stack(0x00000000230f0000,0x00000000231f0000)]
  0x000000001dbf8000 JavaThread "Asynchronous log dispatcher for DefaultDaemonConnection: socket connection from /127.0.0.1:4548 to /127.0.0.1:4554" [_thread_blocked, id=7980, stack(0x0000000022ff0000,0x00000000230f0000)]
  0x000000001dbf4800 JavaThread "Cancel handler" [_thread_blocked, id=17716, stack(0x0000000021260000,0x0000000021360000)]
  0x000000001dbf6800 JavaThread "Handler for socket connection from /127.0.0.1:4548 to /127.0.0.1:4554" [_thread_in_native, id=14180, stack(0x0000000020b10000,0x0000000020c10000)]
  0x000000001dbf7800 JavaThread "Memory manager" [_thread_blocked, id=18512, stack(0x0000000020810000,0x0000000020910000)]
  0x0000000019316000 JavaThread "File lock request listener" [_thread_in_native, id=18956, stack(0x000000001ac10000,0x000000001ad10000)]
  0x00000000192be800 JavaThread "Cache worker for file hash cache (C:\Users\seohee\.gradle\caches\4.4\fileHashes)" [_thread_blocked, id=17892, stack(0x000000001ab10000,0x000000001ac10000)]
  0x0000000019547000 JavaThread "Daemon worker" [_thread_blocked, id=18084, stack(0x000000001a610000,0x000000001a710000)]
  0x000000001952e000 JavaThread "Daemon" [_thread_blocked, id=19172, stack(0x000000001a110000,0x000000001a210000)]
  0x0000000019481800 JavaThread "Daemon periodic checks" [_thread_blocked, id=13760, stack(0x000000001a010000,0x000000001a110000)]
  0x0000000019477800 JavaThread "Incoming local TCP Connector on port 4548" [_thread_in_native, id=4188, stack(0x0000000019e30000,0x0000000019f30000)]
  0x000000001799c800 JavaThread "Service Thread" daemon [_thread_blocked, id=19248, stack(0x0000000018260000,0x0000000018360000)]
  0x0000000017975000 JavaThread "C1 CompilerThread2" daemon [_thread_blocked, id=6600, stack(0x0000000018160000,0x0000000018260000)]
  0x00000000165cb000 JavaThread "C2 CompilerThread1" daemon [_thread_in_native, id=6236, stack(0x0000000018060000,0x0000000018160000)]
=>0x000000001657b800 JavaThread "C2 CompilerThread0" daemon [_thread_in_native, id=6696, stack(0x0000000017f60000,0x0000000018060000)]
  0x00000000165c9800 JavaThread "Attach Listener" daemon [_thread_blocked, id=17468, stack(0x0000000017e60000,0x0000000017f60000)]
  0x0000000017968800 JavaThread "Signal Dispatcher" daemon [_thread_blocked, id=68, stack(0x0000000017d60000,0x0000000017e60000)]
  0x0000000002bfc000 JavaThread "Finalizer" daemon [_thread_blocked, id=2844, stack(0x00000000177d0000,0x00000000178d0000)]
  0x0000000002bf1000 JavaThread "Reference Handler" daemon [_thread_blocked, id=16532, stack(0x00000000176d0000,0x00000000177d0000)]
  0x0000000002afd800 JavaThread "main" [_thread_blocked, id=16724, stack(0x00000000029a0000,0x0000000002aa0000)]

Other Threads:
  0x0000000016535800 VMThread [stack: 0x00000000175d0000,0x00000000176d0000] [id=6540]
  0x000000001799f000 WatcherThread [stack: 0x0000000018360000,0x0000000018460000] [id=16892]

VM state:not at safepoint (normal execution)

VM Mutex/Monitor currently owned by a thread: None

Heap:
 PSYoungGen      total 244736K, used 71688K [0x00000000e0000000, 0x00000000f1100000, 0x0000000100000000)
  eden space 219648K, 32% used [0x00000000e0000000,0x00000000e46020b8,0x00000000ed680000)
  from space 25088K, 0% used [0x00000000eee00000,0x00000000eee00000,0x00000000f0680000)
  to   space 24064K, 0% used [0x00000000ed680000,0x00000000ed680000,0x00000000eee00000)
 ParOldGen       total 144384K, used 44354K [0x00000000a0000000, 0x00000000a8d00000, 0x00000000e0000000)
  object space 144384K, 30% used [0x00000000a0000000,0x00000000a2b50ab0,0x00000000a8d00000)
 Metaspace       used 59801K, capacity 61956K, committed 62208K, reserved 1103872K
  class space    used 8080K, capacity 8651K, committed 8704K, reserved 1048576K

Card table byte_map: [0x0000000011fc0000,0x00000000122d0000] byte_map_base: 0x0000000011ac0000

Marking Bits: (ParMarkBitMap*) 0x0000000075834970
 Begin Bits: [0x00000000128d0000, 0x00000000140d0000)
 End Bits:   [0x00000000140d0000, 0x00000000158d0000)

Polling page: 0x00000000009d0000

CodeCache: size=245760Kb used=23660Kb max_used=23660Kb free=222099Kb
 bounds [0x0000000002c00000, 0x00000000043a0000, 0x0000000011c00000]
 total_blobs=7865 nmethods=7091 adapters=687
 compilation: enabled

Compilation events (10 events):
Event: 33.621 Thread 0x0000000017975000 8074       3       com.google.common.collect.AbstractMapBasedMultimap$WrappedCollection::removeIfEmpty (47 bytes)
Event: 33.621 Thread 0x0000000017975000 nmethod 8074 0x00000000030ea0d0 code [0x00000000030ea260, 0x00000000030ea6a8]
Event: 33.627 Thread 0x0000000017975000 8075       3       java.util.AbstractList::subList (31 bytes)
Event: 33.627 Thread 0x0000000017975000 nmethod 8075 0x00000000030e9990 code [0x00000000030e9b20, 0x00000000030e9f78]
Event: 33.627 Thread 0x0000000017975000 8076       3       java.util.SubList::<init> (145 bytes)
Event: 33.629 Thread 0x0000000017975000 nmethod 8076 0x000000000369ad10 code [0x000000000369b060, 0x000000000369cbd8]
Event: 33.632 Thread 0x0000000017975000 8077       1       org.gradle.internal.classloader.ConfigurableClassLoaderHierarchyHasher::access$100 (5 bytes)
Event: 33.632 Thread 0x0000000017975000 nmethod 8077 0x000000000360f250 code [0x000000000360f3a0, 0x000000000360f490]
Event: 33.633 Thread 0x0000000017975000 8078       3       com.google.common.cache.LocalCache$WeakValueReference::<init> (12 bytes)
Event: 33.634 Thread 0x0000000017975000 nmethod 8078 0x000000000369a710 code [0x000000000369a880, 0x000000000369abb0]

GC Heap History (10 events):
Event: 16.957 GC heap before
{Heap before GC invocations=11 (full 2):
 PSYoungGen      total 134144K, used 125952K [0x00000000e0000000, 0x00000000ed080000, 0x0000000100000000)
  eden space 125952K, 100% used [0x00000000e0000000,0x00000000e7b00000,0x00000000e7b00000)
  from space 8192K, 0% used [0x00000000e8780000,0x00000000e8780000,0x00000000e8f80000)
  to   space 12800K, 0% used [0x00000000e7b00000,0x00000000e7b00000,0x00000000e8780000)
 ParOldGen       total 92672K, used 16089K [0x00000000a0000000, 0x00000000a5a80000, 0x00000000e0000000)
  object space 92672K, 17% used [0x00000000a0000000,0x00000000a0fb6520,0x00000000a5a80000)
 Metaspace       used 43223K, capacity 44358K, committed 44544K, reserved 1087488K
  class space    used 5965K, capacity 6301K, committed 6400K, reserved 1048576K
Event: 16.970 GC heap after
Heap after GC invocations=11 (full 2):
 PSYoungGen      total 138752K, used 12787K [0x00000000e0000000, 0x00000000ec200000, 0x0000000100000000)
  eden space 125952K, 0% used [0x00000000e0000000,0x00000000e0000000,0x00000000e7b00000)
  from space 12800K, 99% used [0x00000000e7b00000,0x00000000e877cff8,0x00000000e8780000)
  to   space 14848K, 0% used [0x00000000eb380000,0x00000000eb380000,0x00000000ec200000)
 ParOldGen       total 92672K, used 17426K [0x00000000a0000000, 0x00000000a5a80000, 0x00000000e0000000)
  object space 92672K, 18% used [0x00000000a0000000,0x00000000a1104a48,0x00000000a5a80000)
 Metaspace       used 43223K, capacity 44358K, committed 44544K, reserved 1087488K
  class space    used 5965K, capacity 6301K, committed 6400K, reserved 1048576K
}
Event: 19.225 GC heap before
{Heap before GC invocations=12 (full 2):
 PSYoungGen      total 138752K, used 138739K [0x00000000e0000000, 0x00000000ec200000, 0x0000000100000000)
  eden space 125952K, 100% used [0x00000000e0000000,0x00000000e7b00000,0x00000000e7b00000)
  from space 12800K, 99% used [0x00000000e7b00000,0x00000000e877cff8,0x00000000e8780000)
  to   space 14848K, 0% used [0x00000000eb380000,0x00000000eb380000,0x00000000ec200000)
 ParOldGen       total 92672K, used 17426K [0x00000000a0000000, 0x00000000a5a80000, 0x00000000e0000000)
  object space 92672K, 18% used [0x00000000a0000000,0x00000000a1104a48,0x00000000a5a80000)
 Metaspace       used 53211K, capacity 54950K, committed 55296K, reserved 1097728K
  class space    used 7368K, capacity 7832K, committed 7936K, reserved 1048576K
Event: 19.256 GC heap after
Heap after GC invocations=12 (full 2):
 PSYoungGen      total 180224K, used 14845K [0x00000000e0000000, 0x00000000ec700000, 0x0000000100000000)
  eden space 165376K, 0% used [0x00000000e0000000,0x00000000e0000000,0x00000000ea180000)
  from space 14848K, 99% used [0x00000000eb380000,0x00000000ec1ff520,0x00000000ec200000)
  to   space 18432K, 0% used [0x00000000ea180000,0x00000000ea180000,0x00000000eb380000)
 ParOldGen       total 92672K, used 22556K [0x00000000a0000000, 0x00000000a5a80000, 0x00000000e0000000)
  object space 92672K, 24% used [0x00000000a0000000,0x00000000a1607058,0x00000000a5a80000)
 Metaspace       used 53211K, capacity 54950K, committed 55296K, reserved 1097728K
  class space    used 7368K, capacity 7832K, committed 7936K, reserved 1048576K
}
Event: 24.177 GC heap before
{Heap before GC invocations=13 (full 2):
 PSYoungGen      total 180224K, used 180221K [0x00000000e0000000, 0x00000000ec700000, 0x0000000100000000)
  eden space 165376K, 100% used [0x00000000e0000000,0x00000000ea180000,0x00000000ea180000)
  from space 14848K, 99% used [0x00000000eb380000,0x00000000ec1ff520,0x00000000ec200000)
  to   space 18432K, 0% used [0x00000000ea180000,0x00000000ea180000,0x00000000eb380000)
 ParOldGen       total 92672K, used 22556K [0x00000000a0000000, 0x00000000a5a80000, 0x00000000e0000000)
  object space 92672K, 24% used [0x00000000a0000000,0x00000000a1607058,0x00000000a5a80000)
 Metaspace       used 55943K, capacity 57804K, committed 57984K, reserved 1099776K
  class space    used 7691K, capacity 8197K, committed 8320K, reserved 1048576K
Event: 24.269 GC heap after
Heap after GC invocations=13 (full 2):
 PSYoungGen      total 183808K, used 18400K [0x00000000e0000000, 0x00000000f0680000, 0x0000000100000000)
  eden space 165376K, 0% used [0x00000000e0000000,0x00000000e0000000,0x00000000ea180000)
  from space 18432K, 99% used [0x00000000ea180000,0x00000000eb378230,0x00000000eb380000)
  to   space 25088K, 0% used [0x00000000eee00000,0x00000000eee00000,0x00000000f0680000)
 ParOldGen       total 92672K, used 34520K [0x00000000a0000000, 0x00000000a5a80000, 0x00000000e0000000)
  object space 92672K, 37% used [0x00000000a0000000,0x00000000a21b63f8,0x00000000a5a80000)
 Metaspace       used 55943K, capacity 57804K, committed 57984K, reserved 1099776K
  class space    used 7691K, capacity 8197K, committed 8320K, reserved 1048576K
}
Event: 24.649 GC heap before
{Heap before GC invocations=14 (full 2):
 PSYoungGen      total 183808K, used 30589K [0x00000000e0000000, 0x00000000f0680000, 0x0000000100000000)
  eden space 165376K, 7% used [0x00000000e0000000,0x00000000e0be74e8,0x00000000ea180000)
  from space 18432K, 99% used [0x00000000ea180000,0x00000000eb378230,0x00000000eb380000)
  to   space 25088K, 0% used [0x00000000eee00000,0x00000000eee00000,0x00000000f0680000)
 ParOldGen       total 92672K, used 34520K [0x00000000a0000000, 0x00000000a5a80000, 0x00000000e0000000)
  object space 92672K, 37% used [0x00000000a0000000,0x00000000a21b63f8,0x00000000a5a80000)
 Metaspace       used 56746K, capacity 58890K, committed 59028K, reserved 1099776K
  class space    used 7784K, capacity 8352K, committed 8448K, reserved 1048576K
Event: 24.679 GC heap after
Heap after GC invocations=14 (full 2):
 PSYoungGen      total 244736K, used 10143K [0x00000000e0000000, 0x00000000f1100000, 0x0000000100000000)
  eden space 219648K, 0% used [0x00000000e0000000,0x00000000e0000000,0x00000000ed680000)
  from space 25088K, 40% used [0x00000000eee00000,0x00000000ef7e7d40,0x00000000f0680000)
  to   space 24064K, 0% used [0x00000000ed680000,0x00000000ed680000,0x00000000eee00000)
 ParOldGen       total 92672K, used 44090K [0x00000000a0000000, 0x00000000a5a80000, 0x00000000e0000000)
  object space 92672K, 47% used [0x00000000a0000000,0x00000000a2b0e990,0x00000000a5a80000)
 Metaspace       used 56746K, capacity 58890K, committed 59028K, reserved 1099776K
  class space    used 7784K, capacity 8352K, committed 8448K, reserved 1048576K
}
Event: 24.679 GC heap before
{Heap before GC invocations=15 (full 3):
 PSYoungGen      total 244736K, used 10143K [0x00000000e0000000, 0x00000000f1100000, 0x0000000100000000)
  eden space 219648K, 0% used [0x00000000e0000000,0x00000000e0000000,0x00000000ed680000)
  from space 25088K, 40% used [0x00000000eee00000,0x00000000ef7e7d40,0x00000000f0680000)
  to   space 24064K, 0% used [0x00000000ed680000,0x00000000ed680000,0x00000000eee00000)
 ParOldGen       total 92672K, used 44090K [0x00000000a0000000, 0x00000000a5a80000, 0x00000000e0000000)
  object space 92672K, 47% used [0x00000000a0000000,0x00000000a2b0e990,0x00000000a5a80000)
 Metaspace       used 56746K, capacity 58890K, committed 59028K, reserved 1099776K
  class space    used 7784K, capacity 8352K, committed 8448K, reserved 1048576K
Event: 25.002 GC heap after
Heap after GC invocations=15 (full 3):
 PSYoungGen      total 244736K, used 0K [0x00000000e0000000, 0x00000000f1100000, 0x0000000100000000)
  eden space 219648K, 0% used [0x00000000e0000000,0x00000000e0000000,0x00000000ed680000)
  from space 25088K, 0% used [0x00000000eee00000,0x00000000eee00000,0x00000000f0680000)
  to   space 24064K, 0% used [0x00000000ed680000,0x00000000ed680000,0x00000000eee00000)
 ParOldGen       total 144384K, used 44354K [0x00000000a0000000, 0x00000000a8d00000, 0x00000000e0000000)
  object space 144384K, 30% used [0x00000000a0000000,0x00000000a2b50ab0,0x00000000a8d00000)
 Metaspace       used 56746K, capacity 58890K, committed 59028K, reserved 1099776K
  class space    used 7784K, capacity 8352K, committed 8448K, reserved 1048576K
}

Deoptimization events (10 events):
Event: 33.507 Thread 0x000000001dbff000 Uncommon trap: reason=class_check action=maybe_recompile pc=0x000000000401f0dc method=com.google.common.collect.AbstractIterator.tryToComputeNext()Z @ 9
Event: 33.507 Thread 0x000000001dbff000 Uncommon trap: reason=class_check action=maybe_recompile pc=0x000000000401f0dc method=com.google.common.collect.AbstractIterator.tryToComputeNext()Z @ 9
Event: 33.509 Thread 0x000000001dbff000 Uncommon trap: reason=class_check action=maybe_recompile pc=0x000000000401f0dc method=com.google.common.collect.AbstractIterator.tryToComputeNext()Z @ 9
Event: 33.510 Thread 0x000000001dbff000 Uncommon trap: reason=class_check action=maybe_recompile pc=0x000000000401f0dc method=com.google.common.collect.AbstractIterator.tryToComputeNext()Z @ 9
Event: 33.520 Thread 0x000000001dbff000 Uncommon trap: reason=class_check action=maybe_recompile pc=0x0000000004282d4c method=com.google.common.collect.AbstractMapBasedMultimap.wrapCollection(Ljava/lang/Object;Ljava/util/Collection;)Ljava/util/Collection; @ 44
Event: 33.520 Thread 0x000000001dbff000 Uncommon trap: reason=bimorphic action=maybe_recompile pc=0x00000000041b8864 method=java.util.HashMap.removeNode(ILjava/lang/Object;Ljava/lang/Object;ZZ)Ljava/util/HashMap$Node; @ 68
Event: 33.520 Thread 0x000000001dbff000 Uncommon trap: reason=class_check action=maybe_recompile pc=0x0000000004282d4c method=com.google.common.collect.AbstractMapBasedMultimap.wrapCollection(Ljava/lang/Object;Ljava/util/Collection;)Ljava/util/Collection; @ 44
Event: 33.520 Thread 0x000000001dbff000 Uncommon trap: reason=bimorphic action=maybe_recompile pc=0x00000000041b8864 method=java.util.HashMap.removeNode(ILjava/lang/Object;Ljava/lang/Object;ZZ)Ljava/util/HashMap$Node; @ 68
Event: 33.520 Thread 0x000000001dbff000 Uncommon trap: reason=class_check action=maybe_recompile pc=0x0000000004282d4c method=com.google.common.collect.AbstractMapBasedMultimap.wrapCollection(Ljava/lang/Object;Ljava/util/Collection;)Ljava/util/Collection; @ 44
Event: 33.520 Thread 0x000000001dbff000 Uncommon trap: reason=class_check action=maybe_recompile pc=0x0000000004282d4c method=com.google.common.collect.AbstractMapBasedMultimap.wrapCollection(Ljava/lang/Object;Ljava/util/Collection;)Ljava/util/Collection; @ 44

Classes redefined (0 events):
No events

Internal exceptions (10 events):
Event: 31.720 Thread 0x0000000019547000 Exception <a 'sun/nio/fs/WindowsException'> (0x00000000e22e8530) thrown at [D:\src\AOSP-openjdk-cygwin\jdk8u\hotspot\src\share\vm\prims\jni.cpp, line 709]
Event: 31.721 Thread 0x0000000019547000 Exception <a 'sun/nio/fs/WindowsException'> (0x00000000e22eb670) thrown at [D:\src\AOSP-openjdk-cygwin\jdk8u\hotspot\src\share\vm\prims\jni.cpp, line 709]
Event: 31.721 Thread 0x0000000019547000 Exception <a 'sun/nio/fs/WindowsException'> (0x00000000e22ec520) thrown at [D:\src\AOSP-openjdk-cygwin\jdk8u\hotspot\src\share\vm\prims\jni.cpp, line 709]
Event: 31.721 Thread 0x0000000019547000 Exception <a 'sun/nio/fs/WindowsException'> (0x00000000e22ee7e0) thrown at [D:\src\AOSP-openjdk-cygwin\jdk8u\hotspot\src\share\vm\prims\jni.cpp, line 709]
Event: 31.721 Thread 0x0000000019547000 Exception <a 'sun/nio/fs/WindowsException'> (0x00000000e22ef6c8) thrown at [D:\src\AOSP-openjdk-cygwin\jdk8u\hotspot\src\share\vm\prims\jni.cpp, line 709]
Event: 32.374 Thread 0x000000001dbff000 Exception <a 'java/lang/NoSuchMethodError': <clinit>> (0x00000000e334c040) thrown at [D:\src\AOSP-openjdk-cygwin\jdk8u\hotspot\src\share\vm\prims\jni.cpp, line 1613]
Event: 32.375 Thread 0x000000001dbff000 Exception <a 'java/lang/NoSuchMethodError': <clinit>> (0x00000000e3357288) thrown at [D:\src\AOSP-openjdk-cygwin\jdk8u\hotspot\src\share\vm\prims\jni.cpp, line 1613]
Event: 32.392 Thread 0x000000001dbff000 Exception <a 'java/lang/NoSuchMethodError': <clinit>> (0x00000000e33cb998) thrown at [D:\src\AOSP-openjdk-cygwin\jdk8u\hotspot\src\share\vm\prims\jni.cpp, line 1613]
Event: 32.393 Thread 0x000000001dbff000 Exception <a 'java/lang/NoSuchMethodError': <clinit>> (0x00000000e33de7a0) thrown at [D:\src\AOSP-openjdk-cygwin\jdk8u\hotspot\src\share\vm\prims\jni.cpp, line 1613]
Event: 32.393 Thread 0x000000001dbff000 Exception <a 'java/lang/NoSuchMethodError': <clinit>> (0x00000000e33e0050) thrown at [D:\src\AOSP-openjdk-cygwin\jdk8u\hotspot\src\share\vm\prims\jni.cpp, line 1613]

Events (10 events):
Event: 33.535 loading class org/gradle/api/internal/changedetection/state/DefaultNormalizedFileSnapshot
Event: 33.535 loading class org/gradle/api/internal/changedetection/state/DefaultNormalizedFileSnapshot done
Event: 33.536 loading class org/gradle/api/internal/changedetection/state/NullValueSnapshot
Event: 33.536 loading class org/gradle/api/internal/changedetection/state/NullValueSnapshot done
Event: 33.619 loading class org/gradle/api/internal/changedetection/state/OrderInsensitiveTaskFilePropertyCompareStrategy$2
Event: 33.619 loading class org/gradle/api/internal/changedetection/state/OrderInsensitiveTaskFilePropertyCompareStrategy$2 done
Event: 33.631 loading class org/gradle/api/internal/changedetection/state/IntegerValueSnapshot
Event: 33.631 loading class org/gradle/api/internal/changedetection/state/IntegerValueSnapshot done
Event: 33.953 loading class org/gradle/api/internal/changedetection/state/MissingFileSnapshot
Event: 33.953 loading class org/gradle/api/internal/changedetection/state/MissingFileSnapshot done


Dynamic libraries:
0x00007ff6abca0000 - 0x00007ff6abcd1000 	C:\Program Files\Android\Android Studio\jre\bin\java.exe
0x00007ffdc3300000 - 0x00007ffdc34e1000 	C:\WINDOWS\SYSTEM32\ntdll.dll
0x00007ffdc2a40000 - 0x00007ffdc2af2000 	C:\WINDOWS\System32\KERNEL32.DLL
0x00007ffdc00d0000 - 0x00007ffdc0343000 	C:\WINDOWS\System32\KERNELBASE.dll
0x00007ffdc3050000 - 0x00007ffdc30f1000 	C:\WINDOWS\System32\ADVAPI32.dll
0x00007ffdc2fb0000 - 0x00007ffdc304e000 	C:\WINDOWS\System32\msvcrt.dll
0x00007ffdc24a0000 - 0x00007ffdc24fb000 	C:\WINDOWS\System32\sechost.dll
0x00007ffdc2b60000 - 0x00007ffdc2c84000 	C:\WINDOWS\System32\RPCRT4.dll
0x00007ffdc2c90000 - 0x00007ffdc2e20000 	C:\WINDOWS\System32\USER32.dll
0x00007ffdc00b0000 - 0x00007ffdc00d0000 	C:\WINDOWS\System32\win32u.dll
0x00007ffdc07a0000 - 0x00007ffdc07c8000 	C:\WINDOWS\System32\GDI32.dll
0x00007ffdc05f0000 - 0x00007ffdc0782000 	C:\WINDOWS\System32\gdi32full.dll
0x00007ffdbf750000 - 0x00007ffdbf7ef000 	C:\WINDOWS\System32\msvcp_win.dll
0x00007ffdbffb0000 - 0x00007ffdc00aa000 	C:\WINDOWS\System32\ucrtbase.dll
0x00007ffdab170000 - 0x00007ffdab3d9000 	C:\WINDOWS\WinSxS\amd64_microsoft.windows.common-controls_6595b64144ccf1df_6.0.17134.472_none_fb3f9af53068156d\COMCTL32.dll
0x00007ffdc2510000 - 0x00007ffdc2832000 	C:\WINDOWS\System32\combase.dll
0x00007ffdbf6d0000 - 0x00007ffdbf74a000 	C:\WINDOWS\System32\bcryptPrimitives.dll
0x00007ffdc2f80000 - 0x00007ffdc2fad000 	C:\WINDOWS\System32\IMM32.DLL
0x0000000074d80000 - 0x0000000074e52000 	C:\Program Files\Android\Android Studio\jre\jre\bin\msvcr100.dll
0x0000000075070000 - 0x00000000758af000 	C:\Program Files\Android\Android Studio\jre\jre\bin\server\jvm.dll
0x00007ffdc0790000 - 0x00007ffdc0798000 	C:\WINDOWS\System32\PSAPI.DLL
0x00007ffdbe230000 - 0x00007ffdbe23a000 	C:\WINDOWS\SYSTEM32\VERSION.dll
0x00007ffda6af0000 - 0x00007ffda6af9000 	C:\WINDOWS\SYSTEM32\WSOCK32.dll
0x00007ffdbd6e0000 - 0x00007ffdbd703000 	C:\WINDOWS\SYSTEM32\WINMM.dll
0x00007ffdc2350000 - 0x00007ffdc23bc000 	C:\WINDOWS\System32\WS2_32.dll
0x00007ffdbd6b0000 - 0x00007ffdbd6da000 	C:\WINDOWS\SYSTEM32\WINMMBASE.dll
0x00007ffdc05a0000 - 0x00007ffdc05e9000 	C:\WINDOWS\System32\cfgmgr32.dll
0x00007ffdbe300000 - 0x00007ffdbe30f000 	C:\Program Files\Android\Android Studio\jre\jre\bin\verify.dll
0x00007ffdac850000 - 0x00007ffdac879000 	C:\Program Files\Android\Android Studio\jre\jre\bin\java.dll
0x00007ffdbe1c0000 - 0x00007ffdbe1d6000 	C:\Program Files\Android\Android Studio\jre\jre\bin\zip.dll
0x00007ffdc0940000 - 0x00007ffdc1d80000 	C:\WINDOWS\System32\SHELL32.dll
0x00007ffdc3100000 - 0x00007ffdc31a9000 	C:\WINDOWS\System32\shcore.dll
0x00007ffdbf8a0000 - 0x00007ffdbffad000 	C:\WINDOWS\System32\windows.storage.dll
0x00007ffdc29e0000 - 0x00007ffdc2a31000 	C:\WINDOWS\System32\shlwapi.dll
0x00007ffdbf670000 - 0x00007ffdbf681000 	C:\WINDOWS\System32\kernel.appcore.dll
0x00007ffdbf690000 - 0x00007ffdbf6af000 	C:\WINDOWS\System32\profapi.dll
0x00007ffdbf620000 - 0x00007ffdbf66c000 	C:\WINDOWS\System32\powrprof.dll
0x00007ffdbf610000 - 0x00007ffdbf61a000 	C:\WINDOWS\System32\FLTLIB.DLL
0x00007ffda7230000 - 0x00007ffda724a000 	C:\Program Files\Android\Android Studio\jre\jre\bin\net.dll
0x00007ffdbee30000 - 0x00007ffdbee96000 	C:\WINDOWS\system32\mswsock.dll
0x00007ffda6b30000 - 0x00007ffda6b41000 	C:\Program Files\Android\Android Studio\jre\jre\bin\nio.dll
0x00007ffda4420000 - 0x00007ffda443e000 	C:\Users\seohee\.gradle\native\25\windows-amd64\native-platform.dll
0x00007ffdbe200000 - 0x00007ffdbe20d000 	C:\Program Files\Android\Android Studio\jre\jre\bin\management.dll
0x00007ffdbefe0000 - 0x00007ffdbeff7000 	C:\WINDOWS\SYSTEM32\CRYPTSP.dll
0x00007ffdbea10000 - 0x00007ffdbea43000 	C:\WINDOWS\system32\rsaenh.dll
0x00007ffdbf110000 - 0x00007ffdbf135000 	C:\WINDOWS\SYSTEM32\bcrypt.dll
0x00007ffdbf510000 - 0x00007ffdbf538000 	C:\WINDOWS\SYSTEM32\USERENV.dll
0x00007ffdbf000000 - 0x00007ffdbf00b000 	C:\WINDOWS\SYSTEM32\CRYPTBASE.dll
0x00007ffdbebb0000 - 0x00007ffdbebe8000 	C:\WINDOWS\SYSTEM32\IPHLPAPI.DLL
0x00007ffdc31b0000 - 0x00007ffdc31b8000 	C:\WINDOWS\System32\NSI.dll
0x00007ffdb8980000 - 0x00007ffdb8996000 	C:\WINDOWS\SYSTEM32\dhcpcsvc6.DLL
0x00007ffdb61e0000 - 0x00007ffdb61fa000 	C:\WINDOWS\SYSTEM32\dhcpcsvc.DLL

VM Arguments:
jvm_args: -Xmx1536m -Dfile.encoding=x-windows-949 -Duser.country=KR -Duser.language=ko -Duser.variant 
java_command: org.gradle.launcher.daemon.bootstrap.GradleDaemon 4.4
java_class_path (initial): C:\Users\seohee\.gradle\wrapper\dists\gradle-4.4-all\9br9xq1tocpiv8o6njlyu5op1\gradle-4.4\lib\gradle-launcher-4.4.jar
Launcher Type: SUN_STANDARD

Environment Variables:
PATH=C:\Program Files (x86)\Common Files\Oracle\Java\javapath;C:\Program Files (x86)\Intel\iCLS Client\;C:\Program Files\Intel\iCLS Client\;C:\WINDOWS\system32;C:\WINDOWS;C:\WINDOWS\System32\Wbem;C:\WINDOWS\System32\WindowsPowerShell\v1.0\;C:\Program Files (x86)\Intel\Intel(R) Management Engine Components\DAL;C:\Program Files\Intel\Intel(R) Management Engine Components\DAL;C:\Program Files (x86)\Intel\Intel(R) Management Engine Components\IPT;C:\Program Files\Intel\Intel(R) Management Engine Components\IPT;C:\Program Files\Intel\WiFi\bin\;C:\Program Files\Common Files\Intel\WirelessCommon\;C:\Program Files\dotnet\;C:\jdk1.8\bin;C:\Program Files\MySQL\MySQL Server 8.0\bin;;C:\WINDOWS\System32\OpenSSH\;C:\Program Files\PuTTY\;C:\Users\seohee\AppData\Local\Microsoft\WindowsApps;;C:\Users\seohee\AppData\Local\Programs\Microsoft VS Code\bin
USERNAME=seohee
OS=Windows_NT
PROCESSOR_IDENTIFIER=Intel64 Family 6 Model 78 Stepping 3, GenuineIntel



---------------  S Y S T E M  ---------------

OS: Windows 10.0 , 64 bit Build 17134 (10.0.17134.1)

CPU:total 4 (initial active 4) (2 cores per cpu, 2 threads per core) family 6 model 78 stepping 3, cmov, cx8, fxsr, mmx, sse, sse2, sse3, ssse3, sse4.1, sse4.2, popcnt, avx, avx2, aes, clmul, erms, 3dnowpref, lzcnt, ht, tsc, tscinvbit, bmi1, bmi2, adx

Memory: 4k page, physical 8248924k(1171912k free), swap 33414748k(4936k free)

vm_info: OpenJDK 64-Bit Server VM (25.152-b02) for windows-amd64 JRE (1.8.0_152-release-1024-b02), built by "builder" with MS VC++ 10.0 (VS2010)

time: Tue Jan 08 17:15:51 2019
elapsed time: 34 seconds (0d 0h 0m 34s)

