#
# There is insufficient memory for the Java Runtime Environment to continue.
# Native memory allocation (malloc) failed to allocate 178608 bytes for Chunk::new
# Possible reasons:
#   The system is out of physical RAM or swap space
#   In 32 bit mode, the process size limit was hit
# Possible solutions:
#   Reduce memory load on the system
#   Increase physical memory or swap space
#   Check if swap backing store is full
#   Use 64 bit Java on a 64 bit OS
#   Decrease Java heap size (-Xmx/-Xms)
#   Decrease number of Java threads
#   Decrease Java thread stack sizes (-Xss)
#   Set larger code cache with -XX:ReservedCodeCacheSize=
# This output file may be truncated or incomplete.
#
#  Out of Memory Error (allocation.cpp:390), pid=19436, tid=0x0000000000004fc8
#
# JRE version: OpenJDK Runtime Environment (8.0_152-b02) (build 1.8.0_152-release-1024-b02)
# Java VM: OpenJDK 64-Bit Server VM (25.152-b02 mixed mode windows-amd64 compressed oops)
# Failed to write core dump. Minidumps are not enabled by default on client versions of Windows
#

---------------  T H R E A D  ---------------

Current thread (0x0000000016a9b000):  JavaThread "C2 CompilerThread1" daemon [_thread_in_native, id=20424, stack(0x0000000018630000,0x0000000018730000)]

Stack: [0x0000000018630000,0x0000000018730000]
[error occurred during error reporting (printing stack bounds), id 0xc0000005]

Native frames: (J=compiled Java code, j=interpreted, Vv=VM code, C=native code)


Current CompileTask:
C2:  11078 5632   !   4       com.sun.beans.TypeResolver::resolve (274 bytes)


---------------  P R O C E S S  ---------------

Java Threads: ( => current thread )
  0x000000001c10a000 JavaThread "Memory manager" [_thread_blocked, id=14936, stack(0x0000000021bf0000,0x0000000021cf0000)]
  0x000000001c10b800 JavaThread "build operations Thread 4" [_thread_blocked, id=6696, stack(0x00000000214f0000,0x00000000215f0000)]
  0x00000000192cc800 JavaThread "build operations Thread 3" [_thread_blocked, id=8452, stack(0x00000000213f0000,0x00000000214f0000)]
  0x00000000192cb000 JavaThread "build operations Thread 2" [_thread_blocked, id=19696, stack(0x00000000212f0000,0x00000000213f0000)]
  0x00000000192ca000 JavaThread "build operations" [_thread_blocked, id=5056, stack(0x000000001e850000,0x000000001e950000)]
  0x00000000192cb800 JavaThread "Cache worker for Artifact transforms cache (C:\Users\seohee\.gradle\caches\transforms-1)" [_thread_blocked, id=6164, stack(0x000000001e750000,0x000000001e850000)]
  0x000000001b396800 JavaThread "Cache worker for file hash cache (C:\Users\seohee\AndroidStudioProjects\WaitingSuttle\.gradle\4.4\fileHashes)" [_thread_blocked, id=4856, stack(0x000000001c2b0000,0x000000001c3b0000)]
  0x0000000019cab000 JavaThread "File lock request listener" [_thread_in_native, id=14740, stack(0x000000001b1e0000,0x000000001b2e0000)]
  0x0000000019920000 JavaThread "Cache worker for file hash cache (C:\Users\seohee\.gradle\caches\4.4\fileHashes)" [_thread_blocked, id=18196, stack(0x000000001b0e0000,0x000000001b1e0000)]
  0x000000001991b000 JavaThread "Stdin handler" [_thread_blocked, id=17852, stack(0x000000001ade0000,0x000000001aee0000)]
  0x000000001992c000 JavaThread "Asynchronous log dispatcher for DefaultDaemonConnection: socket connection from /127.0.0.1:4623 to /127.0.0.1:4624" [_thread_blocked, id=2104, stack(0x000000001ace0000,0x000000001ade0000)]
  0x000000001992a800 JavaThread "Daemon worker" [_thread_in_vm, id=16400, stack(0x000000001abe0000,0x000000001ace0000)]
  0x000000001992a000 JavaThread "Cancel handler" [_thread_blocked, id=7808, stack(0x000000001aae0000,0x000000001abe0000)]
  0x0000000019912800 JavaThread "Handler for socket connection from /127.0.0.1:4623 to /127.0.0.1:4624" [_thread_in_native, id=12008, stack(0x000000001a7e0000,0x000000001a8e0000)]
  0x0000000019b7b800 JavaThread "Daemon" [_thread_blocked, id=18792, stack(0x000000001a6e0000,0x000000001a7e0000)]
  0x00000000198e7000 JavaThread "Daemon periodic checks" [_thread_blocked, id=7112, stack(0x000000001a5e0000,0x000000001a6e0000)]
  0x00000000198de800 JavaThread "Incoming local TCP Connector on port 4623" [_thread_in_native, id=19464, stack(0x000000001a400000,0x000000001a500000)]
  0x0000000017fc7000 JavaThread "Service Thread" daemon [_thread_blocked, id=10268, stack(0x0000000018830000,0x0000000018930000)]
  0x0000000017f3e000 JavaThread "C1 CompilerThread2" daemon [_thread_blocked, id=20276, stack(0x0000000018730000,0x0000000018830000)]
=>0x0000000016a9b000 JavaThread "C2 CompilerThread1" daemon [_thread_in_native, id=20424, stack(0x0000000018630000,0x0000000018730000)]
  0x0000000016a4b800 JavaThread "C2 CompilerThread0" daemon [_thread_in_native, id=19560, stack(0x0000000018530000,0x0000000018630000)]
  0x0000000016a99800 JavaThread "Attach Listener" daemon [_thread_blocked, id=12984, stack(0x0000000018430000,0x0000000018530000)]
  0x0000000017f38800 JavaThread "Signal Dispatcher" daemon [_thread_blocked, id=20320, stack(0x0000000018330000,0x0000000018430000)]
  0x00000000030cc000 JavaThread "Finalizer" daemon [_thread_blocked, id=18044, stack(0x0000000017ca0000,0x0000000017da0000)]
  0x00000000030c1000 JavaThread "Reference Handler" daemon [_thread_blocked, id=19044, stack(0x0000000017ba0000,0x0000000017ca0000)]
  0x0000000002b2d800 JavaThread "main" [_thread_blocked, id=13796, stack(0x0000000002ed0000,0x0000000002fd0000)]

Other Threads:
  0x0000000016a05800 VMThread [stack: 0x0000000017aa0000,0x0000000017ba0000] [id=17348]
  0x0000000017fc9000 WatcherThread [stack: 0x0000000018930000,0x0000000018a30000] [id=18368]

VM state:not at safepoint (normal execution)

VM Mutex/Monitor currently owned by a thread: None

Heap:
 PSYoungGen      total 138752K, used 31678K [0x00000000e0000000, 0x00000000ec000000, 0x0000000100000000)
  eden space 129024K, 17% used [0x00000000e0000000,0x00000000e1572710,0x00000000e7e00000)
  from space 9728K, 99% used [0x00000000e7e00000,0x00000000e877d4e0,0x00000000e8780000)
  to   space 19456K, 0% used [0x00000000ead00000,0x00000000ead00000,0x00000000ec000000)
 ParOldGen       total 104960K, used 33141K [0x00000000a0000000, 0x00000000a6680000, 0x00000000e0000000)
  object space 104960K, 31% used [0x00000000a0000000,0x00000000a205d400,0x00000000a6680000)
 Metaspace       used 53621K, capacity 55426K, committed 55552K, reserved 1097728K
  class space    used 7407K, capacity 7870K, committed 7936K, reserved 1048576K

Card table byte_map: [0x0000000012490000,0x00000000127a0000] byte_map_base: 0x0000000011f90000

Marking Bits: (ParMarkBitMap*) 0x0000000075834970
 Begin Bits: [0x0000000012da0000, 0x00000000145a0000)
 End Bits:   [0x00000000145a0000, 0x0000000015da0000)

Polling page: 0x0000000000f20000

CodeCache: size=245760Kb used=18448Kb max_used=18448Kb free=227311Kb
 bounds [0x00000000030d0000, 0x00000000042f0000, 0x00000000120d0000]
 total_blobs=6050 nmethods=5294 adapters=669
 compilation: enabled

Compilation events (10 events):
Event: 11.069 Thread 0x0000000017f3e000 5700       3       java.beans.Introspector::addPropertyDescriptors (37 bytes)
Event: 11.070 Thread 0x0000000017f3e000 nmethod 5700 0x00000000042d8cd0 code [0x00000000042d8e40, 0x00000000042d90e8]
Event: 11.070 Thread 0x0000000017f3e000 5701       3       sun.reflect.ClassFileAssembler::setMaxLocals (6 bytes)
Event: 11.070 Thread 0x0000000017f3e000 nmethod 5701 0x00000000042d9210 code [0x00000000042d9360, 0x00000000042d94b0]
Event: 11.070 Thread 0x0000000017f3e000 5702       3       sun.reflect.ClassFileAssembler::opc_dup_x1 (11 bytes)
Event: 11.070 Thread 0x0000000017f3e000 nmethod 5702 0x00000000042d9510 code [0x00000000042d96a0, 0x00000000042d9a08]
Event: 11.070 Thread 0x0000000017f3e000 5703       3       sun.reflect.ClassFileAssembler::opc_swap (7 bytes)
Event: 11.071 Thread 0x0000000017f3e000 nmethod 5703 0x00000000042d9b90 code [0x00000000042d9d00, 0x00000000042d9f48]
Event: 11.071 Thread 0x0000000017f3e000 5704       3       sun.reflect.AccessorGenerator::emitMethod (275 bytes)
Event: 11.074 Thread 0x0000000017f3e000 nmethod 5704 0x00000000042da090 code [0x00000000042da700, 0x00000000042dd918]

GC Heap History (10 events):
Event: 4.835 GC heap before
{Heap before GC invocations=7 (full 1):
 PSYoungGen      total 70656K, used 65536K [0x00000000e0000000, 0x00000000e9400000, 0x0000000100000000)
  eden space 65536K, 100% used [0x00000000e0000000,0x00000000e4000000,0x00000000e4000000)
  from space 5120K, 0% used [0x00000000e4000000,0x00000000e4000000,0x00000000e4500000)
  to   space 10240K, 0% used [0x00000000e8a00000,0x00000000e8a00000,0x00000000e9400000)
 ParOldGen       total 61440K, used 8421K [0x00000000a0000000, 0x00000000a3c00000, 0x00000000e0000000)
  object space 61440K, 13% used [0x00000000a0000000,0x00000000a08396e0,0x00000000a3c00000)
 Metaspace       used 26449K, capacity 26988K, committed 27136K, reserved 1073152K
  class space    used 3635K, capacity 3809K, committed 3840K, reserved 1048576K
Event: 4.850 GC heap after
Heap after GC invocations=7 (full 1):
 PSYoungGen      total 106496K, used 6766K [0x00000000e0000000, 0x00000000e9100000, 0x0000000100000000)
  eden space 99328K, 0% used [0x00000000e0000000,0x00000000e0000000,0x00000000e6100000)
  from space 7168K, 94% used [0x00000000e8a00000,0x00000000e909b828,0x00000000e9100000)
  to   space 9728K, 0% used [0x00000000e7e00000,0x00000000e7e00000,0x00000000e8780000)
 ParOldGen       total 61440K, used 8429K [0x00000000a0000000, 0x00000000a3c00000, 0x00000000e0000000)
  object space 61440K, 13% used [0x00000000a0000000,0x00000000a083b6e0,0x00000000a3c00000)
 Metaspace       used 26449K, capacity 26988K, committed 27136K, reserved 1073152K
  class space    used 3635K, capacity 3809K, committed 3840K, reserved 1048576K
}
Event: 6.749 GC heap before
{Heap before GC invocations=8 (full 1):
 PSYoungGen      total 106496K, used 106094K [0x00000000e0000000, 0x00000000e9100000, 0x0000000100000000)
  eden space 99328K, 100% used [0x00000000e0000000,0x00000000e6100000,0x00000000e6100000)
  from space 7168K, 94% used [0x00000000e8a00000,0x00000000e909b828,0x00000000e9100000)
  to   space 9728K, 0% used [0x00000000e7e00000,0x00000000e7e00000,0x00000000e8780000)
 ParOldGen       total 61440K, used 8429K [0x00000000a0000000, 0x00000000a3c00000, 0x00000000e0000000)
  object space 61440K, 13% used [0x00000000a0000000,0x00000000a083b6e0,0x00000000a3c00000)
 Metaspace       used 34515K, capacity 35312K, committed 35416K, reserved 1079296K
  class space    used 4828K, capacity 5095K, committed 5120K, reserved 1048576K
Event: 6.768 GC heap after
Heap after GC invocations=8 (full 1):
 PSYoungGen      total 138752K, used 9706K [0x00000000e0000000, 0x00000000ea980000, 0x0000000100000000)
  eden space 129024K, 0% used [0x00000000e0000000,0x00000000e0000000,0x00000000e7e00000)
  from space 9728K, 99% used [0x00000000e7e00000,0x00000000e877a920,0x00000000e8780000)
  to   space 12800K, 0% used [0x00000000e9d00000,0x00000000e9d00000,0x00000000ea980000)
 ParOldGen       total 61440K, used 12989K [0x00000000a0000000, 0x00000000a3c00000, 0x00000000e0000000)
  object space 61440K, 21% used [0x00000000a0000000,0x00000000a0caf7c8,0x00000000a3c00000)
 Metaspace       used 34515K, capacity 35312K, committed 35416K, reserved 1079296K
  class space    used 4828K, capacity 5095K, committed 5120K, reserved 1048576K
}
Event: 6.768 GC heap before
{Heap before GC invocations=9 (full 2):
 PSYoungGen      total 138752K, used 9706K [0x00000000e0000000, 0x00000000ea980000, 0x0000000100000000)
  eden space 129024K, 0% used [0x00000000e0000000,0x00000000e0000000,0x00000000e7e00000)
  from space 9728K, 99% used [0x00000000e7e00000,0x00000000e877a920,0x00000000e8780000)
  to   space 12800K, 0% used [0x00000000e9d00000,0x00000000e9d00000,0x00000000ea980000)
 ParOldGen       total 61440K, used 12989K [0x00000000a0000000, 0x00000000a3c00000, 0x00000000e0000000)
  object space 61440K, 21% used [0x00000000a0000000,0x00000000a0caf7c8,0x00000000a3c00000)
 Metaspace       used 34515K, capacity 35312K, committed 35416K, reserved 1079296K
  class space    used 4828K, capacity 5095K, committed 5120K, reserved 1048576K
Event: 6.870 GC heap after
Heap after GC invocations=9 (full 2):
 PSYoungGen      total 138752K, used 0K [0x00000000e0000000, 0x00000000ea980000, 0x0000000100000000)
  eden space 129024K, 0% used [0x00000000e0000000,0x00000000e0000000,0x00000000e7e00000)
  from space 9728K, 0% used [0x00000000e7e00000,0x00000000e7e00000,0x00000000e8780000)
  to   space 12800K, 0% used [0x00000000e9d00000,0x00000000e9d00000,0x00000000ea980000)
 ParOldGen       total 104960K, used 20753K [0x00000000a0000000, 0x00000000a6680000, 0x00000000e0000000)
  object space 104960K, 19% used [0x00000000a0000000,0x00000000a1444788,0x00000000a6680000)
 Metaspace       used 34515K, capacity 35312K, committed 35416K, reserved 1079296K
  class space    used 4828K, capacity 5095K, committed 5120K, reserved 1048576K
}
Event: 8.809 GC heap before
{Heap before GC invocations=10 (full 2):
 PSYoungGen      total 138752K, used 129024K [0x00000000e0000000, 0x00000000ea980000, 0x0000000100000000)
  eden space 129024K, 100% used [0x00000000e0000000,0x00000000e7e00000,0x00000000e7e00000)
  from space 9728K, 0% used [0x00000000e7e00000,0x00000000e7e00000,0x00000000e8780000)
  to   space 12800K, 0% used [0x00000000e9d00000,0x00000000e9d00000,0x00000000ea980000)
 ParOldGen       total 104960K, used 20753K [0x00000000a0000000, 0x00000000a6680000, 0x00000000e0000000)
  object space 104960K, 19% used [0x00000000a0000000,0x00000000a1444788,0x00000000a6680000)
 Metaspace       used 43446K, capacity 44534K, committed 44800K, reserved 1087488K
  class space    used 5997K, capacity 6307K, committed 6400K, reserved 1048576K
Event: 8.842 GC heap after
Heap after GC invocations=10 (full 2):
 PSYoungGen      total 141824K, used 12797K [0x00000000e0000000, 0x00000000ea980000, 0x0000000100000000)
  eden space 129024K, 0% used [0x00000000e0000000,0x00000000e0000000,0x00000000e7e00000)
  from space 12800K, 99% used [0x00000000e9d00000,0x00000000ea97f5b0,0x00000000ea980000)
  to   space 9728K, 0% used [0x00000000e7e00000,0x00000000e7e00000,0x00000000e8780000)
 ParOldGen       total 104960K, used 22283K [0x00000000a0000000, 0x00000000a6680000, 0x00000000e0000000)
  object space 104960K, 21% used [0x00000000a0000000,0x00000000a15c2f08,0x00000000a6680000)
 Metaspace       used 43446K, capacity 44534K, committed 44800K, reserved 1087488K
  class space    used 5997K, capacity 6307K, committed 6400K, reserved 1048576K
}
Event: 10.868 GC heap before
{Heap before GC invocations=11 (full 2):
 PSYoungGen      total 141824K, used 141821K [0x00000000e0000000, 0x00000000ea980000, 0x0000000100000000)
  eden space 129024K, 100% used [0x00000000e0000000,0x00000000e7e00000,0x00000000e7e00000)
  from space 12800K, 99% used [0x00000000e9d00000,0x00000000ea97f5b0,0x00000000ea980000)
  to   space 9728K, 0% used [0x00000000e7e00000,0x00000000e7e00000,0x00000000e8780000)
 ParOldGen       total 104960K, used 22283K [0x00000000a0000000, 0x00000000a6680000, 0x00000000e0000000)
  object space 104960K, 21% used [0x00000000a0000000,0x00000000a15c2f08,0x00000000a6680000)
 Metaspace       used 53323K, capacity 55100K, committed 55296K, reserved 1097728K
  class space    used 7380K, capacity 7838K, committed 7936K, reserved 1048576K
Event: 10.887 GC heap after
Heap after GC invocations=11 (full 2):
 PSYoungGen      total 138752K, used 9717K [0x00000000e0000000, 0x00000000ec000000, 0x0000000100000000)
  eden space 129024K, 0% used [0x00000000e0000000,0x00000000e0000000,0x00000000e7e00000)
  from space 9728K, 99% used [0x00000000e7e00000,0x00000000e877d4e0,0x00000000e8780000)
  to   space 19456K, 0% used [0x00000000ead00000,0x00000000ead00000,0x00000000ec000000)
 ParOldGen       total 104960K, used 33141K [0x00000000a0000000, 0x00000000a6680000, 0x00000000e0000000)
  object space 104960K, 31% used [0x00000000a0000000,0x00000000a205d400,0x00000000a6680000)
 Metaspace       used 53323K, capacity 55100K, committed 55296K, reserved 1097728K
  class space    used 7380K, capacity 7838K, committed 7936K, reserved 1048576K
}

Deoptimization events (10 events):
Event: 10.319 Thread 0x000000001992a800 Uncommon trap: reason=class_check action=maybe_recompile pc=0x00000000034b4bd0 method=org.gradle.internal.logging.text.AbstractLineChoppingStyledTextOutput$StateContext.flushLineText()V @ 110
Event: 10.320 Thread 0x000000001992a800 Uncommon trap: reason=class_check action=maybe_recompile pc=0x00000000034b4bd0 method=org.gradle.internal.logging.text.AbstractLineChoppingStyledTextOutput$StateContext.flushLineText()V @ 110
Event: 10.432 Thread 0x000000001992a800 Uncommon trap: reason=unstable_if action=reinterpret pc=0x0000000003b271c0 method=java.lang.reflect.AccessibleObject.setAccessible0(Ljava/lang/reflect/AccessibleObject;Z)V @ 23
Event: 10.692 Thread 0x000000001992a800 Uncommon trap: reason=class_check action=maybe_recompile pc=0x0000000003ebc180 method=java.util.regex.Matcher.search(I)Z @ 86
Event: 10.694 Thread 0x000000001992a800 Uncommon trap: reason=class_check action=maybe_recompile pc=0x0000000003ebc180 method=java.util.regex.Matcher.search(I)Z @ 86
Event: 10.694 Thread 0x000000001992a800 Uncommon trap: reason=class_check action=maybe_recompile pc=0x0000000003ebc180 method=java.util.regex.Matcher.search(I)Z @ 86
Event: 10.820 Thread 0x000000001992a800 Uncommon trap: reason=unstable_if action=reinterpret pc=0x0000000003bc5298 method=groovy.lang.MetaClassImpl.checkIfStdMethod(Lgroovy/lang/MetaMethod;)V @ 55
Event: 10.820 Thread 0x000000001992a800 Uncommon trap: reason=unstable_if action=reinterpret pc=0x0000000003baffb8 method=groovy.lang.MetaClassImpl.checkIfStdMethod(Lgroovy/lang/MetaMethod;)V @ 55
Event: 10.862 Thread 0x000000001992a800 Uncommon trap: reason=class_check action=maybe_recompile pc=0x00000000037c6310 method=org.codehaus.groovy.runtime.metaclass.MetaMethodIndex.addMethodToList(Ljava/lang/Object;Lgroovy/lang/MetaMethod;)Ljava/lang/Object; @ 230
Event: 10.862 Thread 0x000000001992a800 Uncommon trap: reason=class_check action=maybe_recompile pc=0x00000000037c6310 method=org.codehaus.groovy.runtime.metaclass.MetaMethodIndex.addMethodToList(Ljava/lang/Object;Lgroovy/lang/MetaMethod;)Ljava/lang/Object; @ 230

Classes redefined (0 events):
No events

Internal exceptions (10 events):
Event: 11.045 Thread 0x000000001992a800 Exception <a 'java/lang/ClassNotFoundException': org/gradle/plugins/ide/idea/GenerateIdeaWorkspaceBeanInfo> (0x00000000e115a978) thrown at [D:\src\AOSP-openjdk-cygwin\jdk8u\hotspot\src\share\vm\classfile\systemDictionary.cpp, line 210]
Event: 11.045 Thread 0x000000001992a800 Exception <a 'java/lang/ClassNotFoundException': org/gradle/plugins/ide/idea/GenerateIdeaWorkspaceCustomizer> (0x00000000e1180cd0) thrown at [D:\src\AOSP-openjdk-cygwin\jdk8u\hotspot\src\share\vm\classfile\systemDictionary.cpp, line 210]
Event: 11.047 Thread 0x000000001992a800 Exception <a 'java/lang/ClassNotFoundException': org/gradle/plugins/ide/idea/GenerateIdeaWorkspace_DecoratedCustomizer> (0x00000000e11c2820) thrown at [D:\src\AOSP-openjdk-cygwin\jdk8u\hotspot\src\share\vm\classfile\systemDictionary.cpp, line 210]
Event: 11.055 Thread 0x000000001992a800 Exception <a 'java/lang/ClassNotFoundException': org/gradle/buildinit/tasks/InitBuild_DecoratedBeanInfo> (0x00000000e125d008) thrown at [D:\src\AOSP-openjdk-cygwin\jdk8u\hotspot\src\share\vm\classfile\systemDictionary.cpp, line 210]
Event: 11.056 Thread 0x000000001992a800 Exception <a 'java/lang/ClassNotFoundException': org/gradle/buildinit/tasks/InitBuildBeanInfo> (0x00000000e127c798) thrown at [D:\src\AOSP-openjdk-cygwin\jdk8u\hotspot\src\share\vm\classfile\systemDictionary.cpp, line 210]
Event: 11.057 Thread 0x000000001992a800 Exception <a 'java/lang/ClassNotFoundException': org/gradle/buildinit/tasks/InitBuildCustomizer> (0x00000000e129c820) thrown at [D:\src\AOSP-openjdk-cygwin\jdk8u\hotspot\src\share\vm\classfile\systemDictionary.cpp, line 210]
Event: 11.059 Thread 0x000000001992a800 Exception <a 'java/lang/ClassNotFoundException': org/gradle/buildinit/tasks/InitBuild_DecoratedCustomizer> (0x00000000e12e26c0) thrown at [D:\src\AOSP-openjdk-cygwin\jdk8u\hotspot\src\share\vm\classfile\systemDictionary.cpp, line 210]
Event: 11.067 Thread 0x000000001992a800 Exception <a 'java/lang/ClassNotFoundException': org/gradle/api/reporting/model/ModelReport_DecoratedBeanInfo> (0x00000000e1380058) thrown at [D:\src\AOSP-openjdk-cygwin\jdk8u\hotspot\src\share\vm\classfile\systemDictionary.cpp, line 210]
Event: 11.068 Thread 0x000000001992a800 Exception <a 'java/lang/ClassNotFoundException': org/gradle/api/reporting/model/ModelReportBeanInfo> (0x00000000e13a11d8) thrown at [D:\src\AOSP-openjdk-cygwin\jdk8u\hotspot\src\share\vm\classfile\systemDictionary.cpp, line 210]
Event: 11.069 Thread 0x000000001992a800 Exception <a 'java/lang/ClassNotFoundException': org/gradle/api/reporting/model/ModelReportCustomizer> (0x00000000e13c3f20) thrown at [D:\src\AOSP-openjdk-cygwin\jdk8u\hotspot\src\share\vm\classfile\systemDictionary.cpp, line 210]

Events (10 events):
Event: 11.068 loading class org/gradle/api/reporting/model/ModelReportBeanInfo
Event: 11.068 loading class org/gradle/api/reporting/model/ModelReportBeanInfo done
Event: 11.068 loading class org/gradle/api/reporting/model/ModelReportBeanInfo
Event: 11.068 loading class org/gradle/api/reporting/model/ModelReportBeanInfo done
Event: 11.068 loading class org/gradle/api/reporting/model/ModelReportCustomizer
Event: 11.068 loading class org/gradle/api/reporting/model/ModelReportCustomizer done
Event: 11.068 loading class org/gradle/api/reporting/model/ModelReportCustomizer
Event: 11.068 loading class org/gradle/api/reporting/model/ModelReportCustomizer done
Event: 11.069 loading class org/gradle/api/reporting/model/ModelReportCustomizer
Event: 11.069 loading class org/gradle/api/reporting/model/ModelReportCustomizer done


Dynamic libraries:
0x00007ff6abca0000 - 0x00007ff6abcd1000 	C:\Program Files\Android\Android Studio\jre\bin\java.exe
0x00007ffdc3300000 - 0x00007ffdc34e1000 	C:\WINDOWS\SYSTEM32\ntdll.dll
0x00007ffdc2a40000 - 0x00007ffdc2af2000 	C:\WINDOWS\System32\KERNEL32.DLL
0x00007ffdc00d0000 - 0x00007ffdc0343000 	C:\WINDOWS\System32\KERNELBASE.dll
0x00007ffdc3050000 - 0x00007ffdc30f1000 	C:\WINDOWS\System32\ADVAPI32.dll
0x00007ffdc2fb0000 - 0x00007ffdc304e000 	C:\WINDOWS\System32\msvcrt.dll
0x00007ffdc24a0000 - 0x00007ffdc24fb000 	C:\WINDOWS\System32\sechost.dll
0x00007ffdc2b60000 - 0x00007ffdc2c84000 	C:\WINDOWS\System32\RPCRT4.dll
0x00007ffdc2c90000 - 0x00007ffdc2e20000 	C:\WINDOWS\System32\USER32.dll
0x00007ffdc00b0000 - 0x00007ffdc00d0000 	C:\WINDOWS\System32\win32u.dll
0x00007ffdc07a0000 - 0x00007ffdc07c8000 	C:\WINDOWS\System32\GDI32.dll
0x00007ffdc05f0000 - 0x00007ffdc0782000 	C:\WINDOWS\System32\gdi32full.dll
0x00007ffdbf750000 - 0x00007ffdbf7ef000 	C:\WINDOWS\System32\msvcp_win.dll
0x00007ffdbffb0000 - 0x00007ffdc00aa000 	C:\WINDOWS\System32\ucrtbase.dll
0x00007ffdab170000 - 0x00007ffdab3d9000 	C:\WINDOWS\WinSxS\amd64_microsoft.windows.common-controls_6595b64144ccf1df_6.0.17134.472_none_fb3f9af53068156d\COMCTL32.dll
0x00007ffdc2510000 - 0x00007ffdc2832000 	C:\WINDOWS\System32\combase.dll
0x00007ffdbf6d0000 - 0x00007ffdbf74a000 	C:\WINDOWS\System32\bcryptPrimitives.dll
0x00007ffdc2f80000 - 0x00007ffdc2fad000 	C:\WINDOWS\System32\IMM32.DLL
0x0000000074d80000 - 0x0000000074e52000 	C:\Program Files\Android\Android Studio\jre\jre\bin\msvcr100.dll
0x0000000075070000 - 0x00000000758af000 	C:\Program Files\Android\Android Studio\jre\jre\bin\server\jvm.dll
0x00007ffdc0790000 - 0x00007ffdc0798000 	C:\WINDOWS\System32\PSAPI.DLL
0x00007ffda6af0000 - 0x00007ffda6af9000 	C:\WINDOWS\SYSTEM32\WSOCK32.dll
0x00007ffdc2350000 - 0x00007ffdc23bc000 	C:\WINDOWS\System32\WS2_32.dll
0x00007ffdbd6e0000 - 0x00007ffdbd703000 	C:\WINDOWS\SYSTEM32\WINMM.dll
0x00007ffdbe230000 - 0x00007ffdbe23a000 	C:\WINDOWS\SYSTEM32\VERSION.dll
0x00007ffdbd6b0000 - 0x00007ffdbd6da000 	C:\WINDOWS\SYSTEM32\winmmbase.dll
0x00007ffdc05a0000 - 0x00007ffdc05e9000 	C:\WINDOWS\System32\cfgmgr32.dll
0x00007ffdbe300000 - 0x00007ffdbe30f000 	C:\Program Files\Android\Android Studio\jre\jre\bin\verify.dll
0x00007ffdac850000 - 0x00007ffdac879000 	C:\Program Files\Android\Android Studio\jre\jre\bin\java.dll
0x00007ffda7230000 - 0x00007ffda7246000 	C:\Program Files\Android\Android Studio\jre\jre\bin\zip.dll
0x00007ffdc0940000 - 0x00007ffdc1d80000 	C:\WINDOWS\System32\SHELL32.dll
0x00007ffdc3100000 - 0x00007ffdc31a9000 	C:\WINDOWS\System32\shcore.dll
0x00007ffdbf8a0000 - 0x00007ffdbffad000 	C:\WINDOWS\System32\windows.storage.dll
0x00007ffdc29e0000 - 0x00007ffdc2a31000 	C:\WINDOWS\System32\shlwapi.dll
0x00007ffdbf670000 - 0x00007ffdbf681000 	C:\WINDOWS\System32\kernel.appcore.dll
0x00007ffdbf690000 - 0x00007ffdbf6af000 	C:\WINDOWS\System32\profapi.dll
0x00007ffdbf620000 - 0x00007ffdbf66c000 	C:\WINDOWS\System32\powrprof.dll
0x00007ffdbf610000 - 0x00007ffdbf61a000 	C:\WINDOWS\System32\FLTLIB.DLL
0x00007ffda6b30000 - 0x00007ffda6b4a000 	C:\Program Files\Android\Android Studio\jre\jre\bin\net.dll
0x00007ffdbee30000 - 0x00007ffdbee96000 	C:\WINDOWS\system32\mswsock.dll
0x00007ffda5490000 - 0x00007ffda54a1000 	C:\Program Files\Android\Android Studio\jre\jre\bin\nio.dll
0x00007ffda6bf0000 - 0x00007ffda6c0e000 	C:\Users\seohee\.gradle\native\25\windows-amd64\native-platform.dll
0x00007ffdbe200000 - 0x00007ffdbe20d000 	C:\Program Files\Android\Android Studio\jre\jre\bin\management.dll
0x00007ffdbefe0000 - 0x00007ffdbeff7000 	C:\WINDOWS\SYSTEM32\CRYPTSP.dll
0x00007ffdbea10000 - 0x00007ffdbea43000 	C:\WINDOWS\system32\rsaenh.dll
0x00007ffdbf110000 - 0x00007ffdbf135000 	C:\WINDOWS\SYSTEM32\bcrypt.dll
0x00007ffdbf510000 - 0x00007ffdbf538000 	C:\WINDOWS\SYSTEM32\USERENV.dll
0x00007ffdbf000000 - 0x00007ffdbf00b000 	C:\WINDOWS\SYSTEM32\CRYPTBASE.dll
0x00007ffdbebb0000 - 0x00007ffdbebe8000 	C:\WINDOWS\SYSTEM32\IPHLPAPI.DLL
0x00007ffdc31b0000 - 0x00007ffdc31b8000 	C:\WINDOWS\System32\NSI.dll
0x00007ffdb8980000 - 0x00007ffdb8996000 	C:\WINDOWS\SYSTEM32\dhcpcsvc6.DLL
0x00007ffdb61e0000 - 0x00007ffdb61fa000 	C:\WINDOWS\SYSTEM32\dhcpcsvc.DLL

VM Arguments:
jvm_args: -Xmx1536m -Dfile.encoding=x-windows-949 -Duser.country=KR -Duser.language=ko -Duser.variant 
java_command: org.gradle.launcher.daemon.bootstrap.GradleDaemon 4.4
java_class_path (initial): C:\Users\seohee\.gradle\wrapper\dists\gradle-4.4-all\9br9xq1tocpiv8o6njlyu5op1\gradle-4.4\lib\gradle-launcher-4.4.jar
Launcher Type: SUN_STANDARD

Environment Variables:
PATH=C:\Program Files (x86)\Common Files\Oracle\Java\javapath;C:\Program Files (x86)\Intel\iCLS Client\;C:\Program Files\Intel\iCLS Client\;C:\WINDOWS\system32;C:\WINDOWS;C:\WINDOWS\System32\Wbem;C:\WINDOWS\System32\WindowsPowerShell\v1.0\;C:\Program Files (x86)\Intel\Intel(R) Management Engine Components\DAL;C:\Program Files\Intel\Intel(R) Management Engine Components\DAL;C:\Program Files (x86)\Intel\Intel(R) Management Engine Components\IPT;C:\Program Files\Intel\Intel(R) Management Engine Components\IPT;C:\Program Files\Intel\WiFi\bin\;C:\Program Files\Common Files\Intel\WirelessCommon\;C:\Program Files\dotnet\;C:\jdk1.8\bin;C:\Program Files\MySQL\MySQL Server 8.0\bin;;C:\WINDOWS\System32\OpenSSH\;C:\Program Files\PuTTY\;C:\Users\seohee\AppData\Local\Microsoft\WindowsApps;;C:\Users\seohee\AppData\Local\Programs\Microsoft VS Code\bin
USERNAME=seohee
OS=Windows_NT
PROCESSOR_IDENTIFIER=Intel64 Family 6 Model 78 Stepping 3, GenuineIntel



---------------  S Y S T E M  ---------------

OS: Windows 10.0 , 64 bit Build 17134 (10.0.17134.1)

CPU:total 4 (initial active 4) (2 cores per cpu, 2 threads per core) family 6 model 78 stepping 3, cmov, cx8, fxsr, mmx, sse, sse2, sse3, ssse3, sse4.1, sse4.2, popcnt, avx, avx2, aes, clmul, erms, 3dnowpref, lzcnt, ht, tsc, tscinvbit, bmi1, bmi2, adx

Memory: 4k page, physical 8248924k(1670640k free), swap 33414748k(1364k free)

vm_info: OpenJDK 64-Bit Server VM (25.152-b02) for windows-amd64 JRE (1.8.0_152-release-1024-b02), built by "builder" with MS VC++ 10.0 (VS2010)

time: Tue Jan 08 17:23:33 2019
elapsed time: 11 seconds (0d 0h 0m 11s)

