#
# There is insufficient memory for the Java Runtime Environment to continue.
# Native memory allocation (malloc) failed to allocate 1135856 bytes for Chunk::new
# Possible reasons:
#   The system is out of physical RAM or swap space
#   In 32 bit mode, the process size limit was hit
# Possible solutions:
#   Reduce memory load on the system
#   Increase physical memory or swap space
#   Check if swap backing store is full
#   Use 64 bit Java on a 64 bit OS
#   Decrease Java heap size (-Xmx/-Xms)
#   Decrease number of Java threads
#   Decrease Java thread stack sizes (-Xss)
#   Set larger code cache with -XX:ReservedCodeCacheSize=
# This output file may be truncated or incomplete.
#
#  Out of Memory Error (allocation.cpp:390), pid=13260, tid=0x0000000000001a28
#
# JRE version: OpenJDK Runtime Environment (8.0_152-b02) (build 1.8.0_152-release-1024-b02)
# Java VM: OpenJDK 64-Bit Server VM (25.152-b02 mixed mode windows-amd64 compressed oops)
# Failed to write core dump. Minidumps are not enabled by default on client versions of Windows
#

---------------  T H R E A D  ---------------

Current thread (0x00000000161ab000):  JavaThread "C2 CompilerThread1" daemon [_thread_in_native, id=6696, stack(0x0000000017bb0000,0x0000000017cb0000)]

Stack: [0x0000000017bb0000,0x0000000017cb0000]
[error occurred during error reporting (printing stack bounds), id 0xc0000005]

Native frames: (J=compiled Java code, j=interpreted, Vv=VM code, C=native code)


Current CompileTask:
C2:   5971 2598       4       java.io.WinNTFileSystem::normalize (143 bytes)


---------------  P R O C E S S  ---------------

Java Threads: ( => current thread )
  0x000000001b43c000 JavaThread "build operations Thread 4" [_thread_in_native, id=19752, stack(0x0000000020d80000,0x0000000020e80000)]
  0x000000001b439000 JavaThread "build operations Thread 3" [_thread_in_vm, id=12040, stack(0x0000000020c80000,0x0000000020d80000)]
  0x000000001939b800 JavaThread "build operations Thread 2" [_thread_blocked, id=16516, stack(0x0000000020b80000,0x0000000020c80000)]
  0x000000001939d000 JavaThread "build operations" [_thread_blocked, id=20396, stack(0x0000000020980000,0x0000000020a80000)]
  0x000000001939f000 JavaThread "Cache worker for Artifact transforms cache (C:\Users\seohee\.gradle\caches\transforms-1)" [_thread_blocked, id=17752, stack(0x000000001ff10000,0x0000000020010000)]
  0x000000001ac30000 JavaThread "Cache worker for file hash cache (C:\Users\seohee\AndroidStudioProjects\WaitingSuttle\.gradle\4.4\fileHashes)" [_thread_blocked, id=16724, stack(0x000000001b830000,0x000000001b930000)]
  0x00000000193d2800 JavaThread "File lock request listener" [_thread_in_native, id=1704, stack(0x000000001a760000,0x000000001a860000)]
  0x000000001942a800 JavaThread "Cache worker for file hash cache (C:\Users\seohee\.gradle\caches\4.4\fileHashes)" [_thread_blocked, id=19736, stack(0x000000001a660000,0x000000001a760000)]
  0x0000000018fd0000 JavaThread "Stdin handler" [_thread_blocked, id=7600, stack(0x000000001a360000,0x000000001a460000)]
  0x0000000018fcf000 JavaThread "Asynchronous log dispatcher for DefaultDaemonConnection: socket connection from /127.0.0.1:4798 to /127.0.0.1:4799" [_thread_blocked, id=12960, stack(0x000000001a260000,0x000000001a360000)]
  0x0000000018fcc800 JavaThread "Daemon worker" [_thread_in_Java, id=2960, stack(0x000000001a160000,0x000000001a260000)]
  0x0000000018fcb800 JavaThread "Cancel handler" [_thread_blocked, id=19612, stack(0x000000001a060000,0x000000001a160000)]
  0x0000000018ec1800 JavaThread "Handler for socket connection from /127.0.0.1:4798 to /127.0.0.1:4799" [_thread_in_native, id=16868, stack(0x0000000019d60000,0x0000000019e60000)]
  0x0000000018ebe800 JavaThread "Daemon" [_thread_blocked, id=18704, stack(0x0000000019c60000,0x0000000019d60000)]
  0x0000000019080800 JavaThread "Daemon periodic checks" [_thread_blocked, id=14648, stack(0x0000000019b60000,0x0000000019c60000)]
  0x000000001921c800 JavaThread "Incoming local TCP Connector on port 4798" [_thread_in_native, id=2568, stack(0x0000000019980000,0x0000000019a80000)]
  0x0000000017539800 JavaThread "Service Thread" daemon [_thread_blocked, id=20424, stack(0x0000000017db0000,0x0000000017eb0000)]
  0x00000000174ba000 JavaThread "C1 CompilerThread2" daemon [_thread_in_native, id=14936, stack(0x0000000017cb0000,0x0000000017db0000)]
=>0x00000000161ab000 JavaThread "C2 CompilerThread1" daemon [_thread_in_native, id=6696, stack(0x0000000017bb0000,0x0000000017cb0000)]
  0x000000001615d800 JavaThread "C2 CompilerThread0" daemon [_thread_in_native, id=5056, stack(0x0000000017ab0000,0x0000000017bb0000)]
  0x00000000161a8800 JavaThread "Attach Listener" daemon [_thread_blocked, id=19696, stack(0x00000000179b0000,0x0000000017ab0000)]
  0x00000000174b8800 JavaThread "Signal Dispatcher" daemon [_thread_blocked, id=8452, stack(0x00000000178b0000,0x00000000179b0000)]
  0x00000000027dc000 JavaThread "Finalizer" daemon [_thread_blocked, id=6164, stack(0x00000000173b0000,0x00000000174b0000)]
  0x00000000027d1000 JavaThread "Reference Handler" daemon [_thread_blocked, id=2104, stack(0x00000000172b0000,0x00000000173b0000)]
  0x00000000026dd800 JavaThread "main" [_thread_blocked, id=16400, stack(0x00000000024e0000,0x00000000025e0000)]

Other Threads:
  0x0000000016115800 VMThread [stack: 0x00000000171b0000,0x00000000172b0000] [id=4856]
  0x000000001753c000 WatcherThread [stack: 0x0000000017eb0000,0x0000000017fb0000] [id=19436]

VM state:not at safepoint (normal execution)

VM Mutex/Monitor currently owned by a thread: None

Heap:
 PSYoungGen      total 70656K, used 9875K [0x00000000e0000000, 0x00000000e7880000, 0x0000000100000000)
  eden space 65536K, 7% used [0x00000000e0000000,0x00000000e04a4d30,0x00000000e4000000)
  from space 5120K, 100% used [0x00000000e4000000,0x00000000e4500000,0x00000000e4500000)
  to   space 10752K, 0% used [0x00000000e6e00000,0x00000000e6e00000,0x00000000e7880000)
 ParOldGen       total 58880K, used 15008K [0x00000000a0000000, 0x00000000a3980000, 0x00000000e0000000)
  object space 58880K, 25% used [0x00000000a0000000,0x00000000a0ea8228,0x00000000a3980000)
 Metaspace       used 30433K, capacity 31132K, committed 31488K, reserved 1077248K
  class space    used 4278K, capacity 4485K, committed 4608K, reserved 1048576K

Card table byte_map: [0x0000000011ba0000,0x0000000011eb0000] byte_map_base: 0x00000000116a0000

Marking Bits: (ParMarkBitMap*) 0x0000000075834970
 Begin Bits: [0x00000000124b0000, 0x0000000013cb0000)
 End Bits:   [0x0000000013cb0000, 0x00000000154b0000)

Polling page: 0x0000000000510000

CodeCache: size=245760Kb used=10292Kb max_used=10292Kb free=235467Kb
 bounds [0x00000000027e0000, 0x0000000003200000, 0x00000000117e0000]
 total_blobs=3477 nmethods=2817 adapters=573
 compilation: enabled

Compilation events (10 events):
Event: 5.961 Thread 0x00000000174ba000 nmethod 2814 0x00000000031e28d0 code [0x00000000031e2a40, 0x00000000031e2fd0]
Event: 5.961 Thread 0x00000000174ba000 2815       1       sun.nio.ch.NativeThread::current (2 bytes)
Event: 5.961 Thread 0x00000000174ba000 nmethod 2815 0x00000000031e3090 code [0x00000000031e31e0, 0x00000000031e32d0]
Event: 5.961 Thread 0x00000000174ba000 2816   !   3       java.io.ObjectOutputStream::writeObject0 (619 bytes)
Event: 5.966 Thread 0x00000000174ba000 nmethod 2816 0x00000000031e3310 code [0x00000000031e3900, 0x00000000031e7178]
Event: 5.966 Thread 0x00000000174ba000 2817       3       java.io.ObjectOutputStream$ReplaceTable::lookup (24 bytes)
Event: 5.966 Thread 0x00000000174ba000 nmethod 2817 0x00000000031e91d0 code [0x00000000031e9340, 0x00000000031e9568]
Event: 5.967 Thread 0x00000000174ba000 2819   !   3       java.io.ObjectOutputStream::defaultWriteFields (270 bytes)
Event: 5.968 Thread 0x00000000174ba000 nmethod 2819 0x00000000031e9690 code [0x00000000031e9900, 0x00000000031ea678]
Event: 5.968 Thread 0x00000000174ba000 2818       3       java.io.ObjectStreamClass::hasWriteObjectMethod (17 bytes)

GC Heap History (10 events):
Event: 3.134 GC heap before
{Heap before GC invocations=4 (full 0):
 PSYoungGen      total 37888K, used 37882K [0x00000000e0000000, 0x00000000e4a00000, 0x0000000100000000)
  eden space 32768K, 100% used [0x00000000e0000000,0x00000000e2000000,0x00000000e2000000)
  from space 5120K, 99% used [0x00000000e2000000,0x00000000e24fe808,0x00000000e2500000)
  to   space 5120K, 0% used [0x00000000e4500000,0x00000000e4500000,0x00000000e4a00000)
 ParOldGen       total 86016K, used 2551K [0x00000000a0000000, 0x00000000a5400000, 0x00000000e0000000)
  object space 86016K, 2% used [0x00000000a0000000,0x00000000a027df50,0x00000000a5400000)
 Metaspace       used 17410K, capacity 17942K, committed 18048K, reserved 1064960K
  class space    used 2512K, capacity 2657K, committed 2688K, reserved 1048576K
Event: 3.152 GC heap after
Heap after GC invocations=4 (full 0):
 PSYoungGen      total 70656K, used 5097K [0x00000000e0000000, 0x00000000e4a00000, 0x0000000100000000)
  eden space 65536K, 0% used [0x00000000e0000000,0x00000000e0000000,0x00000000e4000000)
  from space 5120K, 99% used [0x00000000e4500000,0x00000000e49fa650,0x00000000e4a00000)
  to   space 5120K, 0% used [0x00000000e4000000,0x00000000e4000000,0x00000000e4500000)
 ParOldGen       total 86016K, used 6011K [0x00000000a0000000, 0x00000000a5400000, 0x00000000e0000000)
  object space 86016K, 6% used [0x00000000a0000000,0x00000000a05ded28,0x00000000a5400000)
 Metaspace       used 17410K, capacity 17942K, committed 18048K, reserved 1064960K
  class space    used 2512K, capacity 2657K, committed 2688K, reserved 1048576K
}
Event: 3.493 GC heap before
{Heap before GC invocations=5 (full 0):
 PSYoungGen      total 70656K, used 20873K [0x00000000e0000000, 0x00000000e4a00000, 0x0000000100000000)
  eden space 65536K, 24% used [0x00000000e0000000,0x00000000e0f681a0,0x00000000e4000000)
  from space 5120K, 99% used [0x00000000e4500000,0x00000000e49fa650,0x00000000e4a00000)
  to   space 5120K, 0% used [0x00000000e4000000,0x00000000e4000000,0x00000000e4500000)
 ParOldGen       total 86016K, used 6011K [0x00000000a0000000, 0x00000000a5400000, 0x00000000e0000000)
  object space 86016K, 6% used [0x00000000a0000000,0x00000000a05ded28,0x00000000a5400000)
 Metaspace       used 20765K, capacity 21212K, committed 21248K, reserved 1067008K
  class space    used 2894K, capacity 3043K, committed 3072K, reserved 1048576K
Event: 3.504 GC heap after
Heap after GC invocations=5 (full 0):
 PSYoungGen      total 70656K, used 5101K [0x00000000e0000000, 0x00000000e4a00000, 0x0000000100000000)
  eden space 65536K, 0% used [0x00000000e0000000,0x00000000e0000000,0x00000000e4000000)
  from space 5120K, 99% used [0x00000000e4000000,0x00000000e44fb660,0x00000000e4500000)
  to   space 5120K, 0% used [0x00000000e4500000,0x00000000e4500000,0x00000000e4a00000)
 ParOldGen       total 86016K, used 8729K [0x00000000a0000000, 0x00000000a5400000, 0x00000000e0000000)
  object space 86016K, 10% used [0x00000000a0000000,0x00000000a0886728,0x00000000a5400000)
 Metaspace       used 20765K, capacity 21212K, committed 21248K, reserved 1067008K
  class space    used 2894K, capacity 3043K, committed 3072K, reserved 1048576K
}
Event: 3.504 GC heap before
{Heap before GC invocations=6 (full 1):
 PSYoungGen      total 70656K, used 5101K [0x00000000e0000000, 0x00000000e4a00000, 0x0000000100000000)
  eden space 65536K, 0% used [0x00000000e0000000,0x00000000e0000000,0x00000000e4000000)
  from space 5120K, 99% used [0x00000000e4000000,0x00000000e44fb660,0x00000000e4500000)
  to   space 5120K, 0% used [0x00000000e4500000,0x00000000e4500000,0x00000000e4a00000)
 ParOldGen       total 86016K, used 8729K [0x00000000a0000000, 0x00000000a5400000, 0x00000000e0000000)
  object space 86016K, 10% used [0x00000000a0000000,0x00000000a0886728,0x00000000a5400000)
 Metaspace       used 20765K, capacity 21212K, committed 21248K, reserved 1067008K
  class space    used 2894K, capacity 3043K, committed 3072K, reserved 1048576K
Event: 3.548 GC heap after
Heap after GC invocations=6 (full 1):
 PSYoungGen      total 70656K, used 0K [0x00000000e0000000, 0x00000000e4a00000, 0x0000000100000000)
  eden space 65536K, 0% used [0x00000000e0000000,0x00000000e0000000,0x00000000e4000000)
  from space 5120K, 0% used [0x00000000e4000000,0x00000000e4000000,0x00000000e4500000)
  to   space 5120K, 0% used [0x00000000e4500000,0x00000000e4500000,0x00000000e4a00000)
 ParOldGen       total 58880K, used 8374K [0x00000000a0000000, 0x00000000a3980000, 0x00000000e0000000)
  object space 58880K, 14% used [0x00000000a0000000,0x00000000a082dba0,0x00000000a3980000)
 Metaspace       used 20765K, capacity 21212K, committed 21248K, reserved 1067008K
  class space    used 2894K, capacity 3043K, committed 3072K, reserved 1048576K
}
Event: 4.699 GC heap before
{Heap before GC invocations=7 (full 1):
 PSYoungGen      total 70656K, used 65536K [0x00000000e0000000, 0x00000000e4a00000, 0x0000000100000000)
  eden space 65536K, 100% used [0x00000000e0000000,0x00000000e4000000,0x00000000e4000000)
  from space 5120K, 0% used [0x00000000e4000000,0x00000000e4000000,0x00000000e4500000)
  to   space 5120K, 0% used [0x00000000e4500000,0x00000000e4500000,0x00000000e4a00000)
 ParOldGen       total 58880K, used 8374K [0x00000000a0000000, 0x00000000a3980000, 0x00000000e0000000)
  object space 58880K, 14% used [0x00000000a0000000,0x00000000a082dba0,0x00000000a3980000)
 Metaspace       used 26462K, capacity 27052K, committed 27136K, reserved 1073152K
  class space    used 3636K, capacity 3809K, committed 3840K, reserved 1048576K
Event: 4.706 GC heap after
Heap after GC invocations=7 (full 1):
 PSYoungGen      total 70656K, used 5119K [0x00000000e0000000, 0x00000000e4a00000, 0x0000000100000000)
  eden space 65536K, 0% used [0x00000000e0000000,0x00000000e0000000,0x00000000e4000000)
  from space 5120K, 99% used [0x00000000e4500000,0x00000000e49fff98,0x00000000e4a00000)
  to   space 5120K, 0% used [0x00000000e4000000,0x00000000e4000000,0x00000000e4500000)
 ParOldGen       total 58880K, used 10033K [0x00000000a0000000, 0x00000000a3980000, 0x00000000e0000000)
  object space 58880K, 17% used [0x00000000a0000000,0x00000000a09cc640,0x00000000a3980000)
 Metaspace       used 26462K, capacity 27052K, committed 27136K, reserved 1073152K
  class space    used 3636K, capacity 3809K, committed 3840K, reserved 1048576K
}
Event: 5.883 GC heap before
{Heap before GC invocations=8 (full 1):
 PSYoungGen      total 70656K, used 70655K [0x00000000e0000000, 0x00000000e4a00000, 0x0000000100000000)
  eden space 65536K, 100% used [0x00000000e0000000,0x00000000e4000000,0x00000000e4000000)
  from space 5120K, 99% used [0x00000000e4500000,0x00000000e49fff98,0x00000000e4a00000)
  to   space 5120K, 0% used [0x00000000e4000000,0x00000000e4000000,0x00000000e4500000)
 ParOldGen       total 58880K, used 10033K [0x00000000a0000000, 0x00000000a3980000, 0x00000000e0000000)
  object space 58880K, 17% used [0x00000000a0000000,0x00000000a09cc640,0x00000000a3980000)
 Metaspace       used 30277K, capacity 30908K, committed 31104K, reserved 1075200K
  class space    used 4255K, capacity 4453K, committed 4480K, reserved 1048576K
Event: 5.902 GC heap after
Heap after GC invocations=8 (full 1):
 PSYoungGen      total 70656K, used 5120K [0x00000000e0000000, 0x00000000e7880000, 0x0000000100000000)
  eden space 65536K, 0% used [0x00000000e0000000,0x00000000e0000000,0x00000000e4000000)
  from space 5120K, 100% used [0x00000000e4000000,0x00000000e4500000,0x00000000e4500000)
  to   space 10752K, 0% used [0x00000000e6e00000,0x00000000e6e00000,0x00000000e7880000)
 ParOldGen       total 58880K, used 15008K [0x00000000a0000000, 0x00000000a3980000, 0x00000000e0000000)
  object space 58880K, 25% used [0x00000000a0000000,0x00000000a0ea8228,0x00000000a3980000)
 Metaspace       used 30277K, capacity 30908K, committed 31104K, reserved 1075200K
  class space    used 4255K, capacity 4453K, committed 4480K, reserved 1048576K
}

Deoptimization events (10 events):
Event: 5.107 Thread 0x0000000018fcc800 Uncommon trap: reason=class_check action=maybe_recompile pc=0x0000000002d49980 method=java.lang.reflect.Method.equals(Ljava/lang/Object;)Z @ 5
Event: 5.183 Thread 0x0000000018fcc800 Uncommon trap: reason=unstable_if action=reinterpret pc=0x0000000002a8a1f0 method=java.util.LinkedHashMap.afterNodeInsertion(Z)V @ 1
Event: 5.209 Thread 0x0000000018fcc800 Uncommon trap: reason=class_check action=maybe_recompile pc=0x0000000002d49980 method=java.lang.reflect.Method.equals(Ljava/lang/Object;)Z @ 5
Event: 5.209 Thread 0x0000000018fcc800 Uncommon trap: reason=class_check action=maybe_recompile pc=0x0000000002d49980 method=java.lang.reflect.Method.equals(Ljava/lang/Object;)Z @ 5
Event: 5.252 Thread 0x0000000018fcc800 Uncommon trap: reason=unstable_if action=reinterpret pc=0x0000000002f868e0 method=java.net.URLClassLoader.isSealed(Ljava/lang/String;Ljava/util/jar/Manifest;)Z @ 26
Event: 5.253 Thread 0x0000000018fcc800 Uncommon trap: reason=unstable_if action=reinterpret pc=0x0000000002f5b0b0 method=java.net.URLClassLoader.isSealed(Ljava/lang/String;Ljava/util/jar/Manifest;)Z @ 26
Event: 5.265 Thread 0x0000000018fcc800 Uncommon trap: reason=bimorphic action=maybe_recompile pc=0x0000000003075310 method=org.codehaus.groovy.runtime.metaclass.MetaMethodIndex.addMethodToList(Ljava/lang/Object;Lgroovy/lang/MetaMethod;)Ljava/lang/Object; @ 96
Event: 5.338 Thread 0x0000000018fcc800 Uncommon trap: reason=unstable_if action=reinterpret pc=0x0000000002fcc480 method=java.net.URLStreamHandler.sameFile(Ljava/net/URL;Ljava/net/URL;)Z @ 63
Event: 5.661 Thread 0x0000000018fcc800 Uncommon trap: reason=unstable_if action=reinterpret pc=0x00000000031039ec method=java.net.URI.match(CJJ)Z @ 45
Event: 5.684 Thread 0x0000000018fcc800 Uncommon trap: reason=unstable_if action=reinterpret pc=0x0000000002d41260 method=java.net.URI.match(CJJ)Z @ 45

Classes redefined (0 events):
No events

Internal exceptions (10 events):
Event: 5.599 Thread 0x0000000018fcc800 Exception <a 'java/lang/ClassNotFoundException': org/gradle/api/internal/artifacts/DefaultArtifactRepositoryContainerBeanInfo> (0x00000000e2cf4338) thrown at [D:\src\AOSP-openjdk-cygwin\jdk8u\hotspot\src\share\vm\classfile\systemDictionary.cpp, line 210]
Event: 5.599 Thread 0x0000000018fcc800 Exception <a 'java/lang/ClassNotFoundException': org/gradle/api/internal/DefaultNamedDomainObjectListBeanInfo> (0x00000000e2d1e2b0) thrown at [D:\src\AOSP-openjdk-cygwin\jdk8u\hotspot\src\share\vm\classfile\systemDictionary.cpp, line 210]
Event: 5.600 Thread 0x0000000018fcc800 Exception <a 'java/lang/ClassNotFoundException': org/gradle/api/internal/DefaultNamedDomainObjectCollectionBeanInfo> (0x00000000e2d49e38) thrown at [D:\src\AOSP-openjdk-cygwin\jdk8u\hotspot\src\share\vm\classfile\systemDictionary.cpp, line 210]
Event: 5.601 Thread 0x0000000018fcc800 Exception <a 'java/lang/ClassNotFoundException': org/gradle/api/internal/DefaultDomainObjectCollectionBeanInfo> (0x00000000e2d74918) thrown at [D:\src\AOSP-openjdk-cygwin\jdk8u\hotspot\src\share\vm\classfile\systemDictionary.cpp, line 210]
Event: 5.602 Thread 0x0000000018fcc800 Exception <a 'java/lang/ClassNotFoundException': org/gradle/api/internal/DefaultDomainObjectCollectionCustomizer> (0x00000000e2d9fca0) thrown at [D:\src\AOSP-openjdk-cygwin\jdk8u\hotspot\src\share\vm\classfile\systemDictionary.cpp, line 210]
Event: 5.604 Thread 0x0000000018fcc800 Exception <a 'java/lang/ClassNotFoundException': org/gradle/api/internal/DefaultNamedDomainObjectCollectionCustomizer> (0x00000000e2df3fb8) thrown at [D:\src\AOSP-openjdk-cygwin\jdk8u\hotspot\src\share\vm\classfile\systemDictionary.cpp, line 210]
Event: 5.606 Thread 0x0000000018fcc800 Exception <a 'java/lang/ClassNotFoundException': org/gradle/api/internal/DefaultNamedDomainObjectListCustomizer> (0x00000000e2e496d8) thrown at [D:\src\AOSP-openjdk-cygwin\jdk8u\hotspot\src\share\vm\classfile\systemDictionary.cpp, line 210]
Event: 5.610 Thread 0x0000000018fcc800 Exception <a 'java/lang/ClassNotFoundException': org/gradle/api/internal/artifacts/DefaultArtifactRepositoryContainerCustomizer> (0x00000000e2eb3420) thrown at [D:\src\AOSP-openjdk-cygwin\jdk8u\hotspot\src\share\vm\classfile\systemDictionary.cpp, line 210
Event: 5.612 Thread 0x0000000018fcc800 Exception <a 'java/lang/ClassNotFoundException': org/gradle/api/internal/artifacts/dsl/DefaultRepositoryHandlerCustomizer> (0x00000000e2f10b50) thrown at [D:\src\AOSP-openjdk-cygwin\jdk8u\hotspot\src\share\vm\classfile\systemDictionary.cpp, line 210]
Event: 5.614 Thread 0x0000000018fcc800 Exception <a 'java/lang/ClassNotFoundException': org/gradle/api/internal/artifacts/dsl/DefaultRepositoryHandler_DecoratedCustomizer> (0x00000000e2f76448) thrown at [D:\src\AOSP-openjdk-cygwin\jdk8u\hotspot\src\share\vm\classfile\systemDictionary.cpp, line

Events (10 events):
Event: 5.959 Executing VM operation: RevokeBias
Event: 5.959 Executing VM operation: RevokeBias done
Event: 5.959 loading class org/gradle/api/internal/artifacts/DownloadArtifactBuildOperationType
Event: 5.959 loading class org/gradle/api/internal/artifacts/DownloadArtifactBuildOperationType done
Event: 5.960 loading class org/gradle/api/internal/artifacts/DownloadArtifactBuildOperationType$Result
Event: 5.960 loading class org/gradle/api/internal/artifacts/DownloadArtifactBuildOperationType$Result done
Event: 5.960 loading class org/gradle/api/internal/artifacts/DownloadArtifactBuildOperationType$1
Event: 5.960 loading class org/gradle/api/internal/artifacts/DownloadArtifactBuildOperationType$1 done
Event: 5.964 Executing VM operation: RevokeBias
Event: 5.965 Executing VM operation: RevokeBias done


Dynamic libraries:
0x00007ff6abca0000 - 0x00007ff6abcd1000 	C:\Program Files\Android\Android Studio\jre\bin\java.exe
0x00007ffdc3300000 - 0x00007ffdc34e1000 	C:\WINDOWS\SYSTEM32\ntdll.dll
0x00007ffdc2a40000 - 0x00007ffdc2af2000 	C:\WINDOWS\System32\KERNEL32.DLL
0x00007ffdc00d0000 - 0x00007ffdc0343000 	C:\WINDOWS\System32\KERNELBASE.dll
0x00007ffdc3050000 - 0x00007ffdc30f1000 	C:\WINDOWS\System32\ADVAPI32.dll
0x00007ffdc2fb0000 - 0x00007ffdc304e000 	C:\WINDOWS\System32\msvcrt.dll
0x00007ffdc24a0000 - 0x00007ffdc24fb000 	C:\WINDOWS\System32\sechost.dll
0x00007ffdc2b60000 - 0x00007ffdc2c84000 	C:\WINDOWS\System32\RPCRT4.dll
0x00007ffdc2c90000 - 0x00007ffdc2e20000 	C:\WINDOWS\System32\USER32.dll
0x00007ffdc00b0000 - 0x00007ffdc00d0000 	C:\WINDOWS\System32\win32u.dll
0x00007ffdc07a0000 - 0x00007ffdc07c8000 	C:\WINDOWS\System32\GDI32.dll
0x00007ffdc05f0000 - 0x00007ffdc0782000 	C:\WINDOWS\System32\gdi32full.dll
0x00007ffdbf750000 - 0x00007ffdbf7ef000 	C:\WINDOWS\System32\msvcp_win.dll
0x00007ffdbffb0000 - 0x00007ffdc00aa000 	C:\WINDOWS\System32\ucrtbase.dll
0x00007ffdab170000 - 0x00007ffdab3d9000 	C:\WINDOWS\WinSxS\amd64_microsoft.windows.common-controls_6595b64144ccf1df_6.0.17134.472_none_fb3f9af53068156d\COMCTL32.dll
0x00007ffdc2510000 - 0x00007ffdc2832000 	C:\WINDOWS\System32\combase.dll
0x00007ffdbf6d0000 - 0x00007ffdbf74a000 	C:\WINDOWS\System32\bcryptPrimitives.dll
0x00007ffdc2f80000 - 0x00007ffdc2fad000 	C:\WINDOWS\System32\IMM32.DLL
0x0000000074d80000 - 0x0000000074e52000 	C:\Program Files\Android\Android Studio\jre\jre\bin\msvcr100.dll
0x0000000075070000 - 0x00000000758af000 	C:\Program Files\Android\Android Studio\jre\jre\bin\server\jvm.dll
0x00007ffdc0790000 - 0x00007ffdc0798000 	C:\WINDOWS\System32\PSAPI.DLL
0x00007ffdbd6e0000 - 0x00007ffdbd703000 	C:\WINDOWS\SYSTEM32\WINMM.dll
0x00007ffdbe230000 - 0x00007ffdbe23a000 	C:\WINDOWS\SYSTEM32\VERSION.dll
0x00007ffda6af0000 - 0x00007ffda6af9000 	C:\WINDOWS\SYSTEM32\WSOCK32.dll
0x00007ffdc2350000 - 0x00007ffdc23bc000 	C:\WINDOWS\System32\WS2_32.dll
0x00007ffdbd6b0000 - 0x00007ffdbd6da000 	C:\WINDOWS\SYSTEM32\WINMMBASE.dll
0x00007ffdc05a0000 - 0x00007ffdc05e9000 	C:\WINDOWS\System32\cfgmgr32.dll
0x00007ffdbe300000 - 0x00007ffdbe30f000 	C:\Program Files\Android\Android Studio\jre\jre\bin\verify.dll
0x00007ffdac850000 - 0x00007ffdac879000 	C:\Program Files\Android\Android Studio\jre\jre\bin\java.dll
0x00007ffda7230000 - 0x00007ffda7246000 	C:\Program Files\Android\Android Studio\jre\jre\bin\zip.dll
0x00007ffdc0940000 - 0x00007ffdc1d80000 	C:\WINDOWS\System32\SHELL32.dll
0x00007ffdc3100000 - 0x00007ffdc31a9000 	C:\WINDOWS\System32\shcore.dll
0x00007ffdbf8a0000 - 0x00007ffdbffad000 	C:\WINDOWS\System32\windows.storage.dll
0x00007ffdc29e0000 - 0x00007ffdc2a31000 	C:\WINDOWS\System32\shlwapi.dll
0x00007ffdbf670000 - 0x00007ffdbf681000 	C:\WINDOWS\System32\kernel.appcore.dll
0x00007ffdbf690000 - 0x00007ffdbf6af000 	C:\WINDOWS\System32\profapi.dll
0x00007ffdbf620000 - 0x00007ffdbf66c000 	C:\WINDOWS\System32\powrprof.dll
0x00007ffdbf610000 - 0x00007ffdbf61a000 	C:\WINDOWS\System32\FLTLIB.DLL
0x00007ffda6b30000 - 0x00007ffda6b4a000 	C:\Program Files\Android\Android Studio\jre\jre\bin\net.dll
0x00007ffdbee30000 - 0x00007ffdbee96000 	C:\WINDOWS\system32\mswsock.dll
0x00007ffda5490000 - 0x00007ffda54a1000 	C:\Program Files\Android\Android Studio\jre\jre\bin\nio.dll
0x00007ffda6bf0000 - 0x00007ffda6c0e000 	C:\Users\seohee\.gradle\native\25\windows-amd64\native-platform.dll
0x00007ffdbe200000 - 0x00007ffdbe20d000 	C:\Program Files\Android\Android Studio\jre\jre\bin\management.dll
0x00007ffdbefe0000 - 0x00007ffdbeff7000 	C:\WINDOWS\SYSTEM32\CRYPTSP.dll
0x00007ffdbea10000 - 0x00007ffdbea43000 	C:\WINDOWS\system32\rsaenh.dll
0x00007ffdbf110000 - 0x00007ffdbf135000 	C:\WINDOWS\SYSTEM32\bcrypt.dll
0x00007ffdbf510000 - 0x00007ffdbf538000 	C:\WINDOWS\SYSTEM32\USERENV.dll
0x00007ffdbf000000 - 0x00007ffdbf00b000 	C:\WINDOWS\SYSTEM32\CRYPTBASE.dll
0x00007ffdbebb0000 - 0x00007ffdbebe8000 	C:\WINDOWS\SYSTEM32\IPHLPAPI.DLL
0x00007ffdc31b0000 - 0x00007ffdc31b8000 	C:\WINDOWS\System32\NSI.dll
0x00007ffdb8980000 - 0x00007ffdb8996000 	C:\WINDOWS\SYSTEM32\dhcpcsvc6.DLL
0x00007ffdb61e0000 - 0x00007ffdb61fa000 	C:\WINDOWS\SYSTEM32\dhcpcsvc.DLL

VM Arguments:
jvm_args: -Xmx1536m -Dfile.encoding=x-windows-949 -Duser.country=KR -Duser.language=ko -Duser.variant 
java_command: org.gradle.launcher.daemon.bootstrap.GradleDaemon 4.4
java_class_path (initial): C:\Users\seohee\.gradle\wrapper\dists\gradle-4.4-all\9br9xq1tocpiv8o6njlyu5op1\gradle-4.4\lib\gradle-launcher-4.4.jar
Launcher Type: SUN_STANDARD

Environment Variables:
PATH=C:\Program Files (x86)\Common Files\Oracle\Java\javapath;C:\Program Files (x86)\Intel\iCLS Client\;C:\Program Files\Intel\iCLS Client\;C:\WINDOWS\system32;C:\WINDOWS;C:\WINDOWS\System32\Wbem;C:\WINDOWS\System32\WindowsPowerShell\v1.0\;C:\Program Files (x86)\Intel\Intel(R) Management Engine Components\DAL;C:\Program Files\Intel\Intel(R) Management Engine Components\DAL;C:\Program Files (x86)\Intel\Intel(R) Management Engine Components\IPT;C:\Program Files\Intel\Intel(R) Management Engine Components\IPT;C:\Program Files\Intel\WiFi\bin\;C:\Program Files\Common Files\Intel\WirelessCommon\;C:\Program Files\dotnet\;C:\jdk1.8\bin;C:\Program Files\MySQL\MySQL Server 8.0\bin;;C:\WINDOWS\System32\OpenSSH\;C:\Program Files\PuTTY\;C:\Users\seohee\AppData\Local\Microsoft\WindowsApps;;C:\Users\seohee\AppData\Local\Programs\Microsoft VS Code\bin
USERNAME=seohee
OS=Windows_NT
PROCESSOR_IDENTIFIER=Intel64 Family 6 Model 78 Stepping 3, GenuineIntel



---------------  S Y S T E M  ---------------

OS: Windows 10.0 , 64 bit Build 17134 (10.0.17134.1)

CPU:total 4 (initial active 4) (2 cores per cpu, 2 threads per core) family 6 model 78 stepping 3, cmov, cx8, fxsr, mmx, sse, sse2, sse3, ssse3, sse4.1, sse4.2, popcnt, avx, avx2, aes, clmul, erms, 3dnowpref, lzcnt, ht, tsc, tscinvbit, bmi1, bmi2, adx

Memory: 4k page, physical 8248924k(1630548k free), swap 33414748k(4336k free)

vm_info: OpenJDK 64-Bit Server VM (25.152-b02) for windows-amd64 JRE (1.8.0_152-release-1024-b02), built by "builder" with MS VC++ 10.0 (VS2010)

time: Tue Jan 08 17:27:46 2019
elapsed time: 5 seconds (0d 0h 0m 5s)

