#
# There is insufficient memory for the Java Runtime Environment to continue.
# Native memory allocation (malloc) failed to allocate 1242816 bytes for Chunk::new
# Possible reasons:
#   The system is out of physical RAM or swap space
#   In 32 bit mode, the process size limit was hit
# Possible solutions:
#   Reduce memory load on the system
#   Increase physical memory or swap space
#   Check if swap backing store is full
#   Use 64 bit Java on a 64 bit OS
#   Decrease Java heap size (-Xmx/-Xms)
#   Decrease number of Java threads
#   Decrease Java thread stack sizes (-Xss)
#   Set larger code cache with -XX:ReservedCodeCacheSize=
# This output file may be truncated or incomplete.
#
#  Out of Memory Error (allocation.cpp:390), pid=11620, tid=0x00000000000027a8
#
# JRE version: OpenJDK Runtime Environment (8.0_152-b02) (build 1.8.0_152-release-1024-b02)
# Java VM: OpenJDK 64-Bit Server VM (25.152-b02 mixed mode windows-amd64 compressed oops)
# Failed to write core dump. Minidumps are not enabled by default on client versions of Windows
#

---------------  T H R E A D  ---------------

Current thread (0x0000000016e6d800):  JavaThread "C2 CompilerThread0" daemon [_thread_in_native, id=10152, stack(0x00000000187b0000,0x00000000188b0000)]

Stack: [0x00000000187b0000,0x00000000188b0000]
[error occurred during error reporting (printing stack bounds), id 0xc0000005]

Native frames: (J=compiled Java code, j=interpreted, Vv=VM code, C=native code)


Current CompileTask:
C2:   2722 1445   !   4       java.net.URLClassLoader$1::run (63 bytes)


---------------  P R O C E S S  ---------------

Java Threads: ( => current thread )
  0x000000001a21b000 JavaThread "Cache worker for file hash cache (C:\Users\seohee\AndroidStudioProjects\WaitingSuttle\.gradle\4.4\fileHashes)" [_thread_blocked, id=17108, stack(0x000000001c450000,0x000000001c550000)]
  0x0000000019b75800 JavaThread "File lock request listener" [_thread_in_native, id=20020, stack(0x000000001b380000,0x000000001b480000)]
  0x0000000019e31800 JavaThread "Cache worker for file hash cache (C:\Users\seohee\.gradle\caches\4.4\fileHashes)" [_thread_blocked, id=13888, stack(0x000000001b280000,0x000000001b380000)]
  0x0000000019f0d800 JavaThread "Stdin handler" [_thread_blocked, id=17772, stack(0x000000001af80000,0x000000001b080000)]
  0x0000000019f20000 JavaThread "Asynchronous log dispatcher for DefaultDaemonConnection: socket connection from /127.0.0.1:4847 to /127.0.0.1:4848" [_thread_blocked, id=19588, stack(0x000000001ae80000,0x000000001af80000)]
  0x0000000019f1f800 JavaThread "Daemon worker" [_thread_in_native, id=3024, stack(0x000000001ad80000,0x000000001ae80000)]
  0x0000000019f1e800 JavaThread "Cancel handler" [_thread_blocked, id=11332, stack(0x000000001ac80000,0x000000001ad80000)]
  0x0000000019ec9000 JavaThread "Handler for socket connection from /127.0.0.1:4847 to /127.0.0.1:4848" [_thread_in_native, id=13016, stack(0x000000001a980000,0x000000001aa80000)]
  0x0000000019ec5000 JavaThread "Daemon" [_thread_blocked, id=17504, stack(0x000000001a880000,0x000000001a980000)]
  0x0000000019d6f000 JavaThread "Daemon periodic checks" [_thread_blocked, id=13116, stack(0x000000001a780000,0x000000001a880000)]
  0x0000000019b5d800 JavaThread "Incoming local TCP Connector on port 4847" [_thread_in_native, id=20332, stack(0x000000001a680000,0x000000001a780000)]
  0x0000000018231800 JavaThread "Service Thread" daemon [_thread_blocked, id=17532, stack(0x0000000018ab0000,0x0000000018bb0000)]
  0x00000000181c1800 JavaThread "C1 CompilerThread2" daemon [_thread_blocked, id=1368, stack(0x00000000189b0000,0x0000000018ab0000)]
  0x0000000016ebb000 JavaThread "C2 CompilerThread1" daemon [_thread_in_native, id=17412, stack(0x00000000188b0000,0x00000000189b0000)]
=>0x0000000016e6d800 JavaThread "C2 CompilerThread0" daemon [_thread_in_native, id=10152, stack(0x00000000187b0000,0x00000000188b0000)]
  0x0000000016eb8800 JavaThread "Attach Listener" daemon [_thread_blocked, id=19840, stack(0x00000000186b0000,0x00000000187b0000)]
  0x00000000181b8800 JavaThread "Signal Dispatcher" daemon [_thread_blocked, id=14720, stack(0x00000000185b0000,0x00000000186b0000)]
  0x00000000034ec000 JavaThread "Finalizer" daemon [_thread_blocked, id=15752, stack(0x00000000180b0000,0x00000000181b0000)]
  0x00000000034e1000 JavaThread "Reference Handler" daemon [_thread_blocked, id=17164, stack(0x0000000017fb0000,0x00000000180b0000)]
  0x000000000124d800 JavaThread "main" [_thread_blocked, id=19980, stack(0x00000000032f0000,0x00000000033f0000)]

Other Threads:
  0x0000000016e25800 VMThread [stack: 0x0000000017eb0000,0x0000000017fb0000] [id=12808]
  0x0000000018235000 WatcherThread [stack: 0x0000000018bb0000,0x0000000018cb0000] [id=756]

VM state:not at safepoint (normal execution)

VM Mutex/Monitor currently owned by a thread: None

Heap:
 PSYoungGen      total 37888K, used 29000K [0x00000000e0000000, 0x00000000e2a00000, 0x0000000100000000)
  eden space 32768K, 72% used [0x00000000e0000000,0x00000000e17539b8,0x00000000e2000000)
  from space 5120K, 99% used [0x00000000e2000000,0x00000000e24fe808,0x00000000e2500000)
  to   space 5120K, 0% used [0x00000000e2500000,0x00000000e2500000,0x00000000e2a00000)
 ParOldGen       total 86016K, used 2601K [0x00000000a0000000, 0x00000000a5400000, 0x00000000e0000000)
  object space 86016K, 3% used [0x00000000a0000000,0x00000000a028a598,0x00000000a5400000)
 Metaspace       used 16563K, capacity 16866K, committed 17152K, reserved 1064960K
  class space    used 2356K, capacity 2479K, committed 2560K, reserved 1048576K

Card table byte_map: [0x00000000128b0000,0x0000000012bc0000] byte_map_base: 0x00000000123b0000

Marking Bits: (ParMarkBitMap*) 0x0000000075834970
 Begin Bits: [0x00000000131c0000, 0x00000000149c0000)
 End Bits:   [0x00000000149c0000, 0x00000000161c0000)

Polling page: 0x0000000000de0000

CodeCache: size=245760Kb used=5130Kb max_used=5130Kb free=240629Kb
 bounds [0x00000000034f0000, 0x0000000003a00000, 0x00000000124f0000]
 total_blobs=1874 nmethods=1499 adapters=288
 compilation: enabled

Compilation events (10 events):
Event: 2.690 Thread 0x00000000181c1800 1500       3       sun.reflect.Reflection::filter (220 bytes)
Event: 2.691 Thread 0x00000000181c1800 nmethod 1500 0x00000000039ef910 code [0x00000000039efb20, 0x00000000039f0708]
Event: 2.691 Thread 0x00000000181c1800 1501       3       java.util.LinkedList$ListItr::<init> (47 bytes)
Event: 2.691 Thread 0x00000000181c1800 nmethod 1501 0x00000000039f0d90 code [0x00000000039f0f00, 0x00000000039f11a8]
Event: 2.702 Thread 0x00000000181c1800 1502       3       org.gradle.internal.service.DefaultServiceRegistry$ParameterizedTypeSpec::isSatisfiedBy (90 bytes)
Event: 2.703 Thread 0x00000000181c1800 nmethod 1502 0x00000000039f12d0 code [0x00000000039f14e0, 0x00000000039f1fb8]
Event: 2.709 Thread 0x00000000181c1800 1503       3       sun.misc.ProxyGenerator$ConstantPool::getFieldRef (33 bytes)
Event: 2.710 Thread 0x00000000181c1800 nmethod 1503 0x00000000039f2310 code [0x00000000039f25a0, 0x00000000039f3348]
Event: 2.712 Thread 0x00000000181c1800 1504       3       java.util.LinkedHashMap$LinkedValueIterator::next (8 bytes)
Event: 2.712 Thread 0x00000000181c1800 nmethod 1504 0x00000000039f3e50 code [0x00000000039f3fc0, 0x00000000039f41c8]

GC Heap History (6 events):
Event: 0.706 GC heap before
{Heap before GC invocations=1 (full 0):
 PSYoungGen      total 37888K, used 32768K [0x00000000e0000000, 0x00000000e2a00000, 0x0000000100000000)
  eden space 32768K, 100% used [0x00000000e0000000,0x00000000e2000000,0x00000000e2000000)
  from space 5120K, 0% used [0x00000000e2500000,0x00000000e2500000,0x00000000e2a00000)
  to   space 5120K, 0% used [0x00000000e2000000,0x00000000e2000000,0x00000000e2500000)
 ParOldGen       total 86016K, used 0K [0x00000000a0000000, 0x00000000a5400000, 0x00000000e0000000)
  object space 86016K, 0% used [0x00000000a0000000,0x00000000a0000000,0x00000000a5400000)
 Metaspace       used 6955K, capacity 7194K, committed 7424K, reserved 1056768K
  class space    used 846K, capacity 911K, committed 1024K, reserved 1048576K
Event: 0.712 GC heap after
Heap after GC invocations=1 (full 0):
 PSYoungGen      total 37888K, used 4432K [0x00000000e0000000, 0x00000000e2a00000, 0x0000000100000000)
  eden space 32768K, 0% used [0x00000000e0000000,0x00000000e0000000,0x00000000e2000000)
  from space 5120K, 86% used [0x00000000e2000000,0x00000000e24543e8,0x00000000e2500000)
  to   space 5120K, 0% used [0x00000000e2500000,0x00000000e2500000,0x00000000e2a00000)
 ParOldGen       total 86016K, used 8K [0x00000000a0000000, 0x00000000a5400000, 0x00000000e0000000)
  object space 86016K, 0% used [0x00000000a0000000,0x00000000a0002000,0x00000000a5400000)
 Metaspace       used 6955K, capacity 7194K, committed 7424K, reserved 1056768K
  class space    used 846K, capacity 911K, committed 1024K, reserved 1048576K
}
Event: 1.952 GC heap before
{Heap before GC invocations=2 (full 0):
 PSYoungGen      total 37888K, used 37200K [0x00000000e0000000, 0x00000000e2a00000, 0x0000000100000000)
  eden space 32768K, 100% used [0x00000000e0000000,0x00000000e2000000,0x00000000e2000000)
  from space 5120K, 86% used [0x00000000e2000000,0x00000000e24543e8,0x00000000e2500000)
  to   space 5120K, 0% used [0x00000000e2500000,0x00000000e2500000,0x00000000e2a00000)
 ParOldGen       total 86016K, used 8K [0x00000000a0000000, 0x00000000a5400000, 0x00000000e0000000)
  object space 86016K, 0% used [0x00000000a0000000,0x00000000a0002000,0x00000000a5400000)
 Metaspace       used 10906K, capacity 11220K, committed 11264K, reserved 1058816K
  class space    used 1436K, capacity 1522K, committed 1536K, reserved 1048576K
Event: 1.959 GC heap after
Heap after GC invocations=2 (full 0):
 PSYoungGen      total 37888K, used 5092K [0x00000000e0000000, 0x00000000e2a00000, 0x0000000100000000)
  eden space 32768K, 0% used [0x00000000e0000000,0x00000000e0000000,0x00000000e2000000)
  from space 5120K, 99% used [0x00000000e2500000,0x00000000e29f9060,0x00000000e2a00000)
  to   space 5120K, 0% used [0x00000000e2000000,0x00000000e2000000,0x00000000e2500000)
 ParOldGen       total 86016K, used 523K [0x00000000a0000000, 0x00000000a5400000, 0x00000000e0000000)
  object space 86016K, 0% used [0x00000000a0000000,0x00000000a0082fd0,0x00000000a5400000)
 Metaspace       used 10906K, capacity 11220K, committed 11264K, reserved 1058816K
  class space    used 1436K, capacity 1522K, committed 1536K, reserved 1048576K
}
Event: 2.334 GC heap before
{Heap before GC invocations=3 (full 0):
 PSYoungGen      total 37888K, used 37860K [0x00000000e0000000, 0x00000000e2a00000, 0x0000000100000000)
  eden space 32768K, 100% used [0x00000000e0000000,0x00000000e2000000,0x00000000e2000000)
  from space 5120K, 99% used [0x00000000e2500000,0x00000000e29f9060,0x00000000e2a00000)
  to   space 5120K, 0% used [0x00000000e2000000,0x00000000e2000000,0x00000000e2500000)
 ParOldGen       total 86016K, used 523K [0x00000000a0000000, 0x00000000a5400000, 0x00000000e0000000)
  object space 86016K, 0% used [0x00000000a0000000,0x00000000a0082fd0,0x00000000a5400000)
 Metaspace       used 14301K, capacity 14722K, committed 14976K, reserved 1062912K
  class space    used 1992K, capacity 2127K, committed 2176K, reserved 1048576K
Event: 2.343 GC heap after
Heap after GC invocations=3 (full 0):
 PSYoungGen      total 37888K, used 5114K [0x00000000e0000000, 0x00000000e2a00000, 0x0000000100000000)
  eden space 32768K, 0% used [0x00000000e0000000,0x00000000e0000000,0x00000000e2000000)
  from space 5120K, 99% used [0x00000000e2000000,0x00000000e24fe808,0x00000000e2500000)
  to   space 5120K, 0% used [0x00000000e2500000,0x00000000e2500000,0x00000000e2a00000)
 ParOldGen       total 86016K, used 2601K [0x00000000a0000000, 0x00000000a5400000, 0x00000000e0000000)
  object space 86016K, 3% used [0x00000000a0000000,0x00000000a028a598,0x00000000a5400000)
 Metaspace       used 14301K, capacity 14722K, committed 14976K, reserved 1062912K
  class space    used 1992K, capacity 2127K, committed 2176K, reserved 1048576K
}

Deoptimization events (10 events):
Event: 1.251 Thread 0x000000000124d800 Uncommon trap: reason=unstable_if action=reinterpret pc=0x00000000037ce8ac method=java.io.WinNTFileSystem.normalize(Ljava/lang/String;)Ljava/lang/String; @ 128
Event: 1.251 Thread 0x000000000124d800 Uncommon trap: reason=unstable_if action=reinterpret pc=0x0000000003812de4 method=java.io.WinNTFileSystem.normalize(Ljava/lang/String;II)Ljava/lang/String; @ 90
Event: 1.989 Thread 0x0000000019ec9000 Uncommon trap: reason=unstable_if action=reinterpret pc=0x0000000003881ed4 method=java.util.concurrent.ConcurrentHashMap.putVal(Ljava/lang/Object;Ljava/lang/Object;Z)Ljava/lang/Object; @ 206
Event: 2.059 Thread 0x0000000019f1f800 Uncommon trap: reason=bimorphic action=maybe_recompile pc=0x0000000003826a70 method=java.util.HashMap.putVal(ILjava/lang/Object;Ljava/lang/Object;ZZ)Ljava/lang/Object; @ 253
Event: 2.059 Thread 0x0000000019f1f800 Uncommon trap: reason=bimorphic action=maybe_recompile pc=0x0000000003826a70 method=java.util.HashMap.putVal(ILjava/lang/Object;Ljava/lang/Object;ZZ)Ljava/lang/Object; @ 253
Event: 2.071 Thread 0x0000000019f1f800 Uncommon trap: reason=class_check action=maybe_recompile pc=0x000000000376911c method=java.util.regex.Matcher.match(II)Z @ 86
Event: 2.285 Thread 0x0000000019f1f800 Uncommon trap: reason=class_check action=maybe_recompile pc=0x000000000376911c method=java.util.regex.Matcher.match(II)Z @ 86
Event: 2.368 Thread 0x0000000019f1f800 Uncommon trap: reason=unstable_if action=reinterpret pc=0x0000000003957674 method=java.lang.String.lastIndexOf([CII[CIII)I @ 66
Event: 2.686 Thread 0x0000000019f1f800 Uncommon trap: reason=unstable_if action=reinterpret pc=0x000000000364eb48 method=java.net.URI.match(CJJ)Z @ 19
Event: 2.687 Thread 0x0000000019f1f800 Uncommon trap: reason=unstable_if action=reinterpret pc=0x0000000003799d40 method=java.net.URI.match(CJJ)Z @ 19

Classes redefined (0 events):
No events

Internal exceptions (10 events):
Event: 2.002 Thread 0x0000000019ec9000 Exception <a 'java/lang/NoSuchMethodError': <clinit>> (0x00000000e01f70f0) thrown at [D:\src\AOSP-openjdk-cygwin\jdk8u\hotspot\src\share\vm\prims\jni.cpp, line 1613]
Event: 2.003 Thread 0x0000000019ec9000 Exception <a 'java/lang/NoSuchMethodError': <clinit>> (0x00000000e020ec08) thrown at [D:\src\AOSP-openjdk-cygwin\jdk8u\hotspot\src\share\vm\prims\jni.cpp, line 1613]
Event: 2.004 Thread 0x0000000019ec9000 Exception <a 'java/lang/NoSuchMethodError': <clinit>> (0x00000000e02176d0) thrown at [D:\src\AOSP-openjdk-cygwin\jdk8u\hotspot\src\share\vm\prims\jni.cpp, line 1613]
Event: 2.005 Thread 0x0000000019ec9000 Exception <a 'java/lang/NoSuchMethodError': <clinit>> (0x00000000e0228d80) thrown at [D:\src\AOSP-openjdk-cygwin\jdk8u\hotspot\src\share\vm\prims\jni.cpp, line 1613]
Event: 2.018 Thread 0x0000000019ec9000 Exception <a 'java/lang/NoSuchMethodError': <clinit>> (0x00000000e0296648) thrown at [D:\src\AOSP-openjdk-cygwin\jdk8u\hotspot\src\share\vm\prims\jni.cpp, line 1613]
Event: 2.022 Thread 0x0000000019ec9000 Exception <a 'java/lang/NoSuchMethodError': <clinit>> (0x00000000e02b9fb8) thrown at [D:\src\AOSP-openjdk-cygwin\jdk8u\hotspot\src\share\vm\prims\jni.cpp, line 1613]
Event: 2.025 Thread 0x0000000019ec9000 Exception <a 'java/lang/NoSuchMethodError': <clinit>> (0x00000000e02d4f20) thrown at [D:\src\AOSP-openjdk-cygwin\jdk8u\hotspot\src\share\vm\prims\jni.cpp, line 1613]
Event: 2.028 Thread 0x0000000019ec9000 Exception <a 'java/lang/NoSuchMethodError': <clinit>> (0x00000000e02f7d28) thrown at [D:\src\AOSP-openjdk-cygwin\jdk8u\hotspot\src\share\vm\prims\jni.cpp, line 1613]
Event: 2.052 Thread 0x0000000019f1f800 Exception <a 'java/lang/NoSuchMethodError': <clinit>> (0x00000000e044a668) thrown at [D:\src\AOSP-openjdk-cygwin\jdk8u\hotspot\src\share\vm\prims\jni.cpp, line 1613]
Event: 2.052 Thread 0x0000000019f1f800 Exception <a 'java/lang/NoSuchMethodError': <clinit>> (0x00000000e04528f0) thrown at [D:\src\AOSP-openjdk-cygwin\jdk8u\hotspot\src\share\vm\prims\jni.cpp, line 1613]

Events (10 events):
Event: 2.717 loading class org/gradle/api/NamedDomainObjectSet
Event: 2.717 loading class org/gradle/api/NamedDomainObjectSet done
Event: 2.717 loading class org/gradle/api/NamedDomainObjectCollection
Event: 2.717 loading class org/gradle/api/NamedDomainObjectCollection done
Event: 2.718 loading class org/gradle/api/PolymorphicDomainObjectContainer
Event: 2.718 loading class org/gradle/api/PolymorphicDomainObjectContainer done
Event: 2.718 loading class org/gradle/api/NamedDomainObjectContainer
Event: 2.718 loading class org/gradle/api/NamedDomainObjectContainer done
Event: 2.718 loading class org/gradle/util/Configurable
Event: 2.718 loading class org/gradle/util/Configurable done


Dynamic libraries:
0x00007ff6abca0000 - 0x00007ff6abcd1000 	C:\Program Files\Android\Android Studio\jre\bin\java.exe
0x00007ffdc3300000 - 0x00007ffdc34e1000 	C:\WINDOWS\SYSTEM32\ntdll.dll
0x00007ffdc2a40000 - 0x00007ffdc2af2000 	C:\WINDOWS\System32\KERNEL32.DLL
0x00007ffdc00d0000 - 0x00007ffdc0343000 	C:\WINDOWS\System32\KERNELBASE.dll
0x00007ffdc3050000 - 0x00007ffdc30f1000 	C:\WINDOWS\System32\ADVAPI32.dll
0x00007ffdc2fb0000 - 0x00007ffdc304e000 	C:\WINDOWS\System32\msvcrt.dll
0x00007ffdc24a0000 - 0x00007ffdc24fb000 	C:\WINDOWS\System32\sechost.dll
0x00007ffdc2b60000 - 0x00007ffdc2c84000 	C:\WINDOWS\System32\RPCRT4.dll
0x00007ffdc2c90000 - 0x00007ffdc2e20000 	C:\WINDOWS\System32\USER32.dll
0x00007ffdc00b0000 - 0x00007ffdc00d0000 	C:\WINDOWS\System32\win32u.dll
0x00007ffdc07a0000 - 0x00007ffdc07c8000 	C:\WINDOWS\System32\GDI32.dll
0x00007ffdc05f0000 - 0x00007ffdc0782000 	C:\WINDOWS\System32\gdi32full.dll
0x00007ffdbf750000 - 0x00007ffdbf7ef000 	C:\WINDOWS\System32\msvcp_win.dll
0x00007ffdbffb0000 - 0x00007ffdc00aa000 	C:\WINDOWS\System32\ucrtbase.dll
0x00007ffdab170000 - 0x00007ffdab3d9000 	C:\WINDOWS\WinSxS\amd64_microsoft.windows.common-controls_6595b64144ccf1df_6.0.17134.472_none_fb3f9af53068156d\COMCTL32.dll
0x00007ffdc2510000 - 0x00007ffdc2832000 	C:\WINDOWS\System32\combase.dll
0x00007ffdbf6d0000 - 0x00007ffdbf74a000 	C:\WINDOWS\System32\bcryptPrimitives.dll
0x00007ffdc2f80000 - 0x00007ffdc2fad000 	C:\WINDOWS\System32\IMM32.DLL
0x00000000758e0000 - 0x00000000759b2000 	C:\Program Files\Android\Android Studio\jre\jre\bin\msvcr100.dll
0x0000000075070000 - 0x00000000758af000 	C:\Program Files\Android\Android Studio\jre\jre\bin\server\jvm.dll
0x00007ffdc0790000 - 0x00007ffdc0798000 	C:\WINDOWS\System32\PSAPI.DLL
0x00007ffda6af0000 - 0x00007ffda6af9000 	C:\WINDOWS\SYSTEM32\WSOCK32.dll
0x00007ffdc2350000 - 0x00007ffdc23bc000 	C:\WINDOWS\System32\WS2_32.dll
0x00007ffdbd6e0000 - 0x00007ffdbd703000 	C:\WINDOWS\SYSTEM32\WINMM.dll
0x00007ffdbe230000 - 0x00007ffdbe23a000 	C:\WINDOWS\SYSTEM32\VERSION.dll
0x00007ffdbd6b0000 - 0x00007ffdbd6da000 	C:\WINDOWS\SYSTEM32\WINMMBASE.dll
0x00007ffdc05a0000 - 0x00007ffdc05e9000 	C:\WINDOWS\System32\cfgmgr32.dll
0x00007ffdbe300000 - 0x00007ffdbe30f000 	C:\Program Files\Android\Android Studio\jre\jre\bin\verify.dll
0x00007ffdac850000 - 0x00007ffdac879000 	C:\Program Files\Android\Android Studio\jre\jre\bin\java.dll
0x00007ffda7230000 - 0x00007ffda7246000 	C:\Program Files\Android\Android Studio\jre\jre\bin\zip.dll
0x00007ffdc0940000 - 0x00007ffdc1d80000 	C:\WINDOWS\System32\SHELL32.dll
0x00007ffdc3100000 - 0x00007ffdc31a9000 	C:\WINDOWS\System32\shcore.dll
0x00007ffdbf8a0000 - 0x00007ffdbffad000 	C:\WINDOWS\System32\windows.storage.dll
0x00007ffdc29e0000 - 0x00007ffdc2a31000 	C:\WINDOWS\System32\shlwapi.dll
0x00007ffdbf670000 - 0x00007ffdbf681000 	C:\WINDOWS\System32\kernel.appcore.dll
0x00007ffdbf690000 - 0x00007ffdbf6af000 	C:\WINDOWS\System32\profapi.dll
0x00007ffdbf620000 - 0x00007ffdbf66c000 	C:\WINDOWS\System32\powrprof.dll
0x00007ffdbf610000 - 0x00007ffdbf61a000 	C:\WINDOWS\System32\FLTLIB.DLL
0x00007ffda6b30000 - 0x00007ffda6b4a000 	C:\Program Files\Android\Android Studio\jre\jre\bin\net.dll
0x00007ffdbee30000 - 0x00007ffdbee96000 	C:\WINDOWS\system32\mswsock.dll
0x00007ffda5490000 - 0x00007ffda54a1000 	C:\Program Files\Android\Android Studio\jre\jre\bin\nio.dll
0x00007ffda6bf0000 - 0x00007ffda6c0e000 	C:\Users\seohee\.gradle\native\25\windows-amd64\native-platform.dll
0x00007ffdbe200000 - 0x00007ffdbe20d000 	C:\Program Files\Android\Android Studio\jre\jre\bin\management.dll
0x00007ffdbefe0000 - 0x00007ffdbeff7000 	C:\WINDOWS\SYSTEM32\CRYPTSP.dll
0x00007ffdbea10000 - 0x00007ffdbea43000 	C:\WINDOWS\system32\rsaenh.dll
0x00007ffdbf110000 - 0x00007ffdbf135000 	C:\WINDOWS\SYSTEM32\bcrypt.dll
0x00007ffdbf510000 - 0x00007ffdbf538000 	C:\WINDOWS\SYSTEM32\USERENV.dll
0x00007ffdbf000000 - 0x00007ffdbf00b000 	C:\WINDOWS\SYSTEM32\CRYPTBASE.dll
0x00007ffdbebb0000 - 0x00007ffdbebe8000 	C:\WINDOWS\SYSTEM32\IPHLPAPI.DLL
0x00007ffdc31b0000 - 0x00007ffdc31b8000 	C:\WINDOWS\System32\NSI.dll
0x00007ffdb8980000 - 0x00007ffdb8996000 	C:\WINDOWS\SYSTEM32\dhcpcsvc6.DLL
0x00007ffdb61e0000 - 0x00007ffdb61fa000 	C:\WINDOWS\SYSTEM32\dhcpcsvc.DLL

VM Arguments:
jvm_args: -Xmx1536m -Dfile.encoding=x-windows-949 -Duser.country=KR -Duser.language=ko -Duser.variant 
java_command: org.gradle.launcher.daemon.bootstrap.GradleDaemon 4.4
java_class_path (initial): C:\Users\seohee\.gradle\wrapper\dists\gradle-4.4-all\9br9xq1tocpiv8o6njlyu5op1\gradle-4.4\lib\gradle-launcher-4.4.jar
Launcher Type: SUN_STANDARD

Environment Variables:
PATH=C:\Program Files (x86)\Common Files\Oracle\Java\javapath;C:\Program Files (x86)\Intel\iCLS Client\;C:\Program Files\Intel\iCLS Client\;C:\WINDOWS\system32;C:\WINDOWS;C:\WINDOWS\System32\Wbem;C:\WINDOWS\System32\WindowsPowerShell\v1.0\;C:\Program Files (x86)\Intel\Intel(R) Management Engine Components\DAL;C:\Program Files\Intel\Intel(R) Management Engine Components\DAL;C:\Program Files (x86)\Intel\Intel(R) Management Engine Components\IPT;C:\Program Files\Intel\Intel(R) Management Engine Components\IPT;C:\Program Files\Intel\WiFi\bin\;C:\Program Files\Common Files\Intel\WirelessCommon\;C:\Program Files\dotnet\;C:\jdk1.8\bin;C:\Program Files\MySQL\MySQL Server 8.0\bin;;C:\WINDOWS\System32\OpenSSH\;C:\Program Files\PuTTY\;C:\Users\seohee\AppData\Local\Microsoft\WindowsApps;;C:\Users\seohee\AppData\Local\Programs\Microsoft VS Code\bin
USERNAME=seohee
OS=Windows_NT
PROCESSOR_IDENTIFIER=Intel64 Family 6 Model 78 Stepping 3, GenuineIntel



---------------  S Y S T E M  ---------------

OS: Windows 10.0 , 64 bit Build 17134 (10.0.17134.1)

CPU:total 4 (initial active 4) (2 cores per cpu, 2 threads per core) family 6 model 78 stepping 3, cmov, cx8, fxsr, mmx, sse, sse2, sse3, ssse3, sse4.1, sse4.2, popcnt, avx, avx2, aes, clmul, erms, 3dnowpref, lzcnt, ht, tsc, tscinvbit, bmi1, bmi2, adx

Memory: 4k page, physical 8248924k(1478908k free), swap 33414748k(5060k free)

vm_info: OpenJDK 64-Bit Server VM (25.152-b02) for windows-amd64 JRE (1.8.0_152-release-1024-b02), built by "builder" with MS VC++ 10.0 (VS2010)

time: Tue Jan 08 17:31:09 2019
elapsed time: 2 seconds (0d 0h 0m 2s)

