#
# There is insufficient memory for the Java Runtime Environment to continue.
# Native memory allocation (malloc) failed to allocate 1322896 bytes for Chunk::new
# Possible reasons:
#   The system is out of physical RAM or swap space
#   In 32 bit mode, the process size limit was hit
# Possible solutions:
#   Reduce memory load on the system
#   Increase physical memory or swap space
#   Check if swap backing store is full
#   Use 64 bit Java on a 64 bit OS
#   Decrease Java heap size (-Xmx/-Xms)
#   Decrease number of Java threads
#   Decrease Java thread stack sizes (-Xss)
#   Set larger code cache with -XX:ReservedCodeCacheSize=
# This output file may be truncated or incomplete.
#
#  Out of Memory Error (allocation.cpp:390), pid=17064, tid=0x0000000000004dcc
#
# JRE version: OpenJDK Runtime Environment (8.0_152-b02) (build 1.8.0_152-release-1024-b02)
# Java VM: OpenJDK 64-Bit Server VM (25.152-b02 mixed mode windows-amd64 compressed oops)
# Failed to write core dump. Minidumps are not enabled by default on client versions of Windows
#

---------------  T H R E A D  ---------------

Current thread (0x0000000016efd000):  JavaThread "C2 CompilerThread0" daemon [_thread_in_native, id=19916, stack(0x0000000018840000,0x0000000018940000)]

Stack: [0x0000000018840000,0x0000000018940000]
[error occurred during error reporting (printing stack bounds), id 0xc0000005]

Native frames: (J=compiled Java code, j=interpreted, Vv=VM code, C=native code)


Current CompileTask:
C2:   8507 3795       4       sun.misc.URLClassPath::getResource (83 bytes)


---------------  P R O C E S S  ---------------

Java Threads: ( => current thread )
  0x000000001c415800 JavaThread "Memory manager" [_thread_blocked, id=11992, stack(0x0000000020bc0000,0x0000000020cc0000)]
  0x000000001c416000 JavaThread "build operations Thread 4" [_thread_blocked, id=1228, stack(0x0000000020ac0000,0x0000000020bc0000)]
  0x000000001ef2d000 JavaThread "build operations Thread 3" [_thread_blocked, id=15492, stack(0x00000000209c0000,0x0000000020ac0000)]
  0x000000001ef2a800 JavaThread "build operations Thread 2" [_thread_blocked, id=19544, stack(0x00000000207c0000,0x00000000208c0000)]
  0x000000001ef2c000 JavaThread "build operations" [_thread_blocked, id=15680, stack(0x00000000206c0000,0x00000000207c0000)]
  0x000000001ef30800 JavaThread "Cache worker for Artifact transforms cache (C:\Users\seohee\.gradle\caches\transforms-1)" [_thread_blocked, id=13940, stack(0x000000001fe70000,0x000000001ff70000)]
  0x000000001a18a000 JavaThread "Cache worker for file hash cache (C:\Users\seohee\AndroidStudioProjects\WaitingSuttle\.gradle\4.4\fileHashes)" [_thread_blocked, id=6712, stack(0x000000001c5c0000,0x000000001c6c0000)]
  0x000000001a264000 JavaThread "File lock request listener" [_thread_in_native, id=17632, stack(0x000000001b4f0000,0x000000001b5f0000)]
  0x0000000019ef5000 JavaThread "Cache worker for file hash cache (C:\Users\seohee\.gradle\caches\4.4\fileHashes)" [_thread_blocked, id=5648, stack(0x000000001b3f0000,0x000000001b4f0000)]
  0x0000000019b4a000 JavaThread "Stdin handler" [_thread_blocked, id=19444, stack(0x000000001b0f0000,0x000000001b1f0000)]
  0x0000000019e2e000 JavaThread "Asynchronous log dispatcher for DefaultDaemonConnection: socket connection from /127.0.0.1:4673 to /127.0.0.1:4674" [_thread_blocked, id=16504, stack(0x000000001aff0000,0x000000001b0f0000)]
  0x0000000019e29000 JavaThread "Daemon worker" [_thread_in_Java, id=20288, stack(0x000000001aef0000,0x000000001aff0000)]
  0x0000000019b54000 JavaThread "Cancel handler" [_thread_blocked, id=12864, stack(0x000000001adf0000,0x000000001aef0000)]
  0x0000000019b3c000 JavaThread "Handler for socket connection from /127.0.0.1:4673 to /127.0.0.1:4674" [_thread_in_native, id=18168, stack(0x000000001aaf0000,0x000000001abf0000)]
  0x0000000019dba800 JavaThread "Daemon" [_thread_blocked, id=15020, stack(0x000000001a9f0000,0x000000001aaf0000)]
  0x0000000019d9f800 JavaThread "Daemon periodic checks" [_thread_blocked, id=13104, stack(0x000000001a8f0000,0x000000001a9f0000)]
  0x0000000019c9a800 JavaThread "Incoming local TCP Connector on port 4673" [_thread_in_native, id=17584, stack(0x000000001a710000,0x000000001a810000)]
  0x00000000182bf800 JavaThread "Service Thread" daemon [_thread_blocked, id=12848, stack(0x0000000018b40000,0x0000000018c40000)]
  0x000000001824f800 JavaThread "C1 CompilerThread2" daemon [_thread_in_native, id=1060, stack(0x0000000018a40000,0x0000000018b40000)]
  0x0000000016f4d000 JavaThread "C2 CompilerThread1" daemon [_thread_in_native, id=15528, stack(0x0000000018940000,0x0000000018a40000)]
=>0x0000000016efd000 JavaThread "C2 CompilerThread0" daemon [_thread_in_native, id=19916, stack(0x0000000018840000,0x0000000018940000)]
  0x0000000016f48000 JavaThread "Attach Listener" daemon [_thread_blocked, id=19848, stack(0x0000000018740000,0x0000000018840000)]
  0x0000000018248800 JavaThread "Signal Dispatcher" daemon [_thread_blocked, id=15716, stack(0x0000000018640000,0x0000000018740000)]
  0x000000000357c000 JavaThread "Finalizer" daemon [_thread_blocked, id=4292, stack(0x0000000018140000,0x0000000018240000)]
  0x0000000003571000 JavaThread "Reference Handler" daemon [_thread_blocked, id=19716, stack(0x0000000018040000,0x0000000018140000)]
  0x00000000017ad800 JavaThread "main" [_thread_blocked, id=18200, stack(0x0000000002f80000,0x0000000003080000)]

Other Threads:
  0x0000000016eb5800 VMThread [stack: 0x0000000017f40000,0x0000000018040000] [id=6940]
  0x00000000182c0000 WatcherThread [stack: 0x0000000018c40000,0x0000000018d40000] [id=19452]

VM state:not at safepoint (normal execution)

VM Mutex/Monitor currently owned by a thread: None

Heap:
 PSYoungGen      total 105472K, used 59970K [0x00000000e0000000, 0x00000000e7500000, 0x0000000100000000)
  eden space 94720K, 63% used [0x00000000e0000000,0x00000000e3a90bb8,0x00000000e5c80000)
  from space 10752K, 0% used [0x00000000e6880000,0x00000000e6880000,0x00000000e7300000)
  to   space 12288K, 0% used [0x00000000e5c80000,0x00000000e5c80000,0x00000000e6880000)
 ParOldGen       total 59904K, used 17746K [0x00000000a0000000, 0x00000000a3a80000, 0x00000000e0000000)
  object space 59904K, 29% used [0x00000000a0000000,0x00000000a1154b50,0x00000000a3a80000)
 Metaspace       used 38724K, capacity 39574K, committed 39680K, reserved 1085440K
  class space    used 5303K, capacity 5598K, committed 5632K, reserved 1048576K

Card table byte_map: [0x0000000012940000,0x0000000012c50000] byte_map_base: 0x0000000012440000

Marking Bits: (ParMarkBitMap*) 0x0000000075834970
 Begin Bits: [0x0000000013250000, 0x0000000014a50000)
 End Bits:   [0x0000000014a50000, 0x0000000016250000)

Polling page: 0x0000000001750000

CodeCache: size=245760Kb used=12323Kb max_used=12323Kb free=233437Kb
 bounds [0x0000000003580000, 0x00000000041a0000, 0x0000000012580000]
 total_blobs=4269 nmethods=3559 adapters=623
 compilation: enabled

Compilation events (10 events):
Event: 8.492 Thread 0x000000001824f800 3881       3       sun.security.provider.SHA2::lf_delta1 (21 bytes)
Event: 8.492 Thread 0x000000001824f800 nmethod 3881 0x000000000418a310 code [0x000000000418a480, 0x000000000418a6f0]
Event: 8.492 Thread 0x000000001824f800 3882       3       sun.security.provider.SHA2::lf_delta0 (20 bytes)
Event: 8.492 Thread 0x000000001824f800 nmethod 3882 0x000000000418a7d0 code [0x000000000418a940, 0x000000000418abb0]
Event: 8.492 Thread 0x000000001824f800 3883       1       sun.security.provider.SHA2::lf_ch (10 bytes)
Event: 8.492 Thread 0x000000001824f800 nmethod 3883 0x000000000418ac90 code [0x000000000418ade0, 0x000000000418aed0]
Event: 8.492 Thread 0x000000001824f800 3884       1       sun.security.provider.SHA2::lf_maj (12 bytes)
Event: 8.492 Thread 0x000000001824f800 nmethod 3884 0x000000000418af10 code [0x000000000418b060, 0x000000000418b150]
Event: 8.493 Thread 0x000000001824f800 3885       3       sun.security.provider.SHA2::implCompress (331 bytes)
Event: 8.495 Thread 0x000000001824f800 nmethod 3885 0x000000000418b190 code [0x000000000418b3e0, 0x000000000418c1c8]

GC Heap History (10 events):
Event: 3.650 GC heap before
{Heap before GC invocations=6 (full 1):
 PSYoungGen      total 70656K, used 5113K [0x00000000e0000000, 0x00000000e4a00000, 0x0000000100000000)
  eden space 65536K, 0% used [0x00000000e0000000,0x00000000e0000000,0x00000000e4000000)
  from space 5120K, 99% used [0x00000000e4000000,0x00000000e44fe670,0x00000000e4500000)
  to   space 5120K, 0% used [0x00000000e4500000,0x00000000e4500000,0x00000000e4a00000)
 ParOldGen       total 86016K, used 8800K [0x00000000a0000000, 0x00000000a5400000, 0x00000000e0000000)
  object space 86016K, 10% used [0x00000000a0000000,0x00000000a0898010,0x00000000a5400000)
 Metaspace       used 20755K, capacity 21212K, committed 21248K, reserved 1067008K
  class space    used 2894K, capacity 3043K, committed 3072K, reserved 1048576K
Event: 3.696 GC heap after
Heap after GC invocations=6 (full 1):
 PSYoungGen      total 70656K, used 0K [0x00000000e0000000, 0x00000000e4a00000, 0x0000000100000000)
  eden space 65536K, 0% used [0x00000000e0000000,0x00000000e0000000,0x00000000e4000000)
  from space 5120K, 0% used [0x00000000e4000000,0x00000000e4000000,0x00000000e4500000)
  to   space 5120K, 0% used [0x00000000e4500000,0x00000000e4500000,0x00000000e4a00000)
 ParOldGen       total 59904K, used 8370K [0x00000000a0000000, 0x00000000a3a80000, 0x00000000e0000000)
  object space 59904K, 13% used [0x00000000a0000000,0x00000000a082c9c0,0x00000000a3a80000)
 Metaspace       used 20755K, capacity 21212K, committed 21248K, reserved 1067008K
  class space    used 2894K, capacity 3043K, committed 3072K, reserved 1048576K
}
Event: 4.965 GC heap before
{Heap before GC invocations=7 (full 1):
 PSYoungGen      total 70656K, used 65536K [0x00000000e0000000, 0x00000000e4a00000, 0x0000000100000000)
  eden space 65536K, 100% used [0x00000000e0000000,0x00000000e4000000,0x00000000e4000000)
  from space 5120K, 0% used [0x00000000e4000000,0x00000000e4000000,0x00000000e4500000)
  to   space 5120K, 0% used [0x00000000e4500000,0x00000000e4500000,0x00000000e4a00000)
 ParOldGen       total 59904K, used 8370K [0x00000000a0000000, 0x00000000a3a80000, 0x00000000e0000000)
  object space 59904K, 13% used [0x00000000a0000000,0x00000000a082c9c0,0x00000000a3a80000)
 Metaspace       used 26493K, capacity 27060K, committed 27136K, reserved 1073152K
  class space    used 3641K, capacity 3813K, committed 3840K, reserved 1048576K
Event: 4.973 GC heap after
Heap after GC invocations=7 (full 1):
 PSYoungGen      total 66048K, used 5119K [0x00000000e0000000, 0x00000000e7500000, 0x0000000100000000)
  eden space 60928K, 0% used [0x00000000e0000000,0x00000000e0000000,0x00000000e3b80000)
  from space 5120K, 99% used [0x00000000e4500000,0x00000000e49ffee8,0x00000000e4a00000)
  to   space 9728K, 0% used [0x00000000e3b80000,0x00000000e3b80000,0x00000000e4500000)
 ParOldGen       total 59904K, used 10118K [0x00000000a0000000, 0x00000000a3a80000, 0x00000000e0000000)
  object space 59904K, 16% used [0x00000000a0000000,0x00000000a09e1880,0x00000000a3a80000)
 Metaspace       used 26493K, capacity 27060K, committed 27136K, reserved 1073152K
  class space    used 3641K, capacity 3813K, committed 3840K, reserved 1048576K
}
Event: 6.136 GC heap before
{Heap before GC invocations=8 (full 1):
 PSYoungGen      total 66048K, used 66047K [0x00000000e0000000, 0x00000000e7500000, 0x0000000100000000)
  eden space 60928K, 100% used [0x00000000e0000000,0x00000000e3b80000,0x00000000e3b80000)
  from space 5120K, 99% used [0x00000000e4500000,0x00000000e49ffee8,0x00000000e4a00000)
  to   space 9728K, 0% used [0x00000000e3b80000,0x00000000e3b80000,0x00000000e4500000)
 ParOldGen       total 59904K, used 10118K [0x00000000a0000000, 0x00000000a3a80000, 0x00000000e0000000)
  object space 59904K, 16% used [0x00000000a0000000,0x00000000a09e1880,0x00000000a3a80000)
 Metaspace       used 30149K, capacity 30844K, committed 31104K, reserved 1075200K
  class space    used 4248K, capacity 4453K, committed 4480K, reserved 1048576K
Event: 6.168 GC heap after
Heap after GC invocations=8 (full 1):
 PSYoungGen      total 70656K, used 9614K [0x00000000e0000000, 0x00000000e7300000, 0x0000000100000000)
  eden space 60928K, 0% used [0x00000000e0000000,0x00000000e0000000,0x00000000e3b80000)
  from space 9728K, 98% used [0x00000000e3b80000,0x00000000e44e3ab0,0x00000000e4500000)
  to   space 10752K, 0% used [0x00000000e6880000,0x00000000e6880000,0x00000000e7300000)
 ParOldGen       total 59904K, used 10126K [0x00000000a0000000, 0x00000000a3a80000, 0x00000000e0000000)
  object space 59904K, 16% used [0x00000000a0000000,0x00000000a09e3880,0x00000000a3a80000)
 Metaspace       used 30149K, capacity 30844K, committed 31104K, reserved 1075200K
  class space    used 4248K, capacity 4453K, committed 4480K, reserved 1048576K
}
Event: 7.372 GC heap before
{Heap before GC invocations=9 (full 1):
 PSYoungGen      total 70656K, used 47031K [0x00000000e0000000, 0x00000000e7300000, 0x0000000100000000)
  eden space 60928K, 61% used [0x00000000e0000000,0x00000000e248a2e8,0x00000000e3b80000)
  from space 9728K, 98% used [0x00000000e3b80000,0x00000000e44e3ab0,0x00000000e4500000)
  to   space 10752K, 0% used [0x00000000e6880000,0x00000000e6880000,0x00000000e7300000)
 ParOldGen       total 59904K, used 10126K [0x00000000a0000000, 0x00000000a3a80000, 0x00000000e0000000)
  object space 59904K, 16% used [0x00000000a0000000,0x00000000a09e3880,0x00000000a3a80000)
 Metaspace       used 34496K, capacity 35312K, committed 35416K, reserved 1079296K
  class space    used 4830K, capacity 5095K, committed 5120K, reserved 1048576K
Event: 7.387 GC heap after
Heap after GC invocations=9 (full 1):
 PSYoungGen      total 105472K, used 10726K [0x00000000e0000000, 0x00000000e7500000, 0x0000000100000000)
  eden space 94720K, 0% used [0x00000000e0000000,0x00000000e0000000,0x00000000e5c80000)
  from space 10752K, 99% used [0x00000000e6880000,0x00000000e72f9958,0x00000000e7300000)
  to   space 12288K, 0% used [0x00000000e5c80000,0x00000000e5c80000,0x00000000e6880000)
 ParOldGen       total 59904K, used 10486K [0x00000000a0000000, 0x00000000a3a80000, 0x00000000e0000000)
  object space 59904K, 17% used [0x00000000a0000000,0x00000000a0a3d810,0x00000000a3a80000)
 Metaspace       used 34496K, capacity 35312K, committed 35416K, reserved 1079296K
  class space    used 4830K, capacity 5095K, committed 5120K, reserved 1048576K
}
Event: 7.387 GC heap before
{Heap before GC invocations=10 (full 2):
 PSYoungGen      total 105472K, used 10726K [0x00000000e0000000, 0x00000000e7500000, 0x0000000100000000)
  eden space 94720K, 0% used [0x00000000e0000000,0x00000000e0000000,0x00000000e5c80000)
  from space 10752K, 99% used [0x00000000e6880000,0x00000000e72f9958,0x00000000e7300000)
  to   space 12288K, 0% used [0x00000000e5c80000,0x00000000e5c80000,0x00000000e6880000)
 ParOldGen       total 59904K, used 10486K [0x00000000a0000000, 0x00000000a3a80000, 0x00000000e0000000)
  object space 59904K, 17% used [0x00000000a0000000,0x00000000a0a3d810,0x00000000a3a80000)
 Metaspace       used 34496K, capacity 35312K, committed 35416K, reserved 1079296K
  class space    used 4830K, capacity 5095K, committed 5120K, reserved 1048576K
Event: 7.491 GC heap after
Heap after GC invocations=10 (full 2):
 PSYoungGen      total 105472K, used 0K [0x00000000e0000000, 0x00000000e7500000, 0x0000000100000000)
  eden space 94720K, 0% used [0x00000000e0000000,0x00000000e0000000,0x00000000e5c80000)
  from space 10752K, 0% used [0x00000000e6880000,0x00000000e6880000,0x00000000e7300000)
  to   space 12288K, 0% used [0x00000000e5c80000,0x00000000e5c80000,0x00000000e6880000)
 ParOldGen       total 59904K, used 17746K [0x00000000a0000000, 0x00000000a3a80000, 0x00000000e0000000)
  object space 59904K, 29% used [0x00000000a0000000,0x00000000a1154b50,0x00000000a3a80000)
 Metaspace       used 34496K, capacity 35312K, committed 35416K, reserved 1079296K
  class space    used 4830K, capacity 5095K, committed 5120K, reserved 1048576K
}

Deoptimization events (10 events):
Event: 7.062 Thread 0x0000000019e29000 Uncommon trap: reason=class_check action=maybe_recompile pc=0x0000000003fd0c1c method=java.io.BufferedInputStream.read1([BII)I @ 39
Event: 7.062 Thread 0x0000000019e29000 Uncommon trap: reason=class_check action=maybe_recompile pc=0x0000000003fd0c1c method=java.io.BufferedInputStream.read1([BII)I @ 39
Event: 7.062 Thread 0x0000000019e29000 Uncommon trap: reason=class_check action=maybe_recompile pc=0x0000000003fd0c1c method=java.io.BufferedInputStream.read1([BII)I @ 39
Event: 7.718 Thread 0x0000000019e29000 Uncommon trap: reason=unstable_if action=reinterpret pc=0x0000000003eeb630 method=java.util.concurrent.ConcurrentHashMap.get(Ljava/lang/Object;)Ljava/lang/Object; @ 76
Event: 7.922 Thread 0x0000000019e29000 Uncommon trap: reason=unstable_if action=reinterpret pc=0x0000000003fd44b8 method=java.util.HashMap.putVal(ILjava/lang/Object;Ljava/lang/Object;ZZ)Ljava/lang/Object; @ 162
Event: 7.923 Thread 0x0000000019e29000 Uncommon trap: reason=unstable_if action=reinterpret pc=0x0000000003f44560 method=java.util.HashMap.putVal(ILjava/lang/Object;Ljava/lang/Object;ZZ)Ljava/lang/Object; @ 162
Event: 7.923 Thread 0x0000000019e29000 Uncommon trap: reason=unstable_if action=reinterpret pc=0x00000000039f6e38 method=java.util.HashMap.resize()[Ljava/util/HashMap$Node; @ 206
Event: 8.137 Thread 0x0000000019e29000 Uncommon trap: reason=unstable_if action=reinterpret pc=0x00000000040bcab0 method=java.lang.reflect.Modifier.toString(I)Ljava/lang/String; @ 123
Event: 8.137 Thread 0x0000000019e29000 Uncommon trap: reason=unstable_if action=reinterpret pc=0x00000000040c00d8 method=java.lang.reflect.Modifier.toString(I)Ljava/lang/String; @ 123
Event: 8.419 Thread 0x0000000019e29000 Uncommon trap: reason=unstable_if action=reinterpret pc=0x0000000003a00afc method=java.lang.CharacterDataLatin1.isWhitespace(I)Z @ 14

Classes redefined (0 events):
No events

Internal exceptions (10 events):
Event: 6.923 Thread 0x0000000019e29000 Exception <a 'java/lang/ClassNotFoundException': org/gradle/api/internal/ConventionTaskBeanInfo> (0x00000000e1078c90) thrown at [D:\src\AOSP-openjdk-cygwin\jdk8u\hotspot\src\share\vm\classfile\systemDictionary.cpp, line 210]
Event: 6.924 Thread 0x0000000019e29000 Exception <a 'java/lang/ClassNotFoundException': org/gradle/api/DefaultTaskBeanInfo> (0x00000000e109b868) thrown at [D:\src\AOSP-openjdk-cygwin\jdk8u\hotspot\src\share\vm\classfile\systemDictionary.cpp, line 210]
Event: 6.924 Thread 0x0000000019e29000 Exception <a 'java/lang/ClassNotFoundException': org/gradle/api/internal/AbstractTaskBeanInfo> (0x00000000e10c4a50) thrown at [D:\src\AOSP-openjdk-cygwin\jdk8u\hotspot\src\share\vm\classfile\systemDictionary.cpp, line 210]
Event: 6.926 Thread 0x0000000019e29000 Exception <a 'java/lang/ClassNotFoundException': org/gradle/api/internal/AbstractTaskCustomizer> (0x00000000e10ee838) thrown at [D:\src\AOSP-openjdk-cygwin\jdk8u\hotspot\src\share\vm\classfile\systemDictionary.cpp, line 210]
Event: 6.929 Thread 0x0000000019e29000 Exception <a 'java/lang/ClassNotFoundException': org/gradle/api/DefaultTaskCustomizer> (0x00000000e11765b8) thrown at [D:\src\AOSP-openjdk-cygwin\jdk8u\hotspot\src\share\vm\classfile\systemDictionary.cpp, line 210]
Event: 6.931 Thread 0x0000000019e29000 Exception <a 'java/lang/ClassNotFoundException': org/gradle/api/internal/ConventionTaskCustomizer> (0x00000000e11afd20) thrown at [D:\src\AOSP-openjdk-cygwin\jdk8u\hotspot\src\share\vm\classfile\systemDictionary.cpp, line 210]
Event: 6.934 Thread 0x0000000019e29000 Exception <a 'java/lang/ClassNotFoundException': org/gradle/api/tasks/DeleteCustomizer> (0x00000000e11e7460) thrown at [D:\src\AOSP-openjdk-cygwin\jdk8u\hotspot\src\share\vm\classfile\systemDictionary.cpp, line 210]
Event: 6.936 Thread 0x0000000019e29000 Exception <a 'java/lang/ClassNotFoundException': org/gradle/api/tasks/Delete_DecoratedCustomizer> (0x00000000e122c738) thrown at [D:\src\AOSP-openjdk-cygwin\jdk8u\hotspot\src\share\vm\classfile\systemDictionary.cpp, line 210]
Event: 6.970 Thread 0x0000000019e29000 Exception <a 'java/lang/ClassNotFoundException': build_cx8tpir7fsfcfymcfkya7g1h3BeanInfo> (0x00000000e1336da0) thrown at [D:\src\AOSP-openjdk-cygwin\jdk8u\hotspot\src\share\vm\classfile\systemDictionary.cpp, line 210]
Event: 6.971 Thread 0x0000000019e29000 Exception <a 'java/lang/ClassNotFoundException': build_cx8tpir7fsfcfymcfkya7g1h3Customizer> (0x00000000e1341280) thrown at [D:\src\AOSP-openjdk-cygwin\jdk8u\hotspot\src\share\vm\classfile\systemDictionary.cpp, line 210]

Events (10 events):
Event: 8.502 loading class java/util/Base64$Decoder
Event: 8.503 loading class java/util/Base64$Decoder done
Event: 8.503 loading class java/util/Base64$Encoder
Event: 8.503 loading class java/util/Base64$Encoder done
Event: 8.503 loading class sun/nio/cs/ISO_8859_1$Encoder
Event: 8.503 loading class sun/nio/cs/ISO_8859_1$Encoder done
Event: 8.503 loading class sun/nio/cs/Surrogate$Parser
Event: 8.503 loading class sun/nio/cs/Surrogate$Parser done
Event: 8.504 loading class sun/nio/cs/Surrogate
Event: 8.504 loading class sun/nio/cs/Surrogate done


Dynamic libraries:
0x00007ff6abca0000 - 0x00007ff6abcd1000 	C:\Program Files\Android\Android Studio\jre\bin\java.exe
0x00007ffdc3300000 - 0x00007ffdc34e1000 	C:\WINDOWS\SYSTEM32\ntdll.dll
0x00007ffdc2a40000 - 0x00007ffdc2af2000 	C:\WINDOWS\System32\KERNEL32.DLL
0x00007ffdc00d0000 - 0x00007ffdc0343000 	C:\WINDOWS\System32\KERNELBASE.dll
0x00007ffdc3050000 - 0x00007ffdc30f1000 	C:\WINDOWS\System32\ADVAPI32.dll
0x00007ffdc2fb0000 - 0x00007ffdc304e000 	C:\WINDOWS\System32\msvcrt.dll
0x00007ffdc24a0000 - 0x00007ffdc24fb000 	C:\WINDOWS\System32\sechost.dll
0x00007ffdc2b60000 - 0x00007ffdc2c84000 	C:\WINDOWS\System32\RPCRT4.dll
0x00007ffdc2c90000 - 0x00007ffdc2e20000 	C:\WINDOWS\System32\USER32.dll
0x00007ffdc00b0000 - 0x00007ffdc00d0000 	C:\WINDOWS\System32\win32u.dll
0x00007ffdc07a0000 - 0x00007ffdc07c8000 	C:\WINDOWS\System32\GDI32.dll
0x00007ffdc05f0000 - 0x00007ffdc0782000 	C:\WINDOWS\System32\gdi32full.dll
0x00007ffdbf750000 - 0x00007ffdbf7ef000 	C:\WINDOWS\System32\msvcp_win.dll
0x00007ffdbffb0000 - 0x00007ffdc00aa000 	C:\WINDOWS\System32\ucrtbase.dll
0x00007ffdab170000 - 0x00007ffdab3d9000 	C:\WINDOWS\WinSxS\amd64_microsoft.windows.common-controls_6595b64144ccf1df_6.0.17134.472_none_fb3f9af53068156d\COMCTL32.dll
0x00007ffdc2510000 - 0x00007ffdc2832000 	C:\WINDOWS\System32\combase.dll
0x00007ffdbf6d0000 - 0x00007ffdbf74a000 	C:\WINDOWS\System32\bcryptPrimitives.dll
0x00007ffdc2f80000 - 0x00007ffdc2fad000 	C:\WINDOWS\System32\IMM32.DLL
0x0000000074d80000 - 0x0000000074e52000 	C:\Program Files\Android\Android Studio\jre\jre\bin\msvcr100.dll
0x0000000075070000 - 0x00000000758af000 	C:\Program Files\Android\Android Studio\jre\jre\bin\server\jvm.dll
0x00007ffdc0790000 - 0x00007ffdc0798000 	C:\WINDOWS\System32\PSAPI.DLL
0x00007ffdbd6e0000 - 0x00007ffdbd703000 	C:\WINDOWS\SYSTEM32\WINMM.dll
0x00007ffda6af0000 - 0x00007ffda6af9000 	C:\WINDOWS\SYSTEM32\WSOCK32.dll
0x00007ffdbe230000 - 0x00007ffdbe23a000 	C:\WINDOWS\SYSTEM32\VERSION.dll
0x00007ffdc2350000 - 0x00007ffdc23bc000 	C:\WINDOWS\System32\WS2_32.dll
0x00007ffdbd6b0000 - 0x00007ffdbd6da000 	C:\WINDOWS\SYSTEM32\WINMMBASE.dll
0x00007ffdc05a0000 - 0x00007ffdc05e9000 	C:\WINDOWS\System32\cfgmgr32.dll
0x00007ffdbe300000 - 0x00007ffdbe30f000 	C:\Program Files\Android\Android Studio\jre\jre\bin\verify.dll
0x00007ffdac850000 - 0x00007ffdac879000 	C:\Program Files\Android\Android Studio\jre\jre\bin\java.dll
0x00007ffda7230000 - 0x00007ffda7246000 	C:\Program Files\Android\Android Studio\jre\jre\bin\zip.dll
0x00007ffdc0940000 - 0x00007ffdc1d80000 	C:\WINDOWS\System32\SHELL32.dll
0x00007ffdc3100000 - 0x00007ffdc31a9000 	C:\WINDOWS\System32\shcore.dll
0x00007ffdbf8a0000 - 0x00007ffdbffad000 	C:\WINDOWS\System32\windows.storage.dll
0x00007ffdc29e0000 - 0x00007ffdc2a31000 	C:\WINDOWS\System32\shlwapi.dll
0x00007ffdbf670000 - 0x00007ffdbf681000 	C:\WINDOWS\System32\kernel.appcore.dll
0x00007ffdbf690000 - 0x00007ffdbf6af000 	C:\WINDOWS\System32\profapi.dll
0x00007ffdbf620000 - 0x00007ffdbf66c000 	C:\WINDOWS\System32\powrprof.dll
0x00007ffdbf610000 - 0x00007ffdbf61a000 	C:\WINDOWS\System32\FLTLIB.DLL
0x00007ffda6b30000 - 0x00007ffda6b4a000 	C:\Program Files\Android\Android Studio\jre\jre\bin\net.dll
0x00007ffdbee30000 - 0x00007ffdbee96000 	C:\WINDOWS\system32\mswsock.dll
0x00007ffda5490000 - 0x00007ffda54a1000 	C:\Program Files\Android\Android Studio\jre\jre\bin\nio.dll
0x00007ffda6bf0000 - 0x00007ffda6c0e000 	C:\Users\seohee\.gradle\native\25\windows-amd64\native-platform.dll
0x00007ffdbe200000 - 0x00007ffdbe20d000 	C:\Program Files\Android\Android Studio\jre\jre\bin\management.dll
0x00007ffdbefe0000 - 0x00007ffdbeff7000 	C:\WINDOWS\SYSTEM32\CRYPTSP.dll
0x00007ffdbea10000 - 0x00007ffdbea43000 	C:\WINDOWS\system32\rsaenh.dll
0x00007ffdbf110000 - 0x00007ffdbf135000 	C:\WINDOWS\SYSTEM32\bcrypt.dll
0x00007ffdbf510000 - 0x00007ffdbf538000 	C:\WINDOWS\SYSTEM32\USERENV.dll
0x00007ffdbf000000 - 0x00007ffdbf00b000 	C:\WINDOWS\SYSTEM32\CRYPTBASE.dll
0x00007ffdbebb0000 - 0x00007ffdbebe8000 	C:\WINDOWS\SYSTEM32\IPHLPAPI.DLL
0x00007ffdc31b0000 - 0x00007ffdc31b8000 	C:\WINDOWS\System32\NSI.dll
0x00007ffdb8980000 - 0x00007ffdb8996000 	C:\WINDOWS\SYSTEM32\dhcpcsvc6.DLL
0x00007ffdb61e0000 - 0x00007ffdb61fa000 	C:\WINDOWS\SYSTEM32\dhcpcsvc.DLL

VM Arguments:
jvm_args: -Xmx1536m -Dfile.encoding=x-windows-949 -Duser.country=KR -Duser.language=ko -Duser.variant 
java_command: org.gradle.launcher.daemon.bootstrap.GradleDaemon 4.4
java_class_path (initial): C:\Users\seohee\.gradle\wrapper\dists\gradle-4.4-all\9br9xq1tocpiv8o6njlyu5op1\gradle-4.4\lib\gradle-launcher-4.4.jar
Launcher Type: SUN_STANDARD

Environment Variables:
PATH=C:\Program Files (x86)\Common Files\Oracle\Java\javapath;C:\Program Files (x86)\Intel\iCLS Client\;C:\Program Files\Intel\iCLS Client\;C:\WINDOWS\system32;C:\WINDOWS;C:\WINDOWS\System32\Wbem;C:\WINDOWS\System32\WindowsPowerShell\v1.0\;C:\Program Files (x86)\Intel\Intel(R) Management Engine Components\DAL;C:\Program Files\Intel\Intel(R) Management Engine Components\DAL;C:\Program Files (x86)\Intel\Intel(R) Management Engine Components\IPT;C:\Program Files\Intel\Intel(R) Management Engine Components\IPT;C:\Program Files\Intel\WiFi\bin\;C:\Program Files\Common Files\Intel\WirelessCommon\;C:\Program Files\dotnet\;C:\jdk1.8\bin;C:\Program Files\MySQL\MySQL Server 8.0\bin;;C:\WINDOWS\System32\OpenSSH\;C:\Program Files\PuTTY\;C:\Users\seohee\AppData\Local\Microsoft\WindowsApps;;C:\Users\seohee\AppData\Local\Programs\Microsoft VS Code\bin
USERNAME=seohee
OS=Windows_NT
PROCESSOR_IDENTIFIER=Intel64 Family 6 Model 78 Stepping 3, GenuineIntel



---------------  S Y S T E M  ---------------

OS: Windows 10.0 , 64 bit Build 17134 (10.0.17134.1)

CPU:total 4 (initial active 4) (2 cores per cpu, 2 threads per core) family 6 model 78 stepping 3, cmov, cx8, fxsr, mmx, sse, sse2, sse3, ssse3, sse4.1, sse4.2, popcnt, avx, avx2, aes, clmul, erms, 3dnowpref, lzcnt, ht, tsc, tscinvbit, bmi1, bmi2, adx

Memory: 4k page, physical 8248924k(1712456k free), swap 33414748k(4212k free)

vm_info: OpenJDK 64-Bit Server VM (25.152-b02) for windows-amd64 JRE (1.8.0_152-release-1024-b02), built by "builder" with MS VC++ 10.0 (VS2010)

time: Tue Jan 08 17:26:11 2019
elapsed time: 8 seconds (0d 0h 0m 8s)

