#
# There is insufficient memory for the Java Runtime Environment to continue.
# Native memory allocation (malloc) failed to allocate 1479616 bytes for Chunk::new
# Possible reasons:
#   The system is out of physical RAM or swap space
#   In 32 bit mode, the process size limit was hit
# Possible solutions:
#   Reduce memory load on the system
#   Increase physical memory or swap space
#   Check if swap backing store is full
#   Use 64 bit Java on a 64 bit OS
#   Decrease Java heap size (-Xmx/-Xms)
#   Decrease number of Java threads
#   Decrease Java thread stack sizes (-Xss)
#   Set larger code cache with -XX:ReservedCodeCacheSize=
# This output file may be truncated or incomplete.
#
#  Out of Memory Error (allocation.cpp:390), pid=3052, tid=0x0000000000003358
#
# JRE version: OpenJDK Runtime Environment (8.0_152-b02) (build 1.8.0_152-release-1024-b02)
# Java VM: OpenJDK 64-Bit Server VM (25.152-b02 mixed mode windows-amd64 compressed oops)
# Failed to write core dump. Minidumps are not enabled by default on client versions of Windows
#

---------------  T H R E A D  ---------------

Current thread (0x000000001618a000):  JavaThread "C2 CompilerThread0" daemon [_thread_in_native, id=13144, stack(0x0000000017aa0000,0x0000000017ba0000)]

Stack: [0x0000000017aa0000,0x0000000017ba0000]
[error occurred during error reporting (printing stack bounds), id 0xc0000005]

Native frames: (J=compiled Java code, j=interpreted, Vv=VM code, C=native code)


Current CompileTask:
C2:   2739 1341       4       java.net.URLClassLoader$1::run (5 bytes)


---------------  P R O C E S S  ---------------

Java Threads: ( => current thread )
  0x0000000019296000 JavaThread "Cache worker for file hash cache (C:\Users\seohee\AndroidStudioProjects\WaitingSuttle\.gradle\4.4\fileHashes)" [_thread_blocked, id=2784, stack(0x000000001b820000,0x000000001b920000)]
  0x00000000194bc000 JavaThread "File lock request listener" [_thread_in_native, id=10124, stack(0x000000001a750000,0x000000001a850000)]
  0x0000000019433800 JavaThread "Cache worker for file hash cache (C:\Users\seohee\.gradle\caches\4.4\fileHashes)" [_thread_blocked, id=5516, stack(0x000000001a650000,0x000000001a750000)]
  0x00000000190d8800 JavaThread "Stdin handler" [_thread_blocked, id=11536, stack(0x000000001a350000,0x000000001a450000)]
  0x00000000190d7800 JavaThread "Asynchronous log dispatcher for DefaultDaemonConnection: socket connection from /127.0.0.1:4876 to /127.0.0.1:4877" [_thread_blocked, id=18224, stack(0x000000001a250000,0x000000001a350000)]
  0x00000000190c7000 JavaThread "Daemon worker" [_thread_in_Java, id=19048, stack(0x000000001a150000,0x000000001a250000)]
  0x00000000190ce000 JavaThread "Cancel handler" [_thread_blocked, id=10920, stack(0x000000001a050000,0x000000001a150000)]
  0x0000000018e4b000 JavaThread "Handler for socket connection from /127.0.0.1:4876 to /127.0.0.1:4877" [_thread_in_native, id=13252, stack(0x0000000019d50000,0x0000000019e50000)]
  0x0000000018c19800 JavaThread "Daemon" [_thread_blocked, id=18900, stack(0x0000000019c50000,0x0000000019d50000)]
  0x0000000018c27000 JavaThread "Daemon periodic checks" [_thread_blocked, id=18956, stack(0x0000000019b50000,0x0000000019c50000)]
  0x0000000018fc3800 JavaThread "Incoming local TCP Connector on port 4876" [_thread_in_native, id=11124, stack(0x0000000019970000,0x0000000019a70000)]
  0x00000000174eb800 JavaThread "Service Thread" daemon [_thread_blocked, id=1820, stack(0x0000000017da0000,0x0000000017ea0000)]
  0x00000000174ae000 JavaThread "C1 CompilerThread2" daemon [_thread_blocked, id=19072, stack(0x0000000017ca0000,0x0000000017da0000)]
  0x000000001618d000 JavaThread "C2 CompilerThread1" daemon [_thread_in_native, id=16448, stack(0x0000000017ba0000,0x0000000017ca0000)]
=>0x000000001618a000 JavaThread "C2 CompilerThread0" daemon [_thread_in_native, id=13144, stack(0x0000000017aa0000,0x0000000017ba0000)]
  0x000000001613f000 JavaThread "Attach Listener" daemon [_thread_blocked, id=4996, stack(0x00000000179a0000,0x0000000017aa0000)]
  0x00000000174a8800 JavaThread "Signal Dispatcher" daemon [_thread_blocked, id=7084, stack(0x00000000178a0000,0x00000000179a0000)]
  0x0000000016118800 JavaThread "Finalizer" daemon [_thread_blocked, id=2836, stack(0x00000000173a0000,0x00000000174a0000)]
  0x00000000027b3000 JavaThread "Reference Handler" daemon [_thread_blocked, id=18520, stack(0x00000000172a0000,0x00000000173a0000)]
  0x00000000021cd800 JavaThread "main" [_thread_blocked, id=18012, stack(0x00000000025c0000,0x00000000026c0000)]

Other Threads:
  0x00000000160f5800 VMThread [stack: 0x00000000171a0000,0x00000000172a0000] [id=17836]
  0x00000000174ec800 WatcherThread [stack: 0x0000000017ea0000,0x0000000017fa0000] [id=17692]

VM state:not at safepoint (normal execution)

VM Mutex/Monitor currently owned by a thread: None

Heap:
 PSYoungGen      total 37888K, used 17755K [0x00000000e0000000, 0x00000000e2a00000, 0x0000000100000000)
  eden space 32768K, 38% used [0x00000000e0000000,0x00000000e0c5c580,0x00000000e2000000)
  from space 5120K, 99% used [0x00000000e2000000,0x00000000e24fa818,0x00000000e2500000)
  to   space 5120K, 0% used [0x00000000e2500000,0x00000000e2500000,0x00000000e2a00000)
 ParOldGen       total 86016K, used 2573K [0x00000000a0000000, 0x00000000a5400000, 0x00000000e0000000)
  object space 86016K, 2% used [0x00000000a0000000,0x00000000a02835b0,0x00000000a5400000)
 Metaspace       used 15687K, capacity 16130K, committed 16256K, reserved 1062912K
  class space    used 2209K, capacity 2383K, committed 2432K, reserved 1048576K

Card table byte_map: [0x0000000011b80000,0x0000000011e90000] byte_map_base: 0x0000000011680000

Marking Bits: (ParMarkBitMap*) 0x0000000075834970
 Begin Bits: [0x0000000012490000, 0x0000000013c90000)
 End Bits:   [0x0000000013c90000, 0x0000000015490000)

Polling page: 0x00000000020d0000

CodeCache: size=245760Kb used=5045Kb max_used=5045Kb free=240714Kb
 bounds [0x00000000027c0000, 0x0000000002cb0000, 0x00000000117c0000]
 total_blobs=1843 nmethods=1468 adapters=288
 compilation: enabled

Compilation events (10 events):
Event: 2.675 Thread 0x000000001618d000 1464   !   4       java.net.URLClassLoader$1::run (63 bytes)
Event: 2.676 Thread 0x00000000174ae000 1465       3       java.util.ArrayList::isEmpty (13 bytes)
Event: 2.677 Thread 0x00000000174ae000 nmethod 1465 0x0000000002cad5d0 code [0x0000000002cad720, 0x0000000002cad8d0]
Event: 2.725 Thread 0x00000000174ae000 1466       3       org.objectweb.asm.ClassWriter::get (49 bytes)
Event: 2.726 Thread 0x00000000174ae000 nmethod 1466 0x0000000002cad950 code [0x0000000002cadae0, 0x0000000002cade68]
Event: 2.726 Thread 0x00000000174ae000 1467       3       org.objectweb.asm.Item::set (143 bytes)
Event: 2.726 Thread 0x00000000174ae000 nmethod 1467 0x0000000002cae010 code [0x0000000002cae1c0, 0x0000000002cae878]
Event: 2.735 Thread 0x00000000174ae000 1468       3       java.util.HashSet::remove (20 bytes)
Event: 2.735 Thread 0x00000000174ae000 nmethod 1468 0x0000000002caeb10 code [0x0000000002caec80, 0x0000000002caef08]
Event: 2.735 Thread 0x00000000174ae000 1470       3       org.gradle.internal.service.DefaultServiceRegistry$DefaultLookupContext::getServiceProvider (45 bytes)

GC Heap History (6 events):
Event: 0.739 GC heap before
{Heap before GC invocations=1 (full 0):
 PSYoungGen      total 37888K, used 32768K [0x00000000e0000000, 0x00000000e2a00000, 0x0000000100000000)
  eden space 32768K, 100% used [0x00000000e0000000,0x00000000e2000000,0x00000000e2000000)
  from space 5120K, 0% used [0x00000000e2500000,0x00000000e2500000,0x00000000e2a00000)
  to   space 5120K, 0% used [0x00000000e2000000,0x00000000e2000000,0x00000000e2500000)
 ParOldGen       total 86016K, used 0K [0x00000000a0000000, 0x00000000a5400000, 0x00000000e0000000)
  object space 86016K, 0% used [0x00000000a0000000,0x00000000a0000000,0x00000000a5400000)
 Metaspace       used 6959K, capacity 7194K, committed 7424K, reserved 1056768K
  class space    used 846K, capacity 911K, committed 1024K, reserved 1048576K
Event: 0.746 GC heap after
Heap after GC invocations=1 (full 0):
 PSYoungGen      total 37888K, used 4507K [0x00000000e0000000, 0x00000000e2a00000, 0x0000000100000000)
  eden space 32768K, 0% used [0x00000000e0000000,0x00000000e0000000,0x00000000e2000000)
  from space 5120K, 88% used [0x00000000e2000000,0x00000000e2466c70,0x00000000e2500000)
  to   space 5120K, 0% used [0x00000000e2500000,0x00000000e2500000,0x00000000e2a00000)
 ParOldGen       total 86016K, used 8K [0x00000000a0000000, 0x00000000a5400000, 0x00000000e0000000)
  object space 86016K, 0% used [0x00000000a0000000,0x00000000a0002000,0x00000000a5400000)
 Metaspace       used 6959K, capacity 7194K, committed 7424K, reserved 1056768K
  class space    used 846K, capacity 911K, committed 1024K, reserved 1048576K
}
Event: 2.128 GC heap before
{Heap before GC invocations=2 (full 0):
 PSYoungGen      total 37888K, used 37275K [0x00000000e0000000, 0x00000000e2a00000, 0x0000000100000000)
  eden space 32768K, 100% used [0x00000000e0000000,0x00000000e2000000,0x00000000e2000000)
  from space 5120K, 88% used [0x00000000e2000000,0x00000000e2466c70,0x00000000e2500000)
  to   space 5120K, 0% used [0x00000000e2500000,0x00000000e2500000,0x00000000e2a00000)
 ParOldGen       total 86016K, used 8K [0x00000000a0000000, 0x00000000a5400000, 0x00000000e0000000)
  object space 86016K, 0% used [0x00000000a0000000,0x00000000a0002000,0x00000000a5400000)
 Metaspace       used 10907K, capacity 11220K, committed 11264K, reserved 1058816K
  class space    used 1436K, capacity 1522K, committed 1536K, reserved 1048576K
Event: 2.134 GC heap after
Heap after GC invocations=2 (full 0):
 PSYoungGen      total 37888K, used 5092K [0x00000000e0000000, 0x00000000e2a00000, 0x0000000100000000)
  eden space 32768K, 0% used [0x00000000e0000000,0x00000000e0000000,0x00000000e2000000)
  from space 5120K, 99% used [0x00000000e2500000,0x00000000e29f9060,0x00000000e2a00000)
  to   space 5120K, 0% used [0x00000000e2000000,0x00000000e2000000,0x00000000e2500000)
 ParOldGen       total 86016K, used 456K [0x00000000a0000000, 0x00000000a5400000, 0x00000000e0000000)
  object space 86016K, 0% used [0x00000000a0000000,0x00000000a0072378,0x00000000a5400000)
 Metaspace       used 10907K, capacity 11220K, committed 11264K, reserved 1058816K
  class space    used 1436K, capacity 1522K, committed 1536K, reserved 1048576K
}
Event: 2.522 GC heap before
{Heap before GC invocations=3 (full 0):
 PSYoungGen      total 37888K, used 37860K [0x00000000e0000000, 0x00000000e2a00000, 0x0000000100000000)
  eden space 32768K, 100% used [0x00000000e0000000,0x00000000e2000000,0x00000000e2000000)
  from space 5120K, 99% used [0x00000000e2500000,0x00000000e29f9060,0x00000000e2a00000)
  to   space 5120K, 0% used [0x00000000e2000000,0x00000000e2000000,0x00000000e2500000)
 ParOldGen       total 86016K, used 456K [0x00000000a0000000, 0x00000000a5400000, 0x00000000e0000000)
  object space 86016K, 0% used [0x00000000a0000000,0x00000000a0072378,0x00000000a5400000)
 Metaspace       used 14322K, capacity 14722K, committed 14976K, reserved 1062912K
  class space    used 1991K, capacity 2127K, committed 2176K, reserved 1048576K
Event: 2.529 GC heap after
Heap after GC invocations=3 (full 0):
 PSYoungGen      total 37888K, used 5098K [0x00000000e0000000, 0x00000000e2a00000, 0x0000000100000000)
  eden space 32768K, 0% used [0x00000000e0000000,0x00000000e0000000,0x00000000e2000000)
  from space 5120K, 99% used [0x00000000e2000000,0x00000000e24fa818,0x00000000e2500000)
  to   space 5120K, 0% used [0x00000000e2500000,0x00000000e2500000,0x00000000e2a00000)
 ParOldGen       total 86016K, used 2573K [0x00000000a0000000, 0x00000000a5400000, 0x00000000e0000000)
  object space 86016K, 2% used [0x00000000a0000000,0x00000000a02835b0,0x00000000a5400000)
 Metaspace       used 14322K, capacity 14722K, committed 14976K, reserved 1062912K
  class space    used 1991K, capacity 2127K, committed 2176K, reserved 1048576K
}

Deoptimization events (10 events):
Event: 1.102 Thread 0x00000000021cd800 Uncommon trap: reason=bimorphic action=maybe_recompile pc=0x0000000002afac44 method=java.util.HashMap.putVal(ILjava/lang/Object;Ljava/lang/Object;ZZ)Ljava/lang/Object; @ 203
Event: 1.370 Thread 0x00000000021cd800 Uncommon trap: reason=unstable_if action=reinterpret pc=0x0000000002aa6e5c method=java.io.WinNTFileSystem.normalize(Ljava/lang/String;)Ljava/lang/String; @ 128
Event: 1.370 Thread 0x00000000021cd800 Uncommon trap: reason=unstable_if action=reinterpret pc=0x0000000002ae17a8 method=java.io.WinNTFileSystem.normalize(Ljava/lang/String;II)Ljava/lang/String; @ 90
Event: 2.167 Thread 0x0000000018e4b000 Uncommon trap: reason=unstable_if action=reinterpret pc=0x0000000002b5a260 method=java.util.concurrent.ConcurrentHashMap.putVal(Ljava/lang/Object;Ljava/lang/Object;Z)Ljava/lang/Object; @ 206
Event: 2.244 Thread 0x00000000190c7000 Uncommon trap: reason=bimorphic action=maybe_recompile pc=0x0000000002afa6d4 method=java.util.HashMap.putVal(ILjava/lang/Object;Ljava/lang/Object;ZZ)Ljava/lang/Object; @ 253
Event: 2.244 Thread 0x00000000190c7000 Uncommon trap: reason=bimorphic action=maybe_recompile pc=0x0000000002afa6d4 method=java.util.HashMap.putVal(ILjava/lang/Object;Ljava/lang/Object;ZZ)Ljava/lang/Object; @ 253
Event: 2.244 Thread 0x00000000190c7000 Uncommon trap: reason=bimorphic action=maybe_recompile pc=0x0000000002b01c30 method=java.util.HashMap.putVal(ILjava/lang/Object;Ljava/lang/Object;ZZ)Ljava/lang/Object; @ 253
Event: 2.257 Thread 0x00000000190c7000 Uncommon trap: reason=class_check action=maybe_recompile pc=0x0000000002a3891c method=java.util.regex.Matcher.match(II)Z @ 86
Event: 2.490 Thread 0x00000000190c7000 Uncommon trap: reason=class_check action=maybe_recompile pc=0x0000000002a3891c method=java.util.regex.Matcher.match(II)Z @ 86
Event: 2.553 Thread 0x00000000190c7000 Uncommon trap: reason=unstable_if action=reinterpret pc=0x0000000002c34134 method=java.lang.String.lastIndexOf([CII[CIII)I @ 66

Classes redefined (0 events):
No events

Internal exceptions (10 events):
Event: 2.179 Thread 0x0000000018e4b000 Exception <a 'java/lang/NoSuchMethodError': <clinit>> (0x00000000e01feb80) thrown at [D:\src\AOSP-openjdk-cygwin\jdk8u\hotspot\src\share\vm\prims\jni.cpp, line 1613]
Event: 2.181 Thread 0x0000000018e4b000 Exception <a 'java/lang/NoSuchMethodError': <clinit>> (0x00000000e0216698) thrown at [D:\src\AOSP-openjdk-cygwin\jdk8u\hotspot\src\share\vm\prims\jni.cpp, line 1613]
Event: 2.181 Thread 0x0000000018e4b000 Exception <a 'java/lang/NoSuchMethodError': <clinit>> (0x00000000e021f160) thrown at [D:\src\AOSP-openjdk-cygwin\jdk8u\hotspot\src\share\vm\prims\jni.cpp, line 1613]
Event: 2.183 Thread 0x0000000018e4b000 Exception <a 'java/lang/NoSuchMethodError': <clinit>> (0x00000000e0230818) thrown at [D:\src\AOSP-openjdk-cygwin\jdk8u\hotspot\src\share\vm\prims\jni.cpp, line 1613]
Event: 2.195 Thread 0x0000000018e4b000 Exception <a 'java/lang/NoSuchMethodError': <clinit>> (0x00000000e029e0a8) thrown at [D:\src\AOSP-openjdk-cygwin\jdk8u\hotspot\src\share\vm\prims\jni.cpp, line 1613]
Event: 2.199 Thread 0x0000000018e4b000 Exception <a 'java/lang/NoSuchMethodError': <clinit>> (0x00000000e02c19d8) thrown at [D:\src\AOSP-openjdk-cygwin\jdk8u\hotspot\src\share\vm\prims\jni.cpp, line 1613]
Event: 2.204 Thread 0x0000000018e4b000 Exception <a 'java/lang/NoSuchMethodError': <clinit>> (0x00000000e02dc998) thrown at [D:\src\AOSP-openjdk-cygwin\jdk8u\hotspot\src\share\vm\prims\jni.cpp, line 1613]
Event: 2.206 Thread 0x0000000018e4b000 Exception <a 'java/lang/NoSuchMethodError': <clinit>> (0x00000000e02ff820) thrown at [D:\src\AOSP-openjdk-cygwin\jdk8u\hotspot\src\share\vm\prims\jni.cpp, line 1613]
Event: 2.234 Thread 0x00000000190c7000 Exception <a 'java/lang/NoSuchMethodError': <clinit>> (0x00000000e0452068) thrown at [D:\src\AOSP-openjdk-cygwin\jdk8u\hotspot\src\share\vm\prims\jni.cpp, line 1613]
Event: 2.234 Thread 0x00000000190c7000 Exception <a 'java/lang/NoSuchMethodError': <clinit>> (0x00000000e045a2f0) thrown at [D:\src\AOSP-openjdk-cygwin\jdk8u\hotspot\src\share\vm\prims\jni.cpp, line 1613]

Events (10 events):
Event: 2.733 loading class org/gradle/plugin/use/resolve/internal/PluginResolutionResult
Event: 2.733 loading class org/gradle/plugin/use/resolve/internal/PluginResolutionResult done
Event: 2.733 loading class org/gradle/internal/exceptions/LocationAwareException
Event: 2.733 loading class org/gradle/internal/exceptions/LocationAwareException done
Event: 2.734 loading class org/gradle/internal/exceptions/FailureResolutionAware
Event: 2.734 loading class org/gradle/internal/exceptions/FailureResolutionAware done
Event: 2.734 loading class org/gradle/api/plugins/UnknownPluginException
Event: 2.734 loading class org/gradle/api/plugins/UnknownPluginException done
Event: 2.734 loading class org/gradle/plugin/use/internal/PluginDependencyResolutionServices$2
Event: 2.734 loading class org/gradle/plugin/use/internal/PluginDependencyResolutionServices$2 done


Dynamic libraries:
0x00007ff6abca0000 - 0x00007ff6abcd1000 	C:\Program Files\Android\Android Studio\jre\bin\java.exe
0x00007ffdc3300000 - 0x00007ffdc34e1000 	C:\WINDOWS\SYSTEM32\ntdll.dll
0x00007ffdc2a40000 - 0x00007ffdc2af2000 	C:\WINDOWS\System32\KERNEL32.DLL
0x00007ffdc00d0000 - 0x00007ffdc0343000 	C:\WINDOWS\System32\KERNELBASE.dll
0x00007ffdc3050000 - 0x00007ffdc30f1000 	C:\WINDOWS\System32\ADVAPI32.dll
0x00007ffdc2fb0000 - 0x00007ffdc304e000 	C:\WINDOWS\System32\msvcrt.dll
0x00007ffdc24a0000 - 0x00007ffdc24fb000 	C:\WINDOWS\System32\sechost.dll
0x00007ffdc2b60000 - 0x00007ffdc2c84000 	C:\WINDOWS\System32\RPCRT4.dll
0x00007ffdc2c90000 - 0x00007ffdc2e20000 	C:\WINDOWS\System32\USER32.dll
0x00007ffdc00b0000 - 0x00007ffdc00d0000 	C:\WINDOWS\System32\win32u.dll
0x00007ffdc07a0000 - 0x00007ffdc07c8000 	C:\WINDOWS\System32\GDI32.dll
0x00007ffdc05f0000 - 0x00007ffdc0782000 	C:\WINDOWS\System32\gdi32full.dll
0x00007ffdbf750000 - 0x00007ffdbf7ef000 	C:\WINDOWS\System32\msvcp_win.dll
0x00007ffdbffb0000 - 0x00007ffdc00aa000 	C:\WINDOWS\System32\ucrtbase.dll
0x00007ffdab170000 - 0x00007ffdab3d9000 	C:\WINDOWS\WinSxS\amd64_microsoft.windows.common-controls_6595b64144ccf1df_6.0.17134.472_none_fb3f9af53068156d\COMCTL32.dll
0x00007ffdc2510000 - 0x00007ffdc2832000 	C:\WINDOWS\System32\combase.dll
0x00007ffdbf6d0000 - 0x00007ffdbf74a000 	C:\WINDOWS\System32\bcryptPrimitives.dll
0x00007ffdc2f80000 - 0x00007ffdc2fad000 	C:\WINDOWS\System32\IMM32.DLL
0x00000000758e0000 - 0x00000000759b2000 	C:\Program Files\Android\Android Studio\jre\jre\bin\msvcr100.dll
0x0000000075070000 - 0x00000000758af000 	C:\Program Files\Android\Android Studio\jre\jre\bin\server\jvm.dll
0x00007ffdc0790000 - 0x00007ffdc0798000 	C:\WINDOWS\System32\PSAPI.DLL
0x00007ffdbd6e0000 - 0x00007ffdbd703000 	C:\WINDOWS\SYSTEM32\WINMM.dll
0x00007ffda6af0000 - 0x00007ffda6af9000 	C:\WINDOWS\SYSTEM32\WSOCK32.dll
0x00007ffdbe230000 - 0x00007ffdbe23a000 	C:\WINDOWS\SYSTEM32\VERSION.dll
0x00007ffdc2350000 - 0x00007ffdc23bc000 	C:\WINDOWS\System32\WS2_32.dll
0x00007ffdbd6b0000 - 0x00007ffdbd6da000 	C:\WINDOWS\SYSTEM32\WINMMBASE.dll
0x00007ffdc05a0000 - 0x00007ffdc05e9000 	C:\WINDOWS\System32\cfgmgr32.dll
0x00007ffdbe300000 - 0x00007ffdbe30f000 	C:\Program Files\Android\Android Studio\jre\jre\bin\verify.dll
0x00007ffdac850000 - 0x00007ffdac879000 	C:\Program Files\Android\Android Studio\jre\jre\bin\java.dll
0x00007ffda7230000 - 0x00007ffda7246000 	C:\Program Files\Android\Android Studio\jre\jre\bin\zip.dll
0x00007ffdc0940000 - 0x00007ffdc1d80000 	C:\WINDOWS\System32\SHELL32.dll
0x00007ffdc3100000 - 0x00007ffdc31a9000 	C:\WINDOWS\System32\shcore.dll
0x00007ffdbf8a0000 - 0x00007ffdbffad000 	C:\WINDOWS\System32\windows.storage.dll
0x00007ffdc29e0000 - 0x00007ffdc2a31000 	C:\WINDOWS\System32\shlwapi.dll
0x00007ffdbf670000 - 0x00007ffdbf681000 	C:\WINDOWS\System32\kernel.appcore.dll
0x00007ffdbf690000 - 0x00007ffdbf6af000 	C:\WINDOWS\System32\profapi.dll
0x00007ffdbf620000 - 0x00007ffdbf66c000 	C:\WINDOWS\System32\powrprof.dll
0x00007ffdbf610000 - 0x00007ffdbf61a000 	C:\WINDOWS\System32\FLTLIB.DLL
0x00007ffda6b30000 - 0x00007ffda6b4a000 	C:\Program Files\Android\Android Studio\jre\jre\bin\net.dll
0x00007ffdbee30000 - 0x00007ffdbee96000 	C:\WINDOWS\system32\mswsock.dll
0x00007ffda5490000 - 0x00007ffda54a1000 	C:\Program Files\Android\Android Studio\jre\jre\bin\nio.dll
0x00007ffda6bf0000 - 0x00007ffda6c0e000 	C:\Users\seohee\.gradle\native\25\windows-amd64\native-platform.dll
0x00007ffdbe200000 - 0x00007ffdbe20d000 	C:\Program Files\Android\Android Studio\jre\jre\bin\management.dll
0x00007ffdbefe0000 - 0x00007ffdbeff7000 	C:\WINDOWS\SYSTEM32\CRYPTSP.dll
0x00007ffdbea10000 - 0x00007ffdbea43000 	C:\WINDOWS\system32\rsaenh.dll
0x00007ffdbf110000 - 0x00007ffdbf135000 	C:\WINDOWS\SYSTEM32\bcrypt.dll
0x00007ffdbf510000 - 0x00007ffdbf538000 	C:\WINDOWS\SYSTEM32\USERENV.dll
0x00007ffdbf000000 - 0x00007ffdbf00b000 	C:\WINDOWS\SYSTEM32\CRYPTBASE.dll
0x00007ffdbebb0000 - 0x00007ffdbebe8000 	C:\WINDOWS\SYSTEM32\IPHLPAPI.DLL
0x00007ffdc31b0000 - 0x00007ffdc31b8000 	C:\WINDOWS\System32\NSI.dll
0x00007ffdb8980000 - 0x00007ffdb8996000 	C:\WINDOWS\SYSTEM32\dhcpcsvc6.DLL
0x00007ffdb61e0000 - 0x00007ffdb61fa000 	C:\WINDOWS\SYSTEM32\dhcpcsvc.DLL

VM Arguments:
jvm_args: -Xmx1536m -Dfile.encoding=x-windows-949 -Duser.country=KR -Duser.language=ko -Duser.variant 
java_command: org.gradle.launcher.daemon.bootstrap.GradleDaemon 4.4
java_class_path (initial): C:\Users\seohee\.gradle\wrapper\dists\gradle-4.4-all\9br9xq1tocpiv8o6njlyu5op1\gradle-4.4\lib\gradle-launcher-4.4.jar
Launcher Type: SUN_STANDARD

Environment Variables:
PATH=C:\Program Files (x86)\Common Files\Oracle\Java\javapath;C:\Program Files (x86)\Intel\iCLS Client\;C:\Program Files\Intel\iCLS Client\;C:\WINDOWS\system32;C:\WINDOWS;C:\WINDOWS\System32\Wbem;C:\WINDOWS\System32\WindowsPowerShell\v1.0\;C:\Program Files (x86)\Intel\Intel(R) Management Engine Components\DAL;C:\Program Files\Intel\Intel(R) Management Engine Components\DAL;C:\Program Files (x86)\Intel\Intel(R) Management Engine Components\IPT;C:\Program Files\Intel\Intel(R) Management Engine Components\IPT;C:\Program Files\Intel\WiFi\bin\;C:\Program Files\Common Files\Intel\WirelessCommon\;C:\Program Files\dotnet\;C:\jdk1.8\bin;C:\Program Files\MySQL\MySQL Server 8.0\bin;;C:\WINDOWS\System32\OpenSSH\;C:\Program Files\PuTTY\;C:\Users\seohee\AppData\Local\Microsoft\WindowsApps;;C:\Users\seohee\AppData\Local\Programs\Microsoft VS Code\bin
USERNAME=seohee
OS=Windows_NT
PROCESSOR_IDENTIFIER=Intel64 Family 6 Model 78 Stepping 3, GenuineIntel



---------------  S Y S T E M  ---------------

OS: Windows 10.0 , 64 bit Build 17134 (10.0.17134.1)

CPU:total 4 (initial active 4) (2 cores per cpu, 2 threads per core) family 6 model 78 stepping 3, cmov, cx8, fxsr, mmx, sse, sse2, sse3, ssse3, sse4.1, sse4.2, popcnt, avx, avx2, aes, clmul, erms, 3dnowpref, lzcnt, ht, tsc, tscinvbit, bmi1, bmi2, adx

Memory: 4k page, physical 8248924k(1650352k free), swap 33414748k(5344k free)

vm_info: OpenJDK 64-Bit Server VM (25.152-b02) for windows-amd64 JRE (1.8.0_152-release-1024-b02), built by "builder" with MS VC++ 10.0 (VS2010)

time: Tue Jan 08 17:32:30 2019
elapsed time: 2 seconds (0d 0h 0m 2s)

